{"numFailedTestSuites":1,"numFailedTests":6,"numPassedTestSuites":0,"numPassedTests":13,"numPendingTestSuites":0,"numPendingTests":0,"numRuntimeErrorTestSuites":0,"numTodoTests":0,"numTotalTestSuites":1,"numTotalTests":19,"openHandles":[],"snapshot":{"added":0,"didUpdate":false,"failure":false,"filesAdded":0,"filesRemoved":0,"filesRemovedList":[],"filesUnmatched":0,"filesUpdated":0,"matched":0,"total":0,"unchecked":0,"uncheckedKeysByFile":[],"unmatched":0,"updated":0},"startTime":1755720344335,"success":false,"testResults":[{"assertionResults":[{"ancestorTitles":["Theme System Tests","ThemeProvider"],"duration":19,"failing":false,"failureDetails":[],"failureMessages":[],"fullName":"Theme System Tests ThemeProvider should provide default theme","invocations":1,"location":null,"numPassingAsserts":1,"retryReasons":[],"startAt":1755720344982,"status":"passed","title":"should provide default theme"},{"ancestorTitles":["Theme System Tests","ThemeProvider"],"duration":5,"failing":false,"failureDetails":[{"name":"TestingLibraryElementError"}],"failureMessages":["TestingLibraryElementError: Unable to find an element with the text: Modern Purple. This could be because the text is broken up by multiple elements. In this case, you can provide a function for your text matcher to make your matcher more flexible.\n\nIgnored nodes: comments, script, style\n\u001b[36m<body\u001b[39m\n  \u001b[33mclass\u001b[39m=\u001b[32m\"theme-standard\"\u001b[39m\n\u001b[36m>\u001b[39m\n  \u001b[36m<div>\u001b[39m\n    \u001b[36m<div>\u001b[39m\n      \u001b[0mStandard\u001b[0m\n    \u001b[36m</div>\u001b[39m\n  \u001b[36m</div>\u001b[39m\n\u001b[36m</body>\u001b[39m\n    at Object.getElementError (/Users/hs/Project/agendaiq/node_modules/@testing-library/dom/dist/config.js:37:19)\n    at /Users/hs/Project/agendaiq/node_modules/@testing-library/dom/dist/query-helpers.js:76:38\n    at /Users/hs/Project/agendaiq/node_modules/@testing-library/dom/dist/query-helpers.js:52:17\n    at /Users/hs/Project/agendaiq/node_modules/@testing-library/dom/dist/query-helpers.js:95:19\n    at Object.getByText (/Users/hs/Project/agendaiq/src/__tests__/unit/theme/theme-system.test.tsx:94:21)\n    at Promise.finally.completed (/Users/hs/Project/agendaiq/node_modules/jest-circus/build/jestAdapterInit.js:1559:28)\n    at new Promise (<anonymous>)\n    at callAsyncCircusFn (/Users/hs/Project/agendaiq/node_modules/jest-circus/build/jestAdapterInit.js:1499:10)\n    at _callCircusTest (/Users/hs/Project/agendaiq/node_modules/jest-circus/build/jestAdapterInit.js:1009:40)\n    at processTicksAndRejections (node:internal/process/task_queues:105:5)\n    at _runTest (/Users/hs/Project/agendaiq/node_modules/jest-circus/build/jestAdapterInit.js:949:3)\n    at _runTestsForDescribeBlock (/Users/hs/Project/agendaiq/node_modules/jest-circus/build/jestAdapterInit.js:839:13)\n    at _runTestsForDescribeBlock (/Users/hs/Project/agendaiq/node_modules/jest-circus/build/jestAdapterInit.js:829:11)\n    at _runTestsForDescribeBlock (/Users/hs/Project/agendaiq/node_modules/jest-circus/build/jestAdapterInit.js:829:11)\n    at run (/Users/hs/Project/agendaiq/node_modules/jest-circus/build/jestAdapterInit.js:757:3)\n    at runAndTransformResultsToJestFormat (/Users/hs/Project/agendaiq/node_modules/jest-circus/build/jestAdapterInit.js:1920:21)\n    at jestAdapter (/Users/hs/Project/agendaiq/node_modules/jest-circus/build/runner.js:101:19)\n    at runTestInternal (/Users/hs/Project/agendaiq/node_modules/jest-runner/build/index.js:275:16)\n    at runTest (/Users/hs/Project/agendaiq/node_modules/jest-runner/build/index.js:343:7)"],"fullName":"Theme System Tests ThemeProvider should accept initial theme","invocations":1,"location":null,"numPassingAsserts":0,"retryReasons":[],"startAt":1755720345001,"status":"failed","title":"should accept initial theme"},{"ancestorTitles":["Theme System Tests","ThemeProvider"],"duration":34,"failing":false,"failureDetails":[],"failureMessages":[],"fullName":"Theme System Tests ThemeProvider should persist theme to localStorage","invocations":1,"location":null,"numPassingAsserts":1,"retryReasons":[],"startAt":1755720345011,"status":"passed","title":"should persist theme to localStorage"},{"ancestorTitles":["Theme System Tests","ThemeProvider"],"duration":3,"failing":false,"failureDetails":[{"name":"TestingLibraryElementError"}],"failureMessages":["TestingLibraryElementError: Unable to find an element with the text: Nature Green. This could be because the text is broken up by multiple elements. In this case, you can provide a function for your text matcher to make your matcher more flexible.\n\nIgnored nodes: comments, script, style\n\u001b[36m<body\u001b[39m\n  \u001b[33mclass\u001b[39m=\u001b[32m\"theme-dark-mode\"\u001b[39m\n\u001b[36m>\u001b[39m\n  \u001b[36m<div>\u001b[39m\n    \u001b[36m<div>\u001b[39m\n      \u001b[0mDark Mode\u001b[0m\n    \u001b[36m</div>\u001b[39m\n  \u001b[36m</div>\u001b[39m\n\u001b[36m</body>\u001b[39m\n    at Object.getElementError (/Users/hs/Project/agendaiq/node_modules/@testing-library/dom/dist/config.js:37:19)\n    at /Users/hs/Project/agendaiq/node_modules/@testing-library/dom/dist/query-helpers.js:76:38\n    at /Users/hs/Project/agendaiq/node_modules/@testing-library/dom/dist/query-helpers.js:52:17\n    at /Users/hs/Project/agendaiq/node_modules/@testing-library/dom/dist/query-helpers.js:95:19\n    at Object.getByText (/Users/hs/Project/agendaiq/src/__tests__/unit/theme/theme-system.test.tsx:135:21)\n    at Promise.finally.completed (/Users/hs/Project/agendaiq/node_modules/jest-circus/build/jestAdapterInit.js:1559:28)\n    at new Promise (<anonymous>)\n    at callAsyncCircusFn (/Users/hs/Project/agendaiq/node_modules/jest-circus/build/jestAdapterInit.js:1499:10)\n    at _callCircusTest (/Users/hs/Project/agendaiq/node_modules/jest-circus/build/jestAdapterInit.js:1009:40)\n    at processTicksAndRejections (node:internal/process/task_queues:105:5)\n    at _runTest (/Users/hs/Project/agendaiq/node_modules/jest-circus/build/jestAdapterInit.js:949:3)\n    at _runTestsForDescribeBlock (/Users/hs/Project/agendaiq/node_modules/jest-circus/build/jestAdapterInit.js:839:13)\n    at _runTestsForDescribeBlock (/Users/hs/Project/agendaiq/node_modules/jest-circus/build/jestAdapterInit.js:829:11)\n    at _runTestsForDescribeBlock (/Users/hs/Project/agendaiq/node_modules/jest-circus/build/jestAdapterInit.js:829:11)\n    at run (/Users/hs/Project/agendaiq/node_modules/jest-circus/build/jestAdapterInit.js:757:3)\n    at runAndTransformResultsToJestFormat (/Users/hs/Project/agendaiq/node_modules/jest-circus/build/jestAdapterInit.js:1920:21)\n    at jestAdapter (/Users/hs/Project/agendaiq/node_modules/jest-circus/build/runner.js:101:19)\n    at runTestInternal (/Users/hs/Project/agendaiq/node_modules/jest-runner/build/index.js:275:16)\n    at runTest (/Users/hs/Project/agendaiq/node_modules/jest-runner/build/index.js:343:7)"],"fullName":"Theme System Tests ThemeProvider should load theme from localStorage","invocations":1,"location":null,"numPassingAsserts":0,"retryReasons":[],"startAt":1755720345045,"status":"failed","title":"should load theme from localStorage"},{"ancestorTitles":["Theme System Tests","ThemeProvider"],"duration":4,"failing":false,"failureDetails":[],"failureMessages":[],"fullName":"Theme System Tests ThemeProvider should apply CSS variables to document","invocations":1,"location":null,"numPassingAsserts":0,"retryReasons":[],"startAt":1755720345048,"status":"passed","title":"should apply CSS variables to document"},{"ancestorTitles":["Theme System Tests","ThemeSelector"],"duration":27,"failing":false,"failureDetails":[],"failureMessages":[],"fullName":"Theme System Tests ThemeSelector should render all available themes","invocations":1,"location":null,"numPassingAsserts":11,"retryReasons":[],"startAt":1755720345052,"status":"passed","title":"should render all available themes"},{"ancestorTitles":["Theme System Tests","ThemeSelector"],"duration":28,"failing":false,"failureDetails":[{"matcherResult":{"pass":false,"message":"expect(element).toHaveClass(\"ring-2\")\n\nExpected the element to have class:\n  ring-2\nReceived:\n  relative overflow-hidden rounded-lg border-2 p-4 text-left transition-all bg-card border border-border hover:border-primary hover:scale-105 cursor-pointer block"}}],"failureMessages":["Error: expect(element).toHaveClass(\"ring-2\")\n\nExpected the element to have class:\n  ring-2\nReceived:\n  relative overflow-hidden rounded-lg border-2 p-4 text-left transition-all bg-card border border-border hover:border-primary hover:scale-105 cursor-pointer block\n    at Object.toHaveClass (/Users/hs/Project/agendaiq/src/__tests__/unit/theme/theme-system.test.tsx:181:28)\n    at Promise.finally.completed (/Users/hs/Project/agendaiq/node_modules/jest-circus/build/jestAdapterInit.js:1559:28)\n    at new Promise (<anonymous>)\n    at callAsyncCircusFn (/Users/hs/Project/agendaiq/node_modules/jest-circus/build/jestAdapterInit.js:1499:10)\n    at _callCircusTest (/Users/hs/Project/agendaiq/node_modules/jest-circus/build/jestAdapterInit.js:1009:40)\n    at processTicksAndRejections (node:internal/process/task_queues:105:5)\n    at _runTest (/Users/hs/Project/agendaiq/node_modules/jest-circus/build/jestAdapterInit.js:949:3)\n    at _runTestsForDescribeBlock (/Users/hs/Project/agendaiq/node_modules/jest-circus/build/jestAdapterInit.js:839:13)\n    at _runTestsForDescribeBlock (/Users/hs/Project/agendaiq/node_modules/jest-circus/build/jestAdapterInit.js:829:11)\n    at _runTestsForDescribeBlock (/Users/hs/Project/agendaiq/node_modules/jest-circus/build/jestAdapterInit.js:829:11)\n    at run (/Users/hs/Project/agendaiq/node_modules/jest-circus/build/jestAdapterInit.js:757:3)\n    at runAndTransformResultsToJestFormat (/Users/hs/Project/agendaiq/node_modules/jest-circus/build/jestAdapterInit.js:1920:21)\n    at jestAdapter (/Users/hs/Project/agendaiq/node_modules/jest-circus/build/runner.js:101:19)\n    at runTestInternal (/Users/hs/Project/agendaiq/node_modules/jest-runner/build/index.js:275:16)\n    at runTest (/Users/hs/Project/agendaiq/node_modules/jest-runner/build/index.js:343:7)"],"fullName":"Theme System Tests ThemeSelector should highlight current theme","invocations":1,"location":null,"numPassingAsserts":0,"retryReasons":[],"startAt":1755720345080,"status":"failed","title":"should highlight current theme"},{"ancestorTitles":["Theme System Tests","ThemeSelector"],"duration":12,"failing":false,"failureDetails":[{"name":"TestingLibraryElementError"}],"failureMessages":["TestingLibraryElementError: Found multiple elements with the text: Modern Purple\n\nHere are the matching elements:\n\nIgnored nodes: comments, script, style\n\u001b[36m<h3\u001b[39m\n  \u001b[33mclass\u001b[39m=\u001b[32m\"font-semibold text-foreground flex items-center gap-2\"\u001b[39m\n\u001b[36m>\u001b[39m\n  \u001b[0mModern Purple\u001b[0m\n  \u001b[36m<svg\u001b[39m\n    \u001b[33mclass\u001b[39m=\u001b[32m\"h-4 w-4 text-green-600\"\u001b[39m\n  \u001b[36m/>\u001b[39m\n\u001b[36m</h3>\u001b[39m\n\nIgnored nodes: comments, script, style\n\u001b[36m<div\u001b[39m\n  \u001b[33mdata-testid\u001b[39m=\u001b[32m\"current-theme\"\u001b[39m\n\u001b[36m>\u001b[39m\n  \u001b[0mModern Purple\u001b[0m\n\u001b[36m</div>\u001b[39m\n\n(If this is intentional, then use the `*AllBy*` variant of the query (like `queryAllByText`, `getAllByText`, or `findAllByText`)).\n\nIgnored nodes: comments, script, style\n\u001b[36m<body\u001b[39m\n  \u001b[33mclass\u001b[39m=\u001b[32m\"theme-modern-purple\"\u001b[39m\n\u001b[36m>\u001b[39m\n  \u001b[36m<div>\u001b[39m\n    \u001b[36m<div\u001b[39m\n      \u001b[33mclass\u001b[39m=\u001b[32m\"w-full \"\u001b[39m\n    \u001b[36m>\u001b[39m\n      \u001b[36m<p\u001b[39m\n        \u001b[33mclass\u001b[39m=\u001b[32m\"text-muted-foreground mb-6\"\u001b[39m\n      \u001b[36m>\u001b[39m\n        \u001b[0mChoose a theme that suits your preference. Changes are applied immediately and saved automatically.\u001b[0m\n      \u001b[36m</p>\u001b[39m\n      \u001b[36m<div\u001b[39m\n        \u001b[33maria-label\u001b[39m=\u001b[32m\"Theme selection\"\u001b[39m\n        \u001b[33mclass\u001b[39m=\u001b[32m\"grid grid-cols-1 md:grid-cols-2 lg:grid-cols-3 gap-4 \"\u001b[39m\n        \u001b[33mrole\u001b[39m=\u001b[32m\"group\"\u001b[39m\n      \u001b[36m>\u001b[39m\n        \u001b[36m<button\u001b[39m\n          \u001b[33mclass\u001b[39m=\u001b[32m\"\n          relative overflow-hidden rounded-lg border-2 p-4 text-left transition-all\n          bg-card border border-border hover:border-primary\n          \n          hover:scale-105 cursor-pointer\n          block\n        \"\u001b[39m\n        \u001b[36m>\u001b[39m\n          \u001b[36m<div\u001b[39m\n            \u001b[33mclass\u001b[39m=\u001b[32m\"\"\u001b[39m\n          \u001b[36m>\u001b[39m\n            \u001b[36m<svg\u001b[39m\n              \u001b[33mclass\u001b[39m=\u001b[32m\"h-6 w-6 text-primary\"\u001b[39m\n            \u001b[36m/>\u001b[39m\n            \u001b[36m<div\u001b[39m\n              \u001b[33mclass\u001b[39m=\u001b[32m\"mt-3\"\u001b[39m\n            \u001b[36m>\u001b[39m\n              \u001b[36m<h3\u001b[39m\n                \u001b[33mclass\u001b[39m=\u001b[32m\"font-semibold text-foreground flex items-center gap-2\"\u001b[39m\n              \u001b[36m>\u001b[39m\n                \u001b[0mStandard\u001b[0m\n              \u001b[36m</h3>\u001b[39m\n              \u001b[36m<p\u001b[39m\n                \u001b[33mclass\u001b[39m=\u001b[32m\"mt-1 text-sm text-muted-foreground\"\u001b[39m\n              \u001b[36m>\u001b[39m\n                \u001b[0mOriginal standard theme from before the theme system\u001b[0m\n              \u001b[36m</p>\u001b[39m\n            \u001b[36m</div>\u001b[39m\n          \u001b[36m</div>\u001b[39m\n          \u001b[36m<div\u001b[39m\n            \u001b[33mclass\u001b[39m=\u001b[32m\"mt-4 space-y-2\"\u001b[39m\n          \u001b[36m>\u001b[39m\n            \u001b[36m<div\u001b[39m\n              \u001b[33mclass\u001b[39m=\u001b[32m\"flex gap-2\"\u001b[39m\n            \u001b[36m>\u001b[39m\n              \u001b[36m<div\u001b[39m\n                \u001b[33mclass\u001b[39m=\u001b[32m\"h-2 w-16 rounded\"\u001b[39m\n                \u001b[33mstyle\u001b[39m=\u001b[32m\"background: hsl(var(--muted));\"\u001b[39m\n              \u001b[36m/>\u001b[39m\n              \u001b[36m<div\u001b[39m\n                \u001b[33mclass\u001b[39m=\u001b[32m\"h-2 w-12 rounded\"\u001b[39m\n                \u001b[33mstyle\u001b[39m=\u001b[32m\"background: hsl(var(--muted-foreground));\"\u001b[39m\n              \u001b[36m/>\u001b[39m\n            \u001b[36m</div>\u001b[39m\n            \u001b[36m<div\u001b[39m\n              \u001b[33mclass\u001b[39m=\u001b[32m\"flex gap-2\"\u001b[39m\n            \u001b[36m>\u001b[39m\n              \u001b[36m<div\u001b[39m\n                \u001b[33mclass\u001b[39m=\u001b[32m\"h-2 w-20 rounded\"\u001b[39m\n                \u001b[33mstyle\u001b[39m=\u001b[32m\"background: hsl(var(--primary));\"\u001b[39m\n              \u001b[36m/>\u001b[39m\n              \u001b[36m<div\u001b[39m\n                \u001b[33mclass\u001b[39m=\u001b[32m\"h-2 w-8 rounded\"\u001b[39m\n                \u001b[33mstyle\u001b[39m=\u001b[32m\"background: hsl(var(--secondary));\"\u001b[39m\n              \u001b[36m/>\u001b[39m\n            \u001b[36m</div>\u001b[39m\n          \u001b[36m</div>\u001b[39m\n        \u001b[36m</button>\u001b[39m\n        \u001b[36m<button\u001b[39m\n          \u001b[33mclass\u001b[39m=\u001b[32m\"\n          relative overflow-hidden rounded-lg border-2 p-4 text-left transition-all\n          bg-card border border-border hover:border-primary\n          \n          hover:scale-105 cursor-pointer\n          block\n        \"\u001b[39m\n        \u001b[36m>\u001b[39m\n          \u001b[36m<div\u001b[39m\n            \u001b[33mclass\u001b[39m=\u001b[32m\"\"\u001b[39m\n          \u001b[36m>\u001b[39m\n            \u001b[36m<svg\u001b[39m\n              \u001b[33mclass\u001b[39m=\u001b[32m\"h-6 w-6 text-primary\"\u001b[39m\n            \u001b[36m/>\u001b[39m\n            \u001b[36m<div\u001b[39m\n              \u001b[33mclass\u001b[39m=\u001b[32m\"mt-3\"\u001b[39m\n            \u001b[36m>\u001b[39m\n              \u001b[36m<h3\u001b[39m\n                \u001b[33mclass\u001b[39m=\u001b[32m\"font-semibold text-foreground flex items-center gap-2\"\u001b[39m\n              \u001b[36m>\u001b[39m\n                \u001b[0mClassic Light\u001b[0m\n              \u001b[36m</h3>\u001b[39m\n              \u001b[36m<p\u001b[39m\n                \u001b[33mclass\u001b[39m=\u001b[32m\"mt-1 text-sm text-muted-foreground\"\u001b[39m\n              \u001b[36m>\u001b[39m\n                \u001b[0mClean and professional light theme\u001b[0m\n              \u001b[36m</p>\u001b[39m\n            \u001b[36m</div>\u001b[39m\n          \u001b[36m</div>\u001b[39m\n          \u001b[36m<div\u001b[39m\n            \u001b[33mclass\u001b[39m=\u001b[32m\"mt-4 space-y-2\"\u001b[39m\n          \u001b[36m>\u001b[39m\n            \u001b[36m<div\u001b[39m\n              \u001b[33mclass\u001b[39m=\u001b[32m\"flex gap-2\"\u001b[39m\n            \u001b[36m>\u001b[39m\n              \u001b[36m<div\u001b[39m\n                \u001b[33mclass\u001b[39m=\u001b[32m\"h-2 w-16 rounded\"\u001b[39m\n                \u001b[33mstyle\u001b[39m=\u001b[32m\"background: hsl(var(--muted));\"\u001b[39m\n              \u001b[36m/>\u001b[39m\n              \u001b[36m<div\u001b[39m\n                \u001b[33mclass\u001b[39m=\u001b[32m\"h-2 w-12 rounded\"\u001b[39m\n                \u001b[33mstyle\u001b[39m=\u001b[32m\"background: hsl(var(--muted-foreground));\"\u001b[39m\n              \u001b[36m/>\u001b[39m\n            \u001b[36m</div>\u001b[39m\n            \u001b[36m<div\u001b[39m\n              \u001b[33mclass\u001b[39m=\u001b[32m\"flex gap-2\"\u001b[39m\n            \u001b[36m>\u001b[39m\n              \u001b[36m<div\u001b[39m\n                \u001b[33mclass\u001b[39m=\u001b[32m\"h-2 w-20 rounded\"\u001b[39m\n                \u001b[33mstyle\u001b[39m=\u001b[32m\"background: hsl(var(--primary));\"\u001b[39m\n              \u001b[36m/>\u001b[39m\n              \u001b[36m<div\u001b[39m\n                \u001b[33mclass\u001b[39m=\u001b[32m\"h-2 w-8 rounded\"\u001b[39m\n                \u001b[33mstyle\u001b[39m=\u001b[32m\"background: hsl(var(--secondary));\"\u001b[39m\n              \u001b[36m/>\u001b[39m\n            \u001b[36m</div>\u001b[39m\n          \u001b[36m</div>\u001b[39m\n        \u001b[36m</button>\u001b[39m\n        \u001b[36m<button\u001b[39m\n          \u001b[33mclass\u001b[39m=\u001b[32m\"\n          relative overflow-hidden rounded-lg border-2 p-4 text-left transition-all\n          bg-card border border-border hover:border-primary\n          \n          hover:scale-105 cursor-pointer\n          block\n        \"\u001b[39m\n        \u001b[36m>\u001b[39m\n          \u001b[36m<div\u001b[39m\n            \u001b[33mclass\u001b[39m=\u001b[32m\"\"\u001b[39m\n          \u001b[36m>\u001b[39m\n            \u001b[36m<svg\u001b[39m\n              \u001b[33mclass\u001b[39m=\u001b[32m\"h-6 w-6 text-primary\"\u001b[39m\n            \u001b[36m/>\u001b[39m\n            \u001b[36m<div\u001b[39m\n              \u001b[33mclass\u001b[39m=\u001b[32m\"mt-3\"\u001b[39m\n            \u001b[36m>\u001b[39m\n              \u001b[36m<h3\u001b[39m\n                \u001b[33mclass\u001b[39m=\u001b[32m\"font-semibold text-foreground flex items-center gap-2\"\u001b[39m\n              \u001b[36m>\u001b[39m\n                \u001b[0mClassic Dark\u001b[0m\n              \u001b[36m</h3>\u001b[39m\n              \u001b[36m<p\u001b[39m\n                \u001b[33mclass\u001b[39m=\u001b[32m\"mt-1 text-sm text-muted-foreground\"\u001b[39m\n              \u001b[36m>\u001b[39m\n                \u001b[0mEasy on the eyes dark theme\u001b[0m\n              \u001b[36m</p>\u001b[39m\n            \u001b[36m</div>\u001b[39m\n          \u001b[36m</div>\u001b[39m\n          \u001b[36m<div\u001b[39m\n            \u001b[33mclass\u001b[39m=\u001b[32m\"mt-4 space-y-2\"\u001b[39m\n          \u001b[36m>\u001b[39m\n            \u001b[36m<div\u001b[39m\n              \u001b[33mclass\u001b[39m=\u001b[32m\"flex gap-2\"\u001b[39m\n            \u001b[36m>\u001b[39m\n              \u001b[36m<div\u001b[39m\n                \u001b[33mclass\u001b[39m=\u001b[32m\"h-2 w-16 rounded\"\u001b[39m\n                \u001b[33mstyle\u001b[39m=\u001b[32m\"background: hsl(var(--muted));\"\u001b[39m\n              \u001b[36m/>\u001b[39m\n              \u001b[36m<div\u001b[39m\n                \u001b[33mclass\u001b[39m=\u001b[32m\"h-2 w-12 rounded\"\u001b[39m\n                \u001b[33mstyle\u001b[39m=\u001b[32m\"background: hsl(var(--muted-foreground));\"\u001b[39m\n              \u001b[36m/>\u001b[39m\n            \u001b[36m</div>\u001b[39m\n     ...\n    at Object.getElementError (/Users/hs/Project/agendaiq/node_modules/@testing-library/dom/dist/config.js:37:19)\n    at getElementError (/Users/hs/Project/agendaiq/node_modules/@testing-library/dom/dist/query-helpers.js:20:35)\n    at getMultipleElementsFoundError (/Users/hs/Project/agendaiq/node_modules/@testing-library/dom/dist/query-helpers.js:23:10)\n    at /Users/hs/Project/agendaiq/node_modules/@testing-library/dom/dist/query-helpers.js:55:13\n    at /Users/hs/Project/agendaiq/node_modules/@testing-library/dom/dist/query-helpers.js:95:19\n    at Object.getByText (/Users/hs/Project/agendaiq/src/__tests__/unit/theme/theme-system.test.tsx:201:30)\n    at Promise.finally.completed (/Users/hs/Project/agendaiq/node_modules/jest-circus/build/jestAdapterInit.js:1559:28)\n    at new Promise (<anonymous>)\n    at callAsyncCircusFn (/Users/hs/Project/agendaiq/node_modules/jest-circus/build/jestAdapterInit.js:1499:10)\n    at _callCircusTest (/Users/hs/Project/agendaiq/node_modules/jest-circus/build/jestAdapterInit.js:1009:40)\n    at processTicksAndRejections (node:internal/process/task_queues:105:5)\n    at _runTest (/Users/hs/Project/agendaiq/node_modules/jest-circus/build/jestAdapterInit.js:949:3)\n    at _runTestsForDescribeBlock (/Users/hs/Project/agendaiq/node_modules/jest-circus/build/jestAdapterInit.js:839:13)\n    at _runTestsForDescribeBlock (/Users/hs/Project/agendaiq/node_modules/jest-circus/build/jestAdapterInit.js:829:11)\n    at _runTestsForDescribeBlock (/Users/hs/Project/agendaiq/node_modules/jest-circus/build/jestAdapterInit.js:829:11)\n    at run (/Users/hs/Project/agendaiq/node_modules/jest-circus/build/jestAdapterInit.js:757:3)\n    at runAndTransformResultsToJestFormat (/Users/hs/Project/agendaiq/node_modules/jest-circus/build/jestAdapterInit.js:1920:21)\n    at jestAdapter (/Users/hs/Project/agendaiq/node_modules/jest-circus/build/runner.js:101:19)\n    at runTestInternal (/Users/hs/Project/agendaiq/node_modules/jest-runner/build/index.js:275:16)\n    at runTest (/Users/hs/Project/agendaiq/node_modules/jest-runner/build/index.js:343:7)"],"fullName":"Theme System Tests ThemeSelector should change theme on selection","invocations":1,"location":null,"numPassingAsserts":0,"retryReasons":[],"startAt":1755720345108,"status":"failed","title":"should change theme on selection"},{"ancestorTitles":["Theme System Tests","ThemeSelector"],"duration":34,"failing":false,"failureDetails":[],"failureMessages":[],"fullName":"Theme System Tests ThemeSelector should render in different variants","invocations":1,"location":null,"numPassingAsserts":3,"retryReasons":[],"startAt":1755720345121,"status":"passed","title":"should render in different variants"},{"ancestorTitles":["Theme System Tests","ThemeSelector"],"duration":14,"failing":false,"failureDetails":[],"failureMessages":[],"fullName":"Theme System Tests ThemeSelector should show descriptions when enabled","invocations":1,"location":null,"numPassingAsserts":11,"retryReasons":[],"startAt":1755720345155,"status":"passed","title":"should show descriptions when enabled"},{"ancestorTitles":["Theme System Tests","Theme Utils"],"duration":1,"failing":false,"failureDetails":[],"failureMessages":[],"fullName":"Theme System Tests Theme Utils should generate CSS variables correctly","invocations":1,"location":null,"numPassingAsserts":4,"retryReasons":[],"startAt":1755720345170,"status":"passed","title":"should generate CSS variables correctly"},{"ancestorTitles":["Theme System Tests","Theme Utils"],"duration":0,"failing":false,"failureDetails":[],"failureMessages":[],"fullName":"Theme System Tests Theme Utils should detect dark themes correctly","invocations":1,"location":null,"numPassingAsserts":2,"retryReasons":[],"startAt":1755720345171,"status":"passed","title":"should detect dark themes correctly"},{"ancestorTitles":["Theme System Tests","Theme Utils"],"duration":0,"failing":false,"failureDetails":[],"failureMessages":[],"fullName":"Theme System Tests Theme Utils should detect system theme preference","invocations":1,"location":null,"numPassingAsserts":2,"retryReasons":[],"startAt":1755720345171,"status":"passed","title":"should detect system theme preference"},{"ancestorTitles":["Theme System Tests","Theme Persistence"],"duration":1003,"failing":false,"failureDetails":[{"matcherResult":{"message":"expect(jest.fn()).toHaveBeenCalledWith(...expected)\n\nExpected: \"agendaiq-theme\", \"nature-green\"\n\nNumber of calls: 0","pass":false}},{"matcherResult":{"message":"expect(received).toBeTruthy()\n\nReceived: \"\"","pass":false}},{"matcherResult":{"message":"expect(received).toBeTruthy()\n\nReceived: \"\"","pass":false}},{"matcherResult":{"message":"expect(received).toBeTruthy()\n\nReceived: \"\"","pass":false}}],"failureMessages":["Error: expect(jest.fn()).toHaveBeenCalledWith(...expected)\n\nExpected: \"agendaiq-theme\", \"nature-green\"\n\nNumber of calls: 0\n\nIgnored nodes: comments, script, style\n\u001b[36m<html\u001b[39m\n  \u001b[33mclass\u001b[39m=\u001b[32m\"dark\"\u001b[39m\n  \u001b[33mstyle\u001b[39m=\u001b[32m\"--background: 238 38% 16%; --foreground: 0 0% 100%; --card: 238 31% 21%; --card-foreground: 0 0% 100%; --popover: 238 31% 21%; --popover-foreground: 0 0% 100%; --primary: 271 91% 65%; --primary-foreground: 0 0% 100%; --secondary: 330 81% 60%; --secondary-foreground: 0 0% 100%; --muted: 238 31% 21%; --muted-foreground: 215 20% 65%; --accent: 329 86% 70%; --accent-foreground: 0 0% 100%; --destructive: 0 84% 60%; --destructive-foreground: 0 0% 100%; --border: 237 24% 30%; --input: 237 24% 30%; --ring: 271 91% 65%; --radius: 0.5rem;\"\u001b[39m\n\u001b[36m>\u001b[39m\n  \u001b[36m<head />\u001b[39m\n  \u001b[36m<body\u001b[39m\n    \u001b[33mclass\u001b[39m=\u001b[32m\"theme-modern-purple\"\u001b[39m\n  \u001b[36m>\u001b[39m\n    \u001b[36m<div>\u001b[39m\n      \u001b[36m<div />\u001b[39m\n    \u001b[36m</div>\u001b[39m\n  \u001b[36m</body>\u001b[39m\n\u001b[36m</html>\u001b[39m\n    at toHaveBeenCalledWith (/Users/hs/Project/agendaiq/src/__tests__/unit/theme/theme-system.test.tsx:307:42)\n    at runWithExpensiveErrorDiagnosticsDisabled (/Users/hs/Project/agendaiq/node_modules/@testing-library/dom/dist/config.js:47:12)\n    at checkCallback (/Users/hs/Project/agendaiq/node_modules/@testing-library/dom/dist/wait-for.js:124:77)\n    at checkRealTimersCallback (/Users/hs/Project/agendaiq/node_modules/@testing-library/dom/dist/wait-for.js:118:16)\n    at Timeout.task [as _onTimeout] (/Users/hs/Project/agendaiq/node_modules/jsdom/lib/jsdom/browser/Window.js:579:19)\n    at listOnTimeout (node:internal/timers:608:17)\n    at processTimers (node:internal/timers:543:7)","Error: expect(received).toBeTruthy()\n\nReceived: \"\"\n\nIgnored nodes: comments, script, style\n\u001b[36m<html\u001b[39m\n  \u001b[33mclass\u001b[39m=\u001b[32m\"dark\"\u001b[39m\n  \u001b[33mstyle\u001b[39m=\u001b[32m\"--background: 238 38% 16%; --foreground: 0 0% 100%; --card: 238 31% 21%; --card-foreground: 0 0% 100%; --popover: 238 31% 21%; --popover-foreground: 0 0% 100%; --primary: 271 91% 65%; --primary-foreground: 0 0% 100%; --secondary: 330 81% 60%; --secondary-foreground: 0 0% 100%; --muted: 238 31% 21%; --muted-foreground: 215 20% 65%; --accent: 329 86% 70%; --accent-foreground: 0 0% 100%; --destructive: 0 84% 60%; --destructive-foreground: 0 0% 100%; --border: 237 24% 30%; --input: 237 24% 30%; --ring: 271 91% 65%; --radius: 0.5rem;\"\u001b[39m\n\u001b[36m>\u001b[39m\n  \u001b[36m<head />\u001b[39m\n  \u001b[36m<body\u001b[39m\n    \u001b[33mclass\u001b[39m=\u001b[32m\"theme-modern-purple\"\u001b[39m\n  \u001b[36m>\u001b[39m\n    \u001b[36m<div>\u001b[39m\n      \u001b[36m<div />\u001b[39m\n    \u001b[36m</div>\u001b[39m\n  \u001b[36m</body>\u001b[39m\n\u001b[36m</html>\u001b[39m\n    at toBeTruthy (/Users/hs/Project/agendaiq/src/__tests__/unit/theme/theme-system.test.tsx:154:84)\n    at runWithExpensiveErrorDiagnosticsDisabled (/Users/hs/Project/agendaiq/node_modules/@testing-library/dom/dist/config.js:47:12)\n    at checkCallback (/Users/hs/Project/agendaiq/node_modules/@testing-library/dom/dist/wait-for.js:124:77)\n    at checkRealTimersCallback (/Users/hs/Project/agendaiq/node_modules/@testing-library/dom/dist/wait-for.js:118:16)\n    at Timeout.task [as _onTimeout] (/Users/hs/Project/agendaiq/node_modules/jsdom/lib/jsdom/browser/Window.js:579:19)\n    at listOnTimeout (node:internal/timers:608:17)\n    at processTimers (node:internal/timers:543:7)","Error: expect(received).toBeTruthy()\n\nReceived: \"\"\n\nIgnored nodes: comments, script, style\n\u001b[36m<html\u001b[39m\n  \u001b[33mclass\u001b[39m=\u001b[32m\"dark\"\u001b[39m\n  \u001b[33mstyle\u001b[39m=\u001b[32m\"--background: 238 38% 16%; --foreground: 0 0% 100%; --card: 238 31% 21%; --card-foreground: 0 0% 100%; --popover: 238 31% 21%; --popover-foreground: 0 0% 100%; --primary: 271 91% 65%; --primary-foreground: 0 0% 100%; --secondary: 330 81% 60%; --secondary-foreground: 0 0% 100%; --muted: 238 31% 21%; --muted-foreground: 215 20% 65%; --accent: 329 86% 70%; --accent-foreground: 0 0% 100%; --destructive: 0 84% 60%; --destructive-foreground: 0 0% 100%; --border: 237 24% 30%; --input: 237 24% 30%; --ring: 271 91% 65%; --radius: 0.5rem;\"\u001b[39m\n\u001b[36m>\u001b[39m\n  \u001b[36m<head />\u001b[39m\n  \u001b[36m<body\u001b[39m\n    \u001b[33mclass\u001b[39m=\u001b[32m\"theme-modern-purple\"\u001b[39m\n  \u001b[36m>\u001b[39m\n    \u001b[36m<div>\u001b[39m\n      \u001b[36m<div />\u001b[39m\n    \u001b[36m</div>\u001b[39m\n  \u001b[36m</body>\u001b[39m\n\u001b[36m</html>\u001b[39m\n    at toBeTruthy (/Users/hs/Project/agendaiq/src/__tests__/unit/theme/theme-system.test.tsx:154:84)\n    at runWithExpensiveErrorDiagnosticsDisabled (/Users/hs/Project/agendaiq/node_modules/@testing-library/dom/dist/config.js:47:12)\n    at checkCallback (/Users/hs/Project/agendaiq/node_modules/@testing-library/dom/dist/wait-for.js:124:77)\n    at checkRealTimersCallback (/Users/hs/Project/agendaiq/node_modules/@testing-library/dom/dist/wait-for.js:118:16)\n    at Timeout.task [as _onTimeout] (/Users/hs/Project/agendaiq/node_modules/jsdom/lib/jsdom/browser/Window.js:579:19)\n    at listOnTimeout (node:internal/timers:608:17)\n    at processTimers (node:internal/timers:543:7)","Error: expect(received).toBeTruthy()\n\nReceived: \"\"\n\nIgnored nodes: comments, script, style\n\u001b[36m<html\u001b[39m\n  \u001b[33mclass\u001b[39m=\u001b[32m\"dark\"\u001b[39m\n  \u001b[33mstyle\u001b[39m=\u001b[32m\"--background: 238 38% 16%; --foreground: 0 0% 100%; --card: 238 31% 21%; --card-foreground: 0 0% 100%; --popover: 238 31% 21%; --popover-foreground: 0 0% 100%; --primary: 271 91% 65%; --primary-foreground: 0 0% 100%; --secondary: 330 81% 60%; --secondary-foreground: 0 0% 100%; --muted: 238 31% 21%; --muted-foreground: 215 20% 65%; --accent: 329 86% 70%; --accent-foreground: 0 0% 100%; --destructive: 0 84% 60%; --destructive-foreground: 0 0% 100%; --border: 237 24% 30%; --input: 237 24% 30%; --ring: 271 91% 65%; --radius: 0.5rem;\"\u001b[39m\n\u001b[36m>\u001b[39m\n  \u001b[36m<head />\u001b[39m\n  \u001b[36m<body\u001b[39m\n    \u001b[33mclass\u001b[39m=\u001b[32m\"theme-modern-purple\"\u001b[39m\n  \u001b[36m>\u001b[39m\n    \u001b[36m<div>\u001b[39m\n      \u001b[36m<div />\u001b[39m\n    \u001b[36m</div>\u001b[39m\n  \u001b[36m</body>\u001b[39m\n\u001b[36m</html>\u001b[39m\n    at toBeTruthy (/Users/hs/Project/agendaiq/src/__tests__/unit/theme/theme-system.test.tsx:154:84)\n    at runWithExpensiveErrorDiagnosticsDisabled (/Users/hs/Project/agendaiq/node_modules/@testing-library/dom/dist/config.js:47:12)\n    at checkCallback (/Users/hs/Project/agendaiq/node_modules/@testing-library/dom/dist/wait-for.js:124:77)\n    at checkRealTimersCallback (/Users/hs/Project/agendaiq/node_modules/@testing-library/dom/dist/wait-for.js:118:16)\n    at Timeout.task [as _onTimeout] (/Users/hs/Project/agendaiq/node_modules/jsdom/lib/jsdom/browser/Window.js:579:19)\n    at listOnTimeout (node:internal/timers:608:17)\n    at processTimers (node:internal/timers:543:7)"],"fullName":"Theme System Tests Theme Persistence should persist theme across page reloads","invocations":1,"location":null,"numPassingAsserts":0,"retryReasons":[],"startAt":1755720345171,"status":"failed","title":"should persist theme across page reloads"},{"ancestorTitles":["Theme System Tests","Theme Accessibility"],"duration":2,"failing":false,"failureDetails":[],"failureMessages":[],"fullName":"Theme System Tests Theme Accessibility should have sufficient color contrast for text","invocations":1,"location":null,"numPassingAsserts":33,"retryReasons":[],"startAt":1755720346178,"status":"passed","title":"should have sufficient color contrast for text"},{"ancestorTitles":["Theme System Tests","Theme Accessibility"],"duration":24,"failing":false,"failureDetails":[],"failureMessages":[],"fullName":"Theme System Tests Theme Accessibility should support reduced motion preference","invocations":1,"location":null,"numPassingAsserts":11,"retryReasons":[],"startAt":1755720346180,"status":"passed","title":"should support reduced motion preference"},{"ancestorTitles":["Theme System Tests","Mobile Responsiveness"],"duration":27,"failing":false,"failureDetails":[],"failureMessages":[],"fullName":"Theme System Tests Mobile Responsiveness should apply mobile-specific styles","invocations":1,"location":null,"numPassingAsserts":1,"retryReasons":[],"startAt":1755720346204,"status":"passed","title":"should apply mobile-specific styles"},{"ancestorTitles":["Theme System Tests","Cross-browser Compatibility"],"duration":1,"failing":false,"failureDetails":[],"failureMessages":[],"fullName":"Theme System Tests Cross-browser Compatibility should include vendor prefixes in CSS variables","invocations":1,"location":null,"numPassingAsserts":2,"retryReasons":[],"startAt":1755720346231,"status":"passed","title":"should include vendor prefixes in CSS variables"},{"ancestorTitles":["Theme System Integration"],"duration":3,"failing":false,"failureDetails":[{"matcherResult":{"pass":false,"message":"expect(element).toHaveTextContent()\n\nExpected element to have text content:\n  standard\nReceived:\n  modern-purple"}}],"failureMessages":["Error: expect(element).toHaveTextContent()\n\nExpected element to have text content:\n  standard\nReceived:\n  modern-purple\n    at Object.toHaveTextContent (/Users/hs/Project/agendaiq/src/__tests__/unit/theme/theme-system.test.tsx:454:49)\n    at Promise.finally.completed (/Users/hs/Project/agendaiq/node_modules/jest-circus/build/jestAdapterInit.js:1559:28)\n    at new Promise (<anonymous>)\n    at callAsyncCircusFn (/Users/hs/Project/agendaiq/node_modules/jest-circus/build/jestAdapterInit.js:1499:10)\n    at _callCircusTest (/Users/hs/Project/agendaiq/node_modules/jest-circus/build/jestAdapterInit.js:1009:40)\n    at _runTest (/Users/hs/Project/agendaiq/node_modules/jest-circus/build/jestAdapterInit.js:949:3)\n    at _runTestsForDescribeBlock (/Users/hs/Project/agendaiq/node_modules/jest-circus/build/jestAdapterInit.js:839:13)\n    at _runTestsForDescribeBlock (/Users/hs/Project/agendaiq/node_modules/jest-circus/build/jestAdapterInit.js:829:11)\n    at run (/Users/hs/Project/agendaiq/node_modules/jest-circus/build/jestAdapterInit.js:757:3)\n    at runAndTransformResultsToJestFormat (/Users/hs/Project/agendaiq/node_modules/jest-circus/build/jestAdapterInit.js:1920:21)\n    at jestAdapter (/Users/hs/Project/agendaiq/node_modules/jest-circus/build/runner.js:101:19)\n    at runTestInternal (/Users/hs/Project/agendaiq/node_modules/jest-runner/build/index.js:275:16)\n    at runTest (/Users/hs/Project/agendaiq/node_modules/jest-runner/build/index.js:343:7)"],"fullName":"Theme System Integration should apply theme consistently across all components","invocations":1,"location":null,"numPassingAsserts":0,"retryReasons":[],"startAt":1755720346232,"status":"failed","title":"should apply theme consistently across all components"}],"endTime":1755720346261,"message":"  ● Theme System Tests › ThemeProvider › should accept initial theme\n\n    TestingLibraryElementError: Unable to find an element with the text: Modern Purple. This could be because the text is broken up by multiple elements. In this case, you can provide a function for your text matcher to make your matcher more flexible.\n\n    Ignored nodes: comments, script, style\n    \u001b[36m<body\u001b[39m\n      \u001b[33mclass\u001b[39m=\u001b[32m\"theme-standard\"\u001b[39m\n    \u001b[36m>\u001b[39m\n      \u001b[36m<div>\u001b[39m\n        \u001b[36m<div>\u001b[39m\n          \u001b[0mStandard\u001b[0m\n        \u001b[36m</div>\u001b[39m\n      \u001b[36m</div>\u001b[39m\n    \u001b[36m</body>\u001b[39m\n\n    \u001b[0m \u001b[90m 92 |\u001b[39m       )\u001b[33m;\u001b[39m\n     \u001b[90m 93 |\u001b[39m\n    \u001b[31m\u001b[1m>\u001b[22m\u001b[39m\u001b[90m 94 |\u001b[39m       expect(screen\u001b[33m.\u001b[39mgetByText(\u001b[32m'Modern Purple'\u001b[39m))\u001b[33m.\u001b[39mtoBeInTheDocument()\u001b[33m;\u001b[39m\n     \u001b[90m    |\u001b[39m                     \u001b[31m\u001b[1m^\u001b[22m\u001b[39m\n     \u001b[90m 95 |\u001b[39m     })\u001b[33m;\u001b[39m\n     \u001b[90m 96 |\u001b[39m\n     \u001b[90m 97 |\u001b[39m     it(\u001b[32m'should persist theme to localStorage'\u001b[39m\u001b[33m,\u001b[39m () \u001b[33m=>\u001b[39m {\u001b[0m\n\n      at Object.getElementError (node_modules/@testing-library/dom/dist/config.js:37:19)\n      at node_modules/@testing-library/dom/dist/query-helpers.js:76:38\n      at node_modules/@testing-library/dom/dist/query-helpers.js:52:17\n      at node_modules/@testing-library/dom/dist/query-helpers.js:95:19\n      at Object.getByText (src/__tests__/unit/theme/theme-system.test.tsx:94:21)\n\n  ● Theme System Tests › ThemeProvider › should load theme from localStorage\n\n    TestingLibraryElementError: Unable to find an element with the text: Nature Green. This could be because the text is broken up by multiple elements. In this case, you can provide a function for your text matcher to make your matcher more flexible.\n\n    Ignored nodes: comments, script, style\n    \u001b[36m<body\u001b[39m\n      \u001b[33mclass\u001b[39m=\u001b[32m\"theme-dark-mode\"\u001b[39m\n    \u001b[36m>\u001b[39m\n      \u001b[36m<div>\u001b[39m\n        \u001b[36m<div>\u001b[39m\n          \u001b[0mDark Mode\u001b[0m\n        \u001b[36m</div>\u001b[39m\n      \u001b[36m</div>\u001b[39m\n    \u001b[36m</body>\u001b[39m\n\n    \u001b[0m \u001b[90m 133 |\u001b[39m       )\u001b[33m;\u001b[39m\n     \u001b[90m 134 |\u001b[39m\n    \u001b[31m\u001b[1m>\u001b[22m\u001b[39m\u001b[90m 135 |\u001b[39m       expect(screen\u001b[33m.\u001b[39mgetByText(\u001b[32m'Nature Green'\u001b[39m))\u001b[33m.\u001b[39mtoBeInTheDocument()\u001b[33m;\u001b[39m\n     \u001b[90m     |\u001b[39m                     \u001b[31m\u001b[1m^\u001b[22m\u001b[39m\n     \u001b[90m 136 |\u001b[39m     })\u001b[33m;\u001b[39m\n     \u001b[90m 137 |\u001b[39m\n     \u001b[90m 138 |\u001b[39m     it(\u001b[32m'should apply CSS variables to document'\u001b[39m\u001b[33m,\u001b[39m () \u001b[33m=>\u001b[39m {\u001b[0m\n\n      at Object.getElementError (node_modules/@testing-library/dom/dist/config.js:37:19)\n      at node_modules/@testing-library/dom/dist/query-helpers.js:76:38\n      at node_modules/@testing-library/dom/dist/query-helpers.js:52:17\n      at node_modules/@testing-library/dom/dist/query-helpers.js:95:19\n      at Object.getByText (src/__tests__/unit/theme/theme-system.test.tsx:135:21)\n\n  ● Theme System Tests › ThemeSelector › should highlight current theme\n\n    expect(element).toHaveClass(\"ring-2\")\n\n    Expected the element to have class:\n      ring-2\n    Received:\n      relative overflow-hidden rounded-lg border-2 p-4 text-left transition-all bg-card border border-border hover:border-primary hover:scale-105 cursor-pointer block\n\n    \u001b[0m \u001b[90m 179 |\u001b[39m\n     \u001b[90m 180 |\u001b[39m       \u001b[36mconst\u001b[39m darkModeCard \u001b[33m=\u001b[39m screen\u001b[33m.\u001b[39mgetByText(\u001b[32m'Dark Mode'\u001b[39m)\u001b[33m.\u001b[39mclosest(\u001b[32m'button'\u001b[39m)\u001b[33m;\u001b[39m\n    \u001b[31m\u001b[1m>\u001b[22m\u001b[39m\u001b[90m 181 |\u001b[39m       expect(darkModeCard)\u001b[33m.\u001b[39mtoHaveClass(\u001b[32m'ring-2'\u001b[39m)\u001b[33m;\u001b[39m\n     \u001b[90m     |\u001b[39m                            \u001b[31m\u001b[1m^\u001b[22m\u001b[39m\n     \u001b[90m 182 |\u001b[39m     })\u001b[33m;\u001b[39m\n     \u001b[90m 183 |\u001b[39m\n     \u001b[90m 184 |\u001b[39m     it(\u001b[32m'should change theme on selection'\u001b[39m\u001b[33m,\u001b[39m () \u001b[33m=>\u001b[39m {\u001b[0m\n\n      at Object.toHaveClass (src/__tests__/unit/theme/theme-system.test.tsx:181:28)\n\n  ● Theme System Tests › ThemeSelector › should change theme on selection\n\n    TestingLibraryElementError: Found multiple elements with the text: Modern Purple\n\n    Here are the matching elements:\n\n    Ignored nodes: comments, script, style\n    \u001b[36m<h3\u001b[39m\n      \u001b[33mclass\u001b[39m=\u001b[32m\"font-semibold text-foreground flex items-center gap-2\"\u001b[39m\n    \u001b[36m>\u001b[39m\n      \u001b[0mModern Purple\u001b[0m\n      \u001b[36m<svg\u001b[39m\n        \u001b[33mclass\u001b[39m=\u001b[32m\"h-4 w-4 text-green-600\"\u001b[39m\n      \u001b[36m/>\u001b[39m\n    \u001b[36m</h3>\u001b[39m\n\n    Ignored nodes: comments, script, style\n    \u001b[36m<div\u001b[39m\n      \u001b[33mdata-testid\u001b[39m=\u001b[32m\"current-theme\"\u001b[39m\n    \u001b[36m>\u001b[39m\n      \u001b[0mModern Purple\u001b[0m\n    \u001b[36m</div>\u001b[39m\n\n    (If this is intentional, then use the `*AllBy*` variant of the query (like `queryAllByText`, `getAllByText`, or `findAllByText`)).\n\n    Ignored nodes: comments, script, style\n    \u001b[36m<body\u001b[39m\n      \u001b[33mclass\u001b[39m=\u001b[32m\"theme-modern-purple\"\u001b[39m\n    \u001b[36m>\u001b[39m\n      \u001b[36m<div>\u001b[39m\n        \u001b[36m<div\u001b[39m\n          \u001b[33mclass\u001b[39m=\u001b[32m\"w-full \"\u001b[39m\n        \u001b[36m>\u001b[39m\n          \u001b[36m<p\u001b[39m\n            \u001b[33mclass\u001b[39m=\u001b[32m\"text-muted-foreground mb-6\"\u001b[39m\n          \u001b[36m>\u001b[39m\n            \u001b[0mChoose a theme that suits your preference. Changes are applied immediately and saved automatically.\u001b[0m\n          \u001b[36m</p>\u001b[39m\n          \u001b[36m<div\u001b[39m\n            \u001b[33maria-label\u001b[39m=\u001b[32m\"Theme selection\"\u001b[39m\n            \u001b[33mclass\u001b[39m=\u001b[32m\"grid grid-cols-1 md:grid-cols-2 lg:grid-cols-3 gap-4 \"\u001b[39m\n            \u001b[33mrole\u001b[39m=\u001b[32m\"group\"\u001b[39m\n          \u001b[36m>\u001b[39m\n            \u001b[36m<button\u001b[39m\n              \u001b[33mclass\u001b[39m=\u001b[32m\"\n              relative overflow-hidden rounded-lg border-2 p-4 text-left transition-all\n              bg-card border border-border hover:border-primary\n              \n              hover:scale-105 cursor-pointer\n              block\n            \"\u001b[39m\n            \u001b[36m>\u001b[39m\n              \u001b[36m<div\u001b[39m\n                \u001b[33mclass\u001b[39m=\u001b[32m\"\"\u001b[39m\n              \u001b[36m>\u001b[39m\n                \u001b[36m<svg\u001b[39m\n                  \u001b[33mclass\u001b[39m=\u001b[32m\"h-6 w-6 text-primary\"\u001b[39m\n                \u001b[36m/>\u001b[39m\n                \u001b[36m<div\u001b[39m\n                  \u001b[33mclass\u001b[39m=\u001b[32m\"mt-3\"\u001b[39m\n                \u001b[36m>\u001b[39m\n                  \u001b[36m<h3\u001b[39m\n                    \u001b[33mclass\u001b[39m=\u001b[32m\"font-semibold text-foreground flex items-center gap-2\"\u001b[39m\n                  \u001b[36m>\u001b[39m\n                    \u001b[0mStandard\u001b[0m\n                  \u001b[36m</h3>\u001b[39m\n                  \u001b[36m<p\u001b[39m\n                    \u001b[33mclass\u001b[39m=\u001b[32m\"mt-1 text-sm text-muted-foreground\"\u001b[39m\n                  \u001b[36m>\u001b[39m\n                    \u001b[0mOriginal standard theme from before the theme system\u001b[0m\n                  \u001b[36m</p>\u001b[39m\n                \u001b[36m</div>\u001b[39m\n              \u001b[36m</div>\u001b[39m\n              \u001b[36m<div\u001b[39m\n                \u001b[33mclass\u001b[39m=\u001b[32m\"mt-4 space-y-2\"\u001b[39m\n              \u001b[36m>\u001b[39m\n                \u001b[36m<div\u001b[39m\n                  \u001b[33mclass\u001b[39m=\u001b[32m\"flex gap-2\"\u001b[39m\n                \u001b[36m>\u001b[39m\n                  \u001b[36m<div\u001b[39m\n                    \u001b[33mclass\u001b[39m=\u001b[32m\"h-2 w-16 rounded\"\u001b[39m\n                    \u001b[33mstyle\u001b[39m=\u001b[32m\"background: hsl(var(--muted));\"\u001b[39m\n                  \u001b[36m/>\u001b[39m\n                  \u001b[36m<div\u001b[39m\n                    \u001b[33mclass\u001b[39m=\u001b[32m\"h-2 w-12 rounded\"\u001b[39m\n                    \u001b[33mstyle\u001b[39m=\u001b[32m\"background: hsl(var(--muted-foreground));\"\u001b[39m\n                  \u001b[36m/>\u001b[39m\n                \u001b[36m</div>\u001b[39m\n                \u001b[36m<div\u001b[39m\n                  \u001b[33mclass\u001b[39m=\u001b[32m\"flex gap-2\"\u001b[39m\n                \u001b[36m>\u001b[39m\n                  \u001b[36m<div\u001b[39m\n                    \u001b[33mclass\u001b[39m=\u001b[32m\"h-2 w-20 rounded\"\u001b[39m\n                    \u001b[33mstyle\u001b[39m=\u001b[32m\"background: hsl(var(--primary));\"\u001b[39m\n                  \u001b[36m/>\u001b[39m\n                  \u001b[36m<div\u001b[39m\n                    \u001b[33mclass\u001b[39m=\u001b[32m\"h-2 w-8 rounded\"\u001b[39m\n                    \u001b[33mstyle\u001b[39m=\u001b[32m\"background: hsl(var(--secondary));\"\u001b[39m\n                  \u001b[36m/>\u001b[39m\n                \u001b[36m</div>\u001b[39m\n              \u001b[36m</div>\u001b[39m\n            \u001b[36m</button>\u001b[39m\n            \u001b[36m<button\u001b[39m\n              \u001b[33mclass\u001b[39m=\u001b[32m\"\n              relative overflow-hidden rounded-lg border-2 p-4 text-left transition-all\n              bg-card border border-border hover:border-primary\n              \n              hover:scale-105 cursor-pointer\n              block\n            \"\u001b[39m\n            \u001b[36m>\u001b[39m\n              \u001b[36m<div\u001b[39m\n                \u001b[33mclass\u001b[39m=\u001b[32m\"\"\u001b[39m\n              \u001b[36m>\u001b[39m\n                \u001b[36m<svg\u001b[39m\n                  \u001b[33mclass\u001b[39m=\u001b[32m\"h-6 w-6 text-primary\"\u001b[39m\n                \u001b[36m/>\u001b[39m\n                \u001b[36m<div\u001b[39m\n                  \u001b[33mclass\u001b[39m=\u001b[32m\"mt-3\"\u001b[39m\n                \u001b[36m>\u001b[39m\n                  \u001b[36m<h3\u001b[39m\n                    \u001b[33mclass\u001b[39m=\u001b[32m\"font-semibold text-foreground flex items-center gap-2\"\u001b[39m\n                  \u001b[36m>\u001b[39m\n                    \u001b[0mClassic Light\u001b[0m\n                  \u001b[36m</h3>\u001b[39m\n                  \u001b[36m<p\u001b[39m\n                    \u001b[33mclass\u001b[39m=\u001b[32m\"mt-1 text-sm text-muted-foreground\"\u001b[39m\n                  \u001b[36m>\u001b[39m\n                    \u001b[0mClean and professional light theme\u001b[0m\n                  \u001b[36m</p>\u001b[39m\n                \u001b[36m</div>\u001b[39m\n              \u001b[36m</div>\u001b[39m\n              \u001b[36m<div\u001b[39m\n                \u001b[33mclass\u001b[39m=\u001b[32m\"mt-4 space-y-2\"\u001b[39m\n              \u001b[36m>\u001b[39m\n                \u001b[36m<div\u001b[39m\n                  \u001b[33mclass\u001b[39m=\u001b[32m\"flex gap-2\"\u001b[39m\n                \u001b[36m>\u001b[39m\n                  \u001b[36m<div\u001b[39m\n                    \u001b[33mclass\u001b[39m=\u001b[32m\"h-2 w-16 rounded\"\u001b[39m\n                    \u001b[33mstyle\u001b[39m=\u001b[32m\"background: hsl(var(--muted));\"\u001b[39m\n                  \u001b[36m/>\u001b[39m\n                  \u001b[36m<div\u001b[39m\n                    \u001b[33mclass\u001b[39m=\u001b[32m\"h-2 w-12 rounded\"\u001b[39m\n                    \u001b[33mstyle\u001b[39m=\u001b[32m\"background: hsl(var(--muted-foreground));\"\u001b[39m\n                  \u001b[36m/>\u001b[39m\n                \u001b[36m</div>\u001b[39m\n                \u001b[36m<div\u001b[39m\n                  \u001b[33mclass\u001b[39m=\u001b[32m\"flex gap-2\"\u001b[39m\n                \u001b[36m>\u001b[39m\n                  \u001b[36m<div\u001b[39m\n                    \u001b[33mclass\u001b[39m=\u001b[32m\"h-2 w-20 rounded\"\u001b[39m\n                    \u001b[33mstyle\u001b[39m=\u001b[32m\"background: hsl(var(--primary));\"\u001b[39m\n                  \u001b[36m/>\u001b[39m\n                  \u001b[36m<div\u001b[39m\n                    \u001b[33mclass\u001b[39m=\u001b[32m\"h-2 w-8 rounded\"\u001b[39m\n                    \u001b[33mstyle\u001b[39m=\u001b[32m\"background: hsl(var(--secondary));\"\u001b[39m\n                  \u001b[36m/>\u001b[39m\n                \u001b[36m</div>\u001b[39m\n              \u001b[36m</div>\u001b[39m\n            \u001b[36m</button>\u001b[39m\n            \u001b[36m<button\u001b[39m\n              \u001b[33mclass\u001b[39m=\u001b[32m\"\n              relative overflow-hidden rounded-lg border-2 p-4 text-left transition-all\n              bg-card border border-border hover:border-primary\n              \n              hover:scale-105 cursor-pointer\n              block\n            \"\u001b[39m\n            \u001b[36m>\u001b[39m\n              \u001b[36m<div\u001b[39m\n                \u001b[33mclass\u001b[39m=\u001b[32m\"\"\u001b[39m\n              \u001b[36m>\u001b[39m\n                \u001b[36m<svg\u001b[39m\n                  \u001b[33mclass\u001b[39m=\u001b[32m\"h-6 w-6 text-primary\"\u001b[39m\n                \u001b[36m/>\u001b[39m\n                \u001b[36m<div\u001b[39m\n                  \u001b[33mclass\u001b[39m=\u001b[32m\"mt-3\"\u001b[39m\n                \u001b[36m>\u001b[39m\n                  \u001b[36m<h3\u001b[39m\n                    \u001b[33mclass\u001b[39m=\u001b[32m\"font-semibold text-foreground flex items-center gap-2\"\u001b[39m\n                  \u001b[36m>\u001b[39m\n                    \u001b[0mClassic Dark\u001b[0m\n                  \u001b[36m</h3>\u001b[39m\n                  \u001b[36m<p\u001b[39m\n                    \u001b[33mclass\u001b[39m=\u001b[32m\"mt-1 text-sm text-muted-foreground\"\u001b[39m\n                  \u001b[36m>\u001b[39m\n                    \u001b[0mEasy on the eyes dark theme\u001b[0m\n                  \u001b[36m</p>\u001b[39m\n                \u001b[36m</div>\u001b[39m\n              \u001b[36m</div>\u001b[39m\n              \u001b[36m<div\u001b[39m\n                \u001b[33mclass\u001b[39m=\u001b[32m\"mt-4 space-y-2\"\u001b[39m\n              \u001b[36m>\u001b[39m\n                \u001b[36m<div\u001b[39m\n                  \u001b[33mclass\u001b[39m=\u001b[32m\"flex gap-2\"\u001b[39m\n                \u001b[36m>\u001b[39m\n                  \u001b[36m<div\u001b[39m\n                    \u001b[33mclass\u001b[39m=\u001b[32m\"h-2 w-16 rounded\"\u001b[39m\n                    \u001b[33mstyle\u001b[39m=\u001b[32m\"background: hsl(var(--muted));\"\u001b[39m\n                  \u001b[36m/>\u001b[39m\n                  \u001b[36m<div\u001b[39m\n                    \u001b[33mclass\u001b[39m=\u001b[32m\"h-2 w-12 rounded\"\u001b[39m\n                    \u001b[33mstyle\u001b[39m=\u001b[32m\"background: hsl(var(--muted-foreground));\"\u001b[39m\n                  \u001b[36m/>\u001b[39m\n                \u001b[36m</div>\u001b[39m\n         ...\n\n    \u001b[0m \u001b[90m 199 |\u001b[39m       )\u001b[33m;\u001b[39m\n     \u001b[90m 200 |\u001b[39m\n    \u001b[31m\u001b[1m>\u001b[22m\u001b[39m\u001b[90m 201 |\u001b[39m       fireEvent\u001b[33m.\u001b[39mclick(screen\u001b[33m.\u001b[39mgetByText(\u001b[32m'Modern Purple'\u001b[39m))\u001b[33m;\u001b[39m\n     \u001b[90m     |\u001b[39m                              \u001b[31m\u001b[1m^\u001b[22m\u001b[39m\n     \u001b[90m 202 |\u001b[39m\n     \u001b[90m 203 |\u001b[39m       waitFor(() \u001b[33m=>\u001b[39m {\n     \u001b[90m 204 |\u001b[39m         expect(screen\u001b[33m.\u001b[39mgetByTestId(\u001b[32m'current-theme'\u001b[39m))\u001b[33m.\u001b[39mtoHaveTextContent(\u001b[32m'Modern Purple'\u001b[39m)\u001b[33m;\u001b[39m\u001b[0m\n\n      at Object.getElementError (node_modules/@testing-library/dom/dist/config.js:37:19)\n      at getElementError (node_modules/@testing-library/dom/dist/query-helpers.js:20:35)\n      at getMultipleElementsFoundError (node_modules/@testing-library/dom/dist/query-helpers.js:23:10)\n      at node_modules/@testing-library/dom/dist/query-helpers.js:55:13\n      at node_modules/@testing-library/dom/dist/query-helpers.js:95:19\n      at Object.getByText (src/__tests__/unit/theme/theme-system.test.tsx:201:30)\n\n  ● Theme System Tests › Theme Persistence › should persist theme across page reloads\n\n    expect(jest.fn()).toHaveBeenCalledWith(...expected)\n\n    Expected: \"agendaiq-theme\", \"nature-green\"\n\n    Number of calls: 0\n\n    Ignored nodes: comments, script, style\n    \u001b[36m<html\u001b[39m\n      \u001b[33mclass\u001b[39m=\u001b[32m\"dark\"\u001b[39m\n      \u001b[33mstyle\u001b[39m=\u001b[32m\"--background: 238 38% 16%; --foreground: 0 0% 100%; --card: 238 31% 21%; --card-foreground: 0 0% 100%; --popover: 238 31% 21%; --popover-foreground: 0 0% 100%; --primary: 271 91% 65%; --primary-foreground: 0 0% 100%; --secondary: 330 81% 60%; --secondary-foreground: 0 0% 100%; --muted: 238 31% 21%; --muted-foreground: 215 20% 65%; --accent: 329 86% 70%; --accent-foreground: 0 0% 100%; --destructive: 0 84% 60%; --destructive-foreground: 0 0% 100%; --border: 237 24% 30%; --input: 237 24% 30%; --ring: 271 91% 65%; --radius: 0.5rem;\"\u001b[39m\n    \u001b[36m>\u001b[39m\n      \u001b[36m<head />\u001b[39m\n      \u001b[36m<body\u001b[39m\n        \u001b[33mclass\u001b[39m=\u001b[32m\"theme-modern-purple\"\u001b[39m\n      \u001b[36m>\u001b[39m\n        \u001b[36m<div>\u001b[39m\n          \u001b[36m<div />\u001b[39m\n        \u001b[36m</div>\u001b[39m\n      \u001b[36m</body>\u001b[39m\n    \u001b[36m</html>\u001b[39m\n\n    \u001b[0m \u001b[90m 305 |\u001b[39m       \u001b[90m// Wait for theme to be applied and saved\u001b[39m\n     \u001b[90m 306 |\u001b[39m       \u001b[36mawait\u001b[39m waitFor(() \u001b[33m=>\u001b[39m {\n    \u001b[31m\u001b[1m>\u001b[22m\u001b[39m\u001b[90m 307 |\u001b[39m         expect(localStorageMock\u001b[33m.\u001b[39msetItem)\u001b[33m.\u001b[39mtoHaveBeenCalledWith(\n     \u001b[90m     |\u001b[39m                                          \u001b[31m\u001b[1m^\u001b[22m\u001b[39m\n     \u001b[90m 308 |\u001b[39m           \u001b[32m'agendaiq-theme'\u001b[39m\u001b[33m,\u001b[39m\n     \u001b[90m 309 |\u001b[39m           \u001b[32m'nature-green'\u001b[39m\n     \u001b[90m 310 |\u001b[39m         )\u001b[33m;\u001b[39m\u001b[0m\n\n      at toHaveBeenCalledWith (src/__tests__/unit/theme/theme-system.test.tsx:307:42)\n      at runWithExpensiveErrorDiagnosticsDisabled (node_modules/@testing-library/dom/dist/config.js:47:12)\n      at checkCallback (node_modules/@testing-library/dom/dist/wait-for.js:124:77)\n      at checkRealTimersCallback (node_modules/@testing-library/dom/dist/wait-for.js:118:16)\n      at Timeout.task [as _onTimeout] (node_modules/jsdom/lib/jsdom/browser/Window.js:579:19)\n\n  ● Theme System Tests › Theme Persistence › should persist theme across page reloads\n\n    expect(received).toBeTruthy()\n\n    Received: \"\"\n\n    Ignored nodes: comments, script, style\n    \u001b[36m<html\u001b[39m\n      \u001b[33mclass\u001b[39m=\u001b[32m\"dark\"\u001b[39m\n      \u001b[33mstyle\u001b[39m=\u001b[32m\"--background: 238 38% 16%; --foreground: 0 0% 100%; --card: 238 31% 21%; --card-foreground: 0 0% 100%; --popover: 238 31% 21%; --popover-foreground: 0 0% 100%; --primary: 271 91% 65%; --primary-foreground: 0 0% 100%; --secondary: 330 81% 60%; --secondary-foreground: 0 0% 100%; --muted: 238 31% 21%; --muted-foreground: 215 20% 65%; --accent: 329 86% 70%; --accent-foreground: 0 0% 100%; --destructive: 0 84% 60%; --destructive-foreground: 0 0% 100%; --border: 237 24% 30%; --input: 237 24% 30%; --ring: 271 91% 65%; --radius: 0.5rem;\"\u001b[39m\n    \u001b[36m>\u001b[39m\n      \u001b[36m<head />\u001b[39m\n      \u001b[36m<body\u001b[39m\n        \u001b[33mclass\u001b[39m=\u001b[32m\"theme-modern-purple\"\u001b[39m\n      \u001b[36m>\u001b[39m\n        \u001b[36m<div>\u001b[39m\n          \u001b[36m<div />\u001b[39m\n        \u001b[36m</div>\u001b[39m\n      \u001b[36m</body>\u001b[39m\n    \u001b[36m</html>\u001b[39m\n\n    \u001b[0m \u001b[90m 152 |\u001b[39m\n     \u001b[90m 153 |\u001b[39m       waitFor(() \u001b[33m=>\u001b[39m {\n    \u001b[31m\u001b[1m>\u001b[22m\u001b[39m\u001b[90m 154 |\u001b[39m         expect(document\u001b[33m.\u001b[39mdocumentElement\u001b[33m.\u001b[39mstyle\u001b[33m.\u001b[39mgetPropertyValue(\u001b[32m'--color-primary'\u001b[39m))\u001b[33m.\u001b[39mtoBeTruthy()\u001b[33m;\u001b[39m\n     \u001b[90m     |\u001b[39m                                                                                    \u001b[31m\u001b[1m^\u001b[22m\u001b[39m\n     \u001b[90m 155 |\u001b[39m         expect(document\u001b[33m.\u001b[39mdocumentElement\u001b[33m.\u001b[39mstyle\u001b[33m.\u001b[39mgetPropertyValue(\u001b[32m'--color-background'\u001b[39m))\u001b[33m.\u001b[39mtoBeTruthy()\u001b[33m;\u001b[39m\n     \u001b[90m 156 |\u001b[39m       })\u001b[33m;\u001b[39m\n     \u001b[90m 157 |\u001b[39m     })\u001b[33m;\u001b[39m\u001b[0m\n\n      at toBeTruthy (src/__tests__/unit/theme/theme-system.test.tsx:154:84)\n      at runWithExpensiveErrorDiagnosticsDisabled (node_modules/@testing-library/dom/dist/config.js:47:12)\n      at checkCallback (node_modules/@testing-library/dom/dist/wait-for.js:124:77)\n      at checkRealTimersCallback (node_modules/@testing-library/dom/dist/wait-for.js:118:16)\n      at Timeout.task [as _onTimeout] (node_modules/jsdom/lib/jsdom/browser/Window.js:579:19)\n\n  ● Theme System Tests › Theme Persistence › should persist theme across page reloads\n\n    expect(received).toBeTruthy()\n\n    Received: \"\"\n\n    Ignored nodes: comments, script, style\n    \u001b[36m<html\u001b[39m\n      \u001b[33mclass\u001b[39m=\u001b[32m\"dark\"\u001b[39m\n      \u001b[33mstyle\u001b[39m=\u001b[32m\"--background: 238 38% 16%; --foreground: 0 0% 100%; --card: 238 31% 21%; --card-foreground: 0 0% 100%; --popover: 238 31% 21%; --popover-foreground: 0 0% 100%; --primary: 271 91% 65%; --primary-foreground: 0 0% 100%; --secondary: 330 81% 60%; --secondary-foreground: 0 0% 100%; --muted: 238 31% 21%; --muted-foreground: 215 20% 65%; --accent: 329 86% 70%; --accent-foreground: 0 0% 100%; --destructive: 0 84% 60%; --destructive-foreground: 0 0% 100%; --border: 237 24% 30%; --input: 237 24% 30%; --ring: 271 91% 65%; --radius: 0.5rem;\"\u001b[39m\n    \u001b[36m>\u001b[39m\n      \u001b[36m<head />\u001b[39m\n      \u001b[36m<body\u001b[39m\n        \u001b[33mclass\u001b[39m=\u001b[32m\"theme-modern-purple\"\u001b[39m\n      \u001b[36m>\u001b[39m\n        \u001b[36m<div>\u001b[39m\n          \u001b[36m<div />\u001b[39m\n        \u001b[36m</div>\u001b[39m\n      \u001b[36m</body>\u001b[39m\n    \u001b[36m</html>\u001b[39m\n\n    \u001b[0m \u001b[90m 152 |\u001b[39m\n     \u001b[90m 153 |\u001b[39m       waitFor(() \u001b[33m=>\u001b[39m {\n    \u001b[31m\u001b[1m>\u001b[22m\u001b[39m\u001b[90m 154 |\u001b[39m         expect(document\u001b[33m.\u001b[39mdocumentElement\u001b[33m.\u001b[39mstyle\u001b[33m.\u001b[39mgetPropertyValue(\u001b[32m'--color-primary'\u001b[39m))\u001b[33m.\u001b[39mtoBeTruthy()\u001b[33m;\u001b[39m\n     \u001b[90m     |\u001b[39m                                                                                    \u001b[31m\u001b[1m^\u001b[22m\u001b[39m\n     \u001b[90m 155 |\u001b[39m         expect(document\u001b[33m.\u001b[39mdocumentElement\u001b[33m.\u001b[39mstyle\u001b[33m.\u001b[39mgetPropertyValue(\u001b[32m'--color-background'\u001b[39m))\u001b[33m.\u001b[39mtoBeTruthy()\u001b[33m;\u001b[39m\n     \u001b[90m 156 |\u001b[39m       })\u001b[33m;\u001b[39m\n     \u001b[90m 157 |\u001b[39m     })\u001b[33m;\u001b[39m\u001b[0m\n\n      at toBeTruthy (src/__tests__/unit/theme/theme-system.test.tsx:154:84)\n      at runWithExpensiveErrorDiagnosticsDisabled (node_modules/@testing-library/dom/dist/config.js:47:12)\n      at checkCallback (node_modules/@testing-library/dom/dist/wait-for.js:124:77)\n      at checkRealTimersCallback (node_modules/@testing-library/dom/dist/wait-for.js:118:16)\n      at Timeout.task [as _onTimeout] (node_modules/jsdom/lib/jsdom/browser/Window.js:579:19)\n\n  ● Theme System Tests › Theme Persistence › should persist theme across page reloads\n\n    expect(received).toBeTruthy()\n\n    Received: \"\"\n\n    Ignored nodes: comments, script, style\n    \u001b[36m<html\u001b[39m\n      \u001b[33mclass\u001b[39m=\u001b[32m\"dark\"\u001b[39m\n      \u001b[33mstyle\u001b[39m=\u001b[32m\"--background: 238 38% 16%; --foreground: 0 0% 100%; --card: 238 31% 21%; --card-foreground: 0 0% 100%; --popover: 238 31% 21%; --popover-foreground: 0 0% 100%; --primary: 271 91% 65%; --primary-foreground: 0 0% 100%; --secondary: 330 81% 60%; --secondary-foreground: 0 0% 100%; --muted: 238 31% 21%; --muted-foreground: 215 20% 65%; --accent: 329 86% 70%; --accent-foreground: 0 0% 100%; --destructive: 0 84% 60%; --destructive-foreground: 0 0% 100%; --border: 237 24% 30%; --input: 237 24% 30%; --ring: 271 91% 65%; --radius: 0.5rem;\"\u001b[39m\n    \u001b[36m>\u001b[39m\n      \u001b[36m<head />\u001b[39m\n      \u001b[36m<body\u001b[39m\n        \u001b[33mclass\u001b[39m=\u001b[32m\"theme-modern-purple\"\u001b[39m\n      \u001b[36m>\u001b[39m\n        \u001b[36m<div>\u001b[39m\n          \u001b[36m<div />\u001b[39m\n        \u001b[36m</div>\u001b[39m\n      \u001b[36m</body>\u001b[39m\n    \u001b[36m</html>\u001b[39m\n\n    \u001b[0m \u001b[90m 152 |\u001b[39m\n     \u001b[90m 153 |\u001b[39m       waitFor(() \u001b[33m=>\u001b[39m {\n    \u001b[31m\u001b[1m>\u001b[22m\u001b[39m\u001b[90m 154 |\u001b[39m         expect(document\u001b[33m.\u001b[39mdocumentElement\u001b[33m.\u001b[39mstyle\u001b[33m.\u001b[39mgetPropertyValue(\u001b[32m'--color-primary'\u001b[39m))\u001b[33m.\u001b[39mtoBeTruthy()\u001b[33m;\u001b[39m\n     \u001b[90m     |\u001b[39m                                                                                    \u001b[31m\u001b[1m^\u001b[22m\u001b[39m\n     \u001b[90m 155 |\u001b[39m         expect(document\u001b[33m.\u001b[39mdocumentElement\u001b[33m.\u001b[39mstyle\u001b[33m.\u001b[39mgetPropertyValue(\u001b[32m'--color-background'\u001b[39m))\u001b[33m.\u001b[39mtoBeTruthy()\u001b[33m;\u001b[39m\n     \u001b[90m 156 |\u001b[39m       })\u001b[33m;\u001b[39m\n     \u001b[90m 157 |\u001b[39m     })\u001b[33m;\u001b[39m\u001b[0m\n\n      at toBeTruthy (src/__tests__/unit/theme/theme-system.test.tsx:154:84)\n      at runWithExpensiveErrorDiagnosticsDisabled (node_modules/@testing-library/dom/dist/config.js:47:12)\n      at checkCallback (node_modules/@testing-library/dom/dist/wait-for.js:124:77)\n      at checkRealTimersCallback (node_modules/@testing-library/dom/dist/wait-for.js:118:16)\n      at Timeout.task [as _onTimeout] (node_modules/jsdom/lib/jsdom/browser/Window.js:579:19)\n\n  ● Theme System Integration › should apply theme consistently across all components\n\n    expect(element).toHaveTextContent()\n\n    Expected element to have text content:\n      standard\n    Received:\n      modern-purple\n\n    \u001b[0m \u001b[90m 452 |\u001b[39m     )\u001b[33m;\u001b[39m\n     \u001b[90m 453 |\u001b[39m\n    \u001b[31m\u001b[1m>\u001b[22m\u001b[39m\u001b[90m 454 |\u001b[39m     expect(screen\u001b[33m.\u001b[39mgetByTestId(\u001b[32m'current-theme'\u001b[39m))\u001b[33m.\u001b[39mtoHaveTextContent(\u001b[32m'standard'\u001b[39m)\u001b[33m;\u001b[39m\n     \u001b[90m     |\u001b[39m                                                 \u001b[31m\u001b[1m^\u001b[22m\u001b[39m\n     \u001b[90m 455 |\u001b[39m\n     \u001b[90m 456 |\u001b[39m     fireEvent\u001b[33m.\u001b[39mclick(screen\u001b[33m.\u001b[39mgetByText(\u001b[32m'Switch to Dark'\u001b[39m))\u001b[33m;\u001b[39m\n     \u001b[90m 457 |\u001b[39m\u001b[0m\n\n      at Object.toHaveTextContent (src/__tests__/unit/theme/theme-system.test.tsx:454:49)\n","name":"/Users/hs/Project/agendaiq/src/__tests__/unit/theme/theme-system.test.tsx","startTime":1755720344729,"status":"failed","summary":""}],"wasInterrupted":false}
