{
  "timestamp": "2025-08-09T01:57:06.407Z",
  "summary": {
    "total": 7,
    "passed": 0,
    "failed": 7
  },
  "results": {
    "build": false,
    "lint": false,
    "typeCheck": false,
    "unitTests": false,
    "apiTests": false,
    "authTests": false,
    "databaseTests": false
  },
  "errors": [
    {
      "message": "❌ TypeScript Check - FAILED: Command failed: npm run type-check",
      "timestamp": "2025-08-09T01:56:10.179Z"
    },
    {
      "message": "❌ Production Build - FAILED: Command failed: npm run build\n[Error [PageNotFoundError]: Cannot find module for page: /api/admin/audit-logs] {\n  code: 'ENOENT'\n}\n[Error [PageNotFoundError]: Cannot find module for page: /api/admin/audit-logs/export] {\n  code: 'ENOENT'\n}\n[Error [PageNotFoundError]: Cannot find module for page: /api/admin/assign-role] {\n  code: 'ENOENT'\n}\n[Error [PageNotFoundError]: Cannot find module for page: /api/admin/rate-limits] {\n  code: 'ENOENT'\n}\n[Error [PageNotFoundError]: Cannot find module for page: /api/admin/audit-logs/summary] {\n  code: 'ENOENT'\n}\n[Error [PageNotFoundError]: Cannot find module for page: /api/admin/roles/[id]] {\n  code: 'ENOENT'\n}\n[Error [PageNotFoundError]: Cannot find module for page: /api/admin/roles/init] {\n  code: 'ENOENT'\n}\n[Error [PageNotFoundError]: Cannot find module for page: /api/admin/roles] {\n  code: 'ENOENT'\n}\n[Error [PageNotFoundError]: Cannot find module for page: /api/auth/2fa/setup] {\n  code: 'ENOENT'\n}\n[Error [PageNotFoundError]: Cannot find module for page: /api/auth/2fa/disable] {\n  code: 'ENOENT'\n}\n\n> Build error occurred\n[Error: Failed to collect page data for /api/admin/audit-logs] {\n  type: 'Error'\n}\n",
      "timestamp": "2025-08-09T01:56:51.440Z"
    },
    {
      "message": "❌ Database Connection - FAILED: Command failed: node -e \"require('./src/lib/prisma').prisma.user.count().then(console.log).catch(console.error)\"\nnode:internal/modules/cjs/loader:1413\n  throw err;\n  ^\n\nError: Cannot find module './src/lib/prisma'\nRequire stack:\n- /Users/hs/Project/agendaiq/[eval]\n    at Module._resolveFilename (node:internal/modules/cjs/loader:1410:15)\n    at defaultResolveImpl (node:internal/modules/cjs/loader:1051:19)\n    at resolveForCJSWithHooks (node:internal/modules/cjs/loader:1056:22)\n    at Module._load (node:internal/modules/cjs/loader:1219:37)\n    at TracingChannel.traceSync (node:diagnostics_channel:322:14)\n    at wrapModuleLoad (node:internal/modules/cjs/loader:238:24)\n    at Module.require (node:internal/modules/cjs/loader:1493:12)\n    at require (node:internal/modules/helpers:152:16)\n    at [eval]:1:1\n    at runScriptInThisContext (node:internal/vm:219:10) {\n  code: 'MODULE_NOT_FOUND',\n  requireStack: [ '/Users/hs/Project/agendaiq/[eval]' ]\n}\n\nNode.js v24.5.0\n",
      "timestamp": "2025-08-09T01:56:56.385Z"
    },
    {
      "message": "Server failed to start:  ⚠ Port 3000 is in use, using available port 3002 instead.\n",
      "timestamp": "2025-08-09T01:57:06.389Z"
    },
    {
      "message": "Failed: 7",
      "timestamp": "2025-08-09T01:57:06.391Z"
    },
    {
      "message": "  build: FAIL",
      "timestamp": "2025-08-09T01:57:06.392Z"
    },
    {
      "message": "  lint: FAIL",
      "timestamp": "2025-08-09T01:57:06.392Z"
    },
    {
      "message": "  typeCheck: FAIL",
      "timestamp": "2025-08-09T01:57:06.392Z"
    },
    {
      "message": "  unitTests: FAIL",
      "timestamp": "2025-08-09T01:57:06.392Z"
    },
    {
      "message": "  apiTests: FAIL",
      "timestamp": "2025-08-09T01:57:06.392Z"
    },
    {
      "message": "  authTests: FAIL",
      "timestamp": "2025-08-09T01:57:06.392Z"
    },
    {
      "message": "  databaseTests: FAIL",
      "timestamp": "2025-08-09T01:57:06.392Z"
    },
    {
      "message": "\n❌ ERRORS (12):",
      "timestamp": "2025-08-09T01:57:06.392Z"
    },
    {
      "message": "  1. ❌ TypeScript Check - FAILED: Command failed: npm run type-check",
      "timestamp": "2025-08-09T01:57:06.392Z"
    },
    {
      "message": "  2. ❌ Production Build - FAILED: Command failed: npm run build\n[Error [PageNotFoundError]: Cannot find module for page: /api/admin/audit-logs] {\n  code: 'ENOENT'\n}\n[Error [PageNotFoundError]: Cannot find module for page: /api/admin/audit-logs/export] {\n  code: 'ENOENT'\n}\n[Error [PageNotFoundError]: Cannot find module for page: /api/admin/assign-role] {\n  code: 'ENOENT'\n}\n[Error [PageNotFoundError]: Cannot find module for page: /api/admin/rate-limits] {\n  code: 'ENOENT'\n}\n[Error [PageNotFoundError]: Cannot find module for page: /api/admin/audit-logs/summary] {\n  code: 'ENOENT'\n}\n[Error [PageNotFoundError]: Cannot find module for page: /api/admin/roles/[id]] {\n  code: 'ENOENT'\n}\n[Error [PageNotFoundError]: Cannot find module for page: /api/admin/roles/init] {\n  code: 'ENOENT'\n}\n[Error [PageNotFoundError]: Cannot find module for page: /api/admin/roles] {\n  code: 'ENOENT'\n}\n[Error [PageNotFoundError]: Cannot find module for page: /api/auth/2fa/setup] {\n  code: 'ENOENT'\n}\n[Error [PageNotFoundError]: Cannot find module for page: /api/auth/2fa/disable] {\n  code: 'ENOENT'\n}\n\n> Build error occurred\n[Error: Failed to collect page data for /api/admin/audit-logs] {\n  type: 'Error'\n}\n",
      "timestamp": "2025-08-09T01:57:06.392Z"
    },
    {
      "message": "  3. ❌ Database Connection - FAILED: Command failed: node -e \"require('./src/lib/prisma').prisma.user.count().then(console.log).catch(console.error)\"\nnode:internal/modules/cjs/loader:1413\n  throw err;\n  ^\n\nError: Cannot find module './src/lib/prisma'\nRequire stack:\n- /Users/hs/Project/agendaiq/[eval]\n    at Module._resolveFilename (node:internal/modules/cjs/loader:1410:15)\n    at defaultResolveImpl (node:internal/modules/cjs/loader:1051:19)\n    at resolveForCJSWithHooks (node:internal/modules/cjs/loader:1056:22)\n    at Module._load (node:internal/modules/cjs/loader:1219:37)\n    at TracingChannel.traceSync (node:diagnostics_channel:322:14)\n    at wrapModuleLoad (node:internal/modules/cjs/loader:238:24)\n    at Module.require (node:internal/modules/cjs/loader:1493:12)\n    at require (node:internal/modules/helpers:152:16)\n    at [eval]:1:1\n    at runScriptInThisContext (node:internal/vm:219:10) {\n  code: 'MODULE_NOT_FOUND',\n  requireStack: [ '/Users/hs/Project/agendaiq/[eval]' ]\n}\n\nNode.js v24.5.0\n",
      "timestamp": "2025-08-09T01:57:06.392Z"
    },
    {
      "message": "  4. Server failed to start:  ⚠ Port 3000 is in use, using available port 3002 instead.\n",
      "timestamp": "2025-08-09T01:57:06.392Z"
    },
    {
      "message": "  5. Failed: 7",
      "timestamp": "2025-08-09T01:57:06.392Z"
    },
    {
      "message": "  6.   build: FAIL",
      "timestamp": "2025-08-09T01:57:06.392Z"
    },
    {
      "message": "  7.   lint: FAIL",
      "timestamp": "2025-08-09T01:57:06.392Z"
    },
    {
      "message": "  8.   typeCheck: FAIL",
      "timestamp": "2025-08-09T01:57:06.392Z"
    },
    {
      "message": "  9.   unitTests: FAIL",
      "timestamp": "2025-08-09T01:57:06.392Z"
    },
    {
      "message": "  10.   apiTests: FAIL",
      "timestamp": "2025-08-09T01:57:06.392Z"
    },
    {
      "message": "  11.   authTests: FAIL",
      "timestamp": "2025-08-09T01:57:06.392Z"
    },
    {
      "message": "  12.   databaseTests: FAIL",
      "timestamp": "2025-08-09T01:57:06.392Z"
    },
    {
      "message": "  13. \n❌ ERRORS (12):",
      "timestamp": "2025-08-09T01:57:06.392Z"
    }
  ],
  "warnings": [
    {
      "message": "❌ ESLint Check - FAILED: Command failed: npm run lint\n\n./src/__tests__/fixtures/factory.ts\n9:39  Error: Unexpected any. Specify a different type.  @typescript-eslint/no-explicit-any\n28:40  Error: Unexpected any. Specify a different type.  @typescript-eslint/no-explicit-any\n64:42  Error: Unexpected any. Specify a different type.  @typescript-eslint/no-explicit-any\n112:82  Error: Unexpected any. Specify a different type.  @typescript-eslint/no-explicit-any\n141:35  Error: Unexpected any. Specify a different type.  @typescript-eslint/no-explicit-any\n141:59  Error: Unexpected any. Specify a different type.  @typescript-eslint/no-explicit-any\n269:51  Error: Unexpected any. Specify a different type.  @typescript-eslint/no-explicit-any\n\n./src/__tests__/helpers/test-db.ts\n2:10  Warning: 'execSync' is defined but never used.  @typescript-eslint/no-unused-vars\n98:11  Warning: 'result' is assigned a value but never used.  @typescript-eslint/no-unused-vars\n\n./src/__tests__/integration/auth/login.test.tsx\n1:26  Warning: 'fireEvent' is defined but never used.  @typescript-eslint/no-unused-vars\n5:10  Warning: 'mockFetchResponse' is defined but never used.  @typescript-eslint/no-unused-vars\n5:29  Warning: 'mockFetchError' is defined but never used.  @typescript-eslint/no-unused-vars\n71:69  Error: Unexpected any. Specify a different type.  @typescript-eslint/no-explicit-any\n98:12  Error: Unexpected any. Specify a different type.  @typescript-eslint/no-explicit-any\n138:12  Error: Unexpected any. Specify a different type.  @typescript-eslint/no-explicit-any\n163:12  Error: Unexpected any. Specify a different type.  @typescript-eslint/no-explicit-any\n183:69  Error: Unexpected any. Specify a different type.  @typescript-eslint/no-explicit-any\n\n./src/__tests__/integration/auth/register.test.tsx\n156:25  Error: Unexpected any. Specify a different type.  @typescript-eslint/no-explicit-any\n161:68  Error: Unexpected any. Specify a different type.  @typescript-eslint/no-explicit-any\n\n./src/__tests__/integration/auth/two-factor.test.tsx\n63:69  Error: Unexpected any. Specify a different type.  @typescript-eslint/no-explicit-any\n94:12  Error: Unexpected any. Specify a different type.  @typescript-eslint/no-explicit-any\n157:26  Error: Unexpected any. Specify a different type.  @typescript-eslint/no-explicit-any\n162:55  Error: Unexpected any. Specify a different type.  @typescript-eslint/no-explicit-any\n\n./src/__tests__/performance/api.perf.test.ts\n139:94  Error: Unexpected any. Specify a different type.  @typescript-eslint/no-explicit-any\n149:58  Error: Unexpected any. Specify a different type.  @typescript-eslint/no-explicit-any\n185:28  Error: Unexpected any. Specify a different type.  @typescript-eslint/no-explicit-any\n186:32  Error: Unexpected any. Specify a different type.  @typescript-eslint/no-explicit-any\n216:32  Error: Unexpected any. Specify a different type.  @typescript-eslint/no-explicit-any\n\n./src/__tests__/unit/api/meetings.test.ts\n6:10  Warning: 'RateLimiters' is defined but never used.  @typescript-eslint/no-unused-vars\n12:18  Error: Unexpected any. Specify a different type.  @typescript-eslint/no-explicit-any\n93:30  Error: A `require()` style import is forbidden.  @typescript-eslint/no-require-imports\n311:32  Error: A `require()` style import is forbidden.  @typescript-eslint/no-require-imports\n\n./src/__tests__/unit/api/route.test.ts\n74:19  Error: Unexpected any. Specify a different type.  @typescript-eslint/no-explicit-any\n\n./src/__tests__/unit/components/AgendaItemComments.test.tsx\n1:10  Warning: 'render' is defined but never used.  @typescript-eslint/no-unused-vars\n\n./src/__tests__/unit/components/AgendaItemDetail.test.tsx\n1:10  Warning: 'render' is defined but never used.  @typescript-eslint/no-unused-vars\n\n./src/__tests__/unit/components/AgendaItemForm.test.tsx\n1:10  Warning: 'render' is defined but never used.  @typescript-eslint/no-unused-vars\n1:26  Warning: 'waitFor' is defined but never used.  @typescript-eslint/no-unused-vars\n\n./src/__tests__/unit/components/AgendaItemLive.test.tsx\n1:10  Warning: 'render' is defined but never used.  @typescript-eslint/no-unused-vars\n\n./src/__tests__/unit/components/AuthProvider.test.tsx\n1:10  Warning: 'render' is defined but never used.  @typescript-eslint/no-unused-vars\n2:8  Warning: 'userEvent' is defined but never used.  @typescript-eslint/no-unused-vars\n\n./src/__tests__/unit/components/DistrictSetup.test.tsx\n1:10  Warning: 'render' is defined but never used.  @typescript-eslint/no-unused-vars\n\n./src/__tests__/unit/components/DragDropRoleDistribution.test.tsx\n1:10  Warning: 'render' is defined but never used.  @typescript-eslint/no-unused-vars\n\n./src/__tests__/unit/components/ForgotPasswordForm.test.tsx\n1:10  Warning: 'render' is defined but never used.  @typescript-eslint/no-unused-vars\n\n./src/__tests__/unit/components/Header.test.tsx\n1:10  Warning: 'render' is defined but never used.  @typescript-eslint/no-unused-vars\n1:26  Warning: 'waitFor' is defined but never used.  @typescript-eslint/no-unused-vars\n2:8  Warning: 'userEvent' is defined but never used.  @typescript-eslint/no-unused-vars\n\n./src/__tests__/unit/components/HiddenSidebar.test.tsx\n1:10  Warning: 'render' is defined but never used.  @typescript-eslint/no-unused-vars\n\n./src/__tests__/unit/components/LoadingSpinner.test.tsx\n1:10  Warning: 'render' is defined but never used.  @typescript-eslint/no-unused-vars\n1:26  Warning: 'waitFor' is defined but never used.  @typescript-eslint/no-unused-vars\n2:8  Warning: 'userEvent' is defined but never used.  @typescript-eslint/no-unused-vars\n\n./src/__tests__/unit/components/MeetingCalendar.test.tsx\n1:10  Warning: 'render' is defined but never used.  @typescript-eslint/no-unused-vars\n\n./src/__tests__/unit/components/MeetingDetails.test.tsx\n1:10  Warning: 'render' is defined but never used.  @typescript-eslint/no-unused-vars\n\n./src/__tests__/unit/components/MeetingForm.test.tsx\n1:10  Warning: 'render' is defined but never used.  @typescript-eslint/no-unused-vars\n\n./src/__tests__/unit/components/MeetingFormStep1.test.tsx\n1:10  Warning: 'render' is defined but never used.  @typescript-eslint/no-unused-vars\n\n./src/__tests__/unit/components/MeetingFormStep2.test.tsx\n1:10  Warning: 'render' is defined but never used.  @typescript-eslint/no-unused-vars\n\n./src/__tests__/unit/components/MeetingFormWithRepeat.test.tsx\n16:45  Error: Unexpected any. Specify a different type.  @typescript-eslint/no-explicit-any\n22:42  Error: Unexpected any. Specify a different type.  @typescript-eslint/no-explicit-any\n28:25  Error: Unexpected any. Specify a different type.  @typescript-eslint/no-explicit-any\n32:45  Error: Unexpected any. Specify a different type.  @typescript-eslint/no-explicit-any\n38:26  Error: Unexpected any. Specify a different type.  @typescript-eslint/no-explicit-any\n39:33  Error: Unexpected any. Specify a different type.  @typescript-eslint/no-explicit-any\n40:33  Error: Unexpected any. Specify a different type.  @typescript-eslint/no-explicit-any\n41:37  Error: Unexpected any. Specify a different type.  @typescript-eslint/no-explicit-any\n46:42  Error: Unexpected any. Specify a different type.  @typescript-eslint/no-explicit-any\n56:24  Error: Unexpected any. Specify a different type.  @typescript-eslint/no-explicit-any\n57:31  Error: Unexpected any. Specify a different type.  @typescript-eslint/no-explicit-any\n58:30  Error: Unexpected any. Specify a different type.  @typescript-eslint/no-explicit-any\n59:29  Error: Unexpected any. Specify a different type.  @typescript-eslint/no-explicit-any\n63:25  Error: Unexpected any. Specify a different type.  @typescript-eslint/no-explicit-any\n67:48  Error: Unexpected any. Specify a different type.  @typescript-eslint/no-explicit-any\n80:50  Error: Unexpected any. Specify a different type.  @typescript-eslint/no-explicit-any\n90:47  Error: Unexpected any. Specify a different type.  @typescript-eslint/no-explicit-any\n\n./src/__tests__/unit/components/MeetingLiveView.test.tsx\n1:10  Warning: 'render' is defined but never used.  @typescript-eslint/no-unused-vars\n\n./src/__tests__/unit/components/MobileSidebar.test.tsx\n1:10  Warning: 'render' is defined but never used.  @typescript-eslint/no-unused-vars\n\n./src/__tests__/unit/components/ProfileForm.test.tsx\n1:10  Warning: 'render' is defined but never used.  @typescript-eslint/no-unused-vars\n\n./src/__tests__/unit/components/RegisterForm.test.tsx\n1:10  Warning: 'render' is defined but never used.  @typescript-eslint/no-unused-vars\n\n./src/__tests__/unit/components/RepeatMeetingModal.test.tsx\n5:10  Warning: 'format' is defined but never used.  @typescript-eslint/no-unused-vars\n9:32  Error: Unexpected any. Specify a different type.  @typescript-eslint/no-explicit-any\n10:33  Error: Unexpected any. Specify a different type.  @typescript-eslint/no-explicit-any\n11:32  Error: Unexpected any. Specify a different type.  @typescript-eslint/no-explicit-any\n12:31  Error: Unexpected any. Specify a different type.  @typescript-eslint/no-explicit-any\n13:37  Error: Unexpected any. Specify a different type.  @typescript-eslint/no-explicit-any\n14:32  Error: Unexpected any. Specify a different type.  @typescript-eslint/no-explicit-any\n18:55  Error: Unexpected any. Specify a different type.  @typescript-eslint/no-explicit-any\n24:25  Error: Unexpected any. Specify a different type.  @typescript-eslint/no-explicit-any\n28:42  Error: Unexpected any. Specify a different type.  @typescript-eslint/no-explicit-any\n34:52  Error: Unexpected any. Specify a different type.  @typescript-eslint/no-explicit-any\n45:52  Error: Unexpected any. Specify a different type.  @typescript-eslint/no-explicit-any\n46:43  Error: Unexpected any. Specify a different type.  @typescript-eslint/no-explicit-any\n52:35  Error: Unexpected any. Specify a different type.  @typescript-eslint/no-explicit-any\n58:48  Error: Unexpected any. Specify a different type.  @typescript-eslint/no-explicit-any\n69:30  Error: Unexpected any. Specify a different type.  @typescript-eslint/no-explicit-any\n73:24  Error: Unexpected any. Specify a different type.  @typescript-eslint/no-explicit-any\n74:28  Error: Unexpected any. Specify a different type.  @typescript-eslint/no-explicit-any\n75:31  Error: Unexpected any. Specify a different type.  @typescript-eslint/no-explicit-any\n76:31  Error: Unexpected any. Specify a different type.  @typescript-eslint/no-explicit-any\n80:25  Error: Unexpected any. Specify a different type.  @typescript-eslint/no-explicit-any\n84:25  Error: Unexpected any. Specify a different type.  @typescript-eslint/no-explicit-any\n85:36  Error: Unexpected any. Specify a different type.  @typescript-eslint/no-explicit-any\n\n./src/__tests__/unit/components/RoleHierarchyManagement.test.tsx\n1:10  Warning: 'render' is defined but never used.  @typescript-eslint/no-unused-vars\n\n./src/__tests__/unit/components/RoleHierarchyVisualization.test.tsx\n1:10  Warning: 'render' is defined but never used.  @typescript-eslint/no-unused-vars\n\n./src/__tests__/unit/components/RoleManagement.test.tsx\n1:10  Warning: 'render' is defined but never used.  @typescript-eslint/no-unused-vars\n\n./src/__tests__/unit/components/RoleManagementForm.test.tsx\n1:10  Warning: 'render' is defined but never used.  @typescript-eslint/no-unused-vars\n\n./src/__tests__/unit/components/RoleSwitch.test.tsx\n1:10  Warning: 'render' is defined but never used.  @typescript-eslint/no-unused-vars\n\n./src/__tests__/unit/components/RolesPageClient.test.tsx\n1:10  Warning: 'render' is defined but never used.  @typescript-eslint/no-unused-vars\n\n./src/__tests__/unit/components/SecuritySettings.test.tsx\n1:10  Warning: 'render' is defined but never used.  @typescript-eslint/no-unused-vars\n\n./src/__tests__/unit/components/ServerAuthWrapper.test.tsx\n1:10  Warning: 'render' is defined but never used.  @typescript-eslint/no-unused-vars\n2:8  Warning: 'userEvent' is defined but never used.  @typescript-eslint/no-unused-vars\n\n./src/__tests__/unit/components/Sidebar.test.tsx\n1:10  Warning: 'render' is defined but never used.  @typescript-eslint/no-unused-vars\n1:26  Warning: 'waitFor' is defined but never used.  @typescript-eslint/no-unused-vars\n2:8  Warning: 'userEvent' is defined but never used.  @typescript-eslint/no-unused-vars\n\n./src/__tests__/unit/components/SidebarWrapper.test.tsx\n1:10  Warning: 'render' is defined but never used.  @typescript-eslint/no-unused-vars\n1:26  Warning: 'waitFor' is defined but never used.  @typescript-eslint/no-unused-vars\n\n./src/__tests__/unit/components/SignInButton.test.tsx\n1:10  Warning: 'render' is defined but never used.  @typescript-eslint/no-unused-vars\n2:8  Warning: 'userEvent' is defined but never used.  @typescript-eslint/no-unused-vars\n\n./src/__tests__/unit/components/SignInForm.test.tsx\n1:35  Warning: 'fireEvent' is defined but never used.  @typescript-eslint/no-unused-vars\n\n./src/__tests__/unit/components/TwoFactorSetup.test.tsx\n1:10  Warning: 'render' is defined but never used.  @typescript-eslint/no-unused-vars\n\n./src/__tests__/unit/components/UserManagement.test.tsx\n1:10  Warning: 'render' is defined but never used.  @typescript-eslint/no-unused-vars\n\n./src/__tests__/unit/components/alert.test.tsx\n1:10  Warning: 'render' is defined but never used.  @typescript-eslint/no-unused-vars\n1:26  Warning: 'waitFor' is defined but never used.  @typescript-eslint/no-unused-vars\n2:8  Warning: 'userEvent' is defined but never used.  @typescript-eslint/no-unused-vars\n\n./src/__tests__/unit/components/api-tester.test.tsx\n1:10  Warning: 'render' is defined but never used.  @typescript-eslint/no-unused-vars\n\n./src/__tests__/unit/components/avatar.test.tsx\n1:10  Warning: 'render' is defined but never used.  @typescript-eslint/no-unused-vars\n1:26  Warning: 'waitFor' is defined but never used.  @typescript-eslint/no-unused-vars\n2:8  Warning: 'userEvent' is defined but never used.  @typescript-eslint/no-unused-vars\n\n./src/__tests__/unit/components/badge.test.tsx\n1:10  Warning: 'render' is defined but never used.  @typescript-eslint/no-unused-vars\n1:26  Warning: 'waitFor' is defined but never used.  @typescript-eslint/no-unused-vars\n2:8  Warning: 'userEvent' is defined but never used.  @typescript-eslint/no-unused-vars\n\n./src/__tests__/unit/components/button.test.tsx\n1:10  Warning: 'render' is defined but never used.  @typescript-eslint/no-unused-vars\n1:26  Warning: 'waitFor' is defined but never used.  @typescript-eslint/no-unused-vars\n2:8  Warning: 'userEvent' is defined but never used.  @typescript-eslint/no-unused-vars\n\n./src/__tests__/unit/components/card.test.tsx\n1:10  Warning: 'render' is defined but never used.  @typescript-eslint/no-unused-vars\n1:26  Warning: 'waitFor' is defined but never used.  @typescript-eslint/no-unused-vars\n2:8  Warning: 'userEvent' is defined but never used.  @typescript-eslint/no-unused-vars\n\n./src/__tests__/unit/components/dashboard-card.test.tsx\n21:13  Warning: 'description' is assigned a value but never used.  @typescript-eslint/no-unused-vars\n\n./src/__tests__/unit/components/database-manager.test.tsx\n1:10  Warning: 'render' is defined but never used.  @typescript-eslint/no-unused-vars\n\n./src/__tests__/unit/components/dialog.test.tsx\n1:10  Warning: 'render' is defined but never used.  @typescript-eslint/no-unused-vars\n1:26  Warning: 'waitFor' is defined but never used.  @typescript-eslint/no-unused-vars\n2:8  Warning: 'userEvent' is defined but never used.  @typescript-eslint/no-unused-vars\n\n./src/__tests__/unit/components/error-boundary.test.tsx\n1:10  Warning: 'render' is defined but never used.  @typescript-eslint/no-unused-vars\n2:8  Warning: 'userEvent' is defined but never used.  @typescript-eslint/no-unused-vars\n\n./src/__tests__/unit/components/input.test.tsx\n1:10  Warning: 'render' is defined but never used.  @typescript-eslint/no-unused-vars\n1:26  Warning: 'waitFor' is defined but never used.  @typescript-eslint/no-unused-vars\n2:8  Warning: 'userEvent' is defined but never used.  @typescript-eslint/no-unused-vars\n\n./src/__tests__/unit/components/label.test.tsx\n1:10  Warning: 'render' is defined but never used.  @typescript-eslint/no-unused-vars\n1:26  Warning: 'waitFor' is defined but never used.  @typescript-eslint/no-unused-vars\n2:8  Warning: 'userEvent' is defined but never used.  @typescript-eslint/no-unused-vars\n\n./src/__tests__/unit/components/log-viewer.test.tsx\n1:10  Warning: 'render' is defined but never used.  @typescript-eslint/no-unused-vars\n\n./src/__tests__/unit/components/login-form.test.tsx\n1:10  Warning: 'render' is defined but never used.  @typescript-eslint/no-unused-vars\n\n./src/__tests__/unit/components/performance-monitor.test.tsx\n1:10  Warning: 'render' is defined but never used.  @typescript-eslint/no-unused-vars\n\n./src/__tests__/unit/components/progress.test.tsx\n1:10  Warning: 'render' is defined but never used.  @typescript-eslint/no-unused-vars\n1:26  Warning: 'waitFor' is defined but never used.  @typescript-eslint/no-unused-vars\n2:8  Warning: 'userEvent' is defined but never used.  @typescript-eslint/no-unused-vars\n\n./src/__tests__/unit/components/register-form.test.tsx\n1:10  Warning: 'render' is defined but never used.  @typescript-eslint/no-unused-vars\n\n./src/__tests__/unit/components/scroll-area.test.tsx\n1:10  Warning: 'render' is defined but never used.  @typescript-eslint/no-unused-vars\n1:26  Warning: 'waitFor' is defined but never used.  @typescript-eslint/no-unused-vars\n2:8  Warning: 'userEvent' is defined but never used.  @typescript-eslint/no-unused-vars\n\n./src/__tests__/unit/components/select.test.tsx\n1:10  Warning: 'render' is defined but never used.  @typescript-eslint/no-unused-vars\n1:26  Warning: 'waitFor' is defined but never used.  @typescript-eslint/no-unused-vars\n2:8  Warning: 'userEvent' is defined but never used.  @typescript-eslint/no-unused-vars\n\n./src/__tests__/unit/components/switch.test.tsx\n1:10  Warning: 'render' is defined but never used.  @typescript-eslint/no-unused-vars\n1:26  Warning: 'waitFor' is defined but never used.  @typescript-eslint/no-unused-vars\n2:8  Warning: 'userEvent' is defined but never used.  @typescript-eslint/no-unused-vars\n\n./src/__tests__/unit/components/table.test.tsx\n1:10  Warning: 'render' is defined but never used.  @typescript-eslint/no-unused-vars\n1:26  Warning: 'waitFor' is defined but never used.  @typescript-eslint/no-unused-vars\n2:8  Warning: 'userEvent' is defined but never used.  @typescript-eslint/no-unused-vars\n\n./src/__tests__/unit/components/tabs.test.tsx\n1:10  Warning: 'render' is defined but never used.  @typescript-eslint/no-unused-vars\n1:26  Warning: 'waitFor' is defined but never used.  @typescript-eslint/no-unused-vars\n2:8  Warning: 'userEvent' is defined but never used.  @typescript-eslint/no-unused-vars\n\n./src/__tests__/unit/components/test-dashboard.test.tsx\n1:10  Warning: 'render' is defined but never used.  @typescript-eslint/no-unused-vars\n\n./src/__tests__/unit/components/textarea.test.tsx\n1:10  Warning: 'render' is defined but never used.  @typescript-eslint/no-unused-vars\n1:26  Warning: 'waitFor' is defined but never used.  @typescript-eslint/no-unused-vars\n2:8  Warning: 'userEvent' is defined but never used.  @typescript-eslint/no-unused-vars\n\n./src/__tests__/unit/components/two-factor-form.test.tsx\n1:10  Warning: 'render' is defined but never used.  @typescript-eslint/no-unused-vars\n\n./src/__tests__/unit/components/withAuth.test.tsx\n1:10  Warning: 'render' is defined but never used.  @typescript-eslint/no-unused-vars\n2:8  Warning: 'userEvent' is defined but never used.  @typescript-eslint/no-unused-vars\n\n./src/__tests__/utils/test-utils.tsx\n86:10  Error: Unexpected any. Specify a different type.  @typescript-eslint/no-explicit-any\n107:10  Error: Unexpected any. Specify a different type.  @typescript-eslint/no-explicit-any\n117:8  Error: Unexpected any. Specify a different type.  @typescript-eslint/no-explicit-any\n121:52  Error: Unexpected any. Specify a different type.  @typescript-eslint/no-explicit-any\n140:53  Error: Unexpected any. Specify a different type.  @typescript-eslint/no-explicit-any\n161:55  Error: Unexpected any. Specify a different type.  @typescript-eslint/no-explicit-any\n183:41  Error: Unexpected any. Specify a different type.  @typescript-eslint/no-explicit-any\n\n./src/app/api/admin/audit-logs/export/route.ts\n17:10  Error: Unexpected any. Specify a different type.  @typescript-eslint/no-explicit-any\n18:11  Error: Unexpected any. Specify a different type.  @typescript-eslint/no-explicit-any\n24:14  Error: Unexpected any. Specify a different type.  @typescript-eslint/no-explicit-any\n28:18  Error: Unexpected any. Specify a different type.  @typescript-eslint/no-explicit-any\n\n./src/app/api/admin/roles/route.ts\n10:9  Warning: 'user' is assigned a value but never used.  @typescript-eslint/no-unused-vars\n43:9  Warning: 'user' is assigned a value but never used.  @typescript-eslint/no-unused-vars\n\n./src/app/api/auth/create-admin/route.ts\n26:9  Warning: 'user' is assigned a value but never used.  @typescript-eslint/no-unused-vars\n\n./src/app/api/auth/forgot-password/route.ts\n4:10  Warning: 'sendEmail' is defined but never used.  @typescript-eslint/no-unused-vars\n38:11  Warning: 'hashedToken' is assigned a value but never used.  @typescript-eslint/no-unused-vars\n\n./src/app/api/debug/health/route.ts\n1:10  Warning: 'NextRequest' is defined but never used.  @typescript-eslint/no-unused-vars\n\n./src/app/api/debug/production-status/route.ts\n4:27  Warning: 'request' is defined but never used.  @typescript-eslint/no-unused-vars\n112:12  Warning: 'error' is defined but never used.  @typescript-eslint/no-unused-vars\n\n./src/app/api/dev/ci-cd/autofix/route.ts\n2:10  Warning: 'withAuth' is defined but never used.  @typescript-eslint/no-unused-vars\n12:7  Warning: 'autofixSchema' is assigned a value but never used.  @typescript-eslint/no-unused-vars\n\n./src/app/api/dev/ci-cd/runs/route.ts\n2:10  Warning: 'withAuth' is defined but never used.  @typescript-eslint/no-unused-vars\n6:7  Warning: 'querySchema' is assigned a value but never used.  @typescript-eslint/no-unused-vars\n440:43  Error: Unexpected any. Specify a different type.  @typescript-eslint/no-explicit-any\n444:35  Error: Unexpected any. Specify a different type.  @typescript-eslint/no-explicit-any\n470:39  Error: Unexpected any. Specify a different type.  @typescript-eslint/no-explicit-any\n\n./src/app/api/dev/database/backups/route.ts\n3:10  Warning: 'prisma' is defined but never used.  @typescript-eslint/no-unused-vars\n40:14  Warning: 'error' is defined but never used.  @typescript-eslint/no-unused-vars\n\n./src/app/api/dev/database/seed-dev/route.ts\n19:11  Warning: 'levels' is assigned a value but never used.  @typescript-eslint/no-unused-vars\n\n./src/app/api/dev/execute/route.ts\n17:13  Error: Unexpected any. Specify a different type.  @typescript-eslint/no-explicit-any\n51:19  Error: Unexpected any. Specify a different type.  @typescript-eslint/no-explicit-any\n\n./src/app/api/dev/git/branches/route.ts\n7:27  Warning: 'request' is defined but never used.  @typescript-eslint/no-unused-vars\n23:21  Error: Unexpected any. Specify a different type.  @typescript-eslint/no-explicit-any\n65:16  Warning: 'e' is defined but never used.  @typescript-eslint/no-unused-vars\n76:19  Error: Unexpected any. Specify a different type.  @typescript-eslint/no-explicit-any\n\n./src/app/api/dev/git/commits/route.ts\n25:20  Error: Unexpected any. Specify a different type.  @typescript-eslint/no-explicit-any\n28:24  Error: Unexpected any. Specify a different type.  @typescript-eslint/no-explicit-any\n68:19  Error: Unexpected any. Specify a different type.  @typescript-eslint/no-explicit-any\n\n./src/app/api/dev/git/execute/route.ts\n36:13  Error: Unexpected any. Specify a different type.  @typescript-eslint/no-explicit-any\n75:19  Error: Unexpected any. Specify a different type.  @typescript-eslint/no-explicit-any\n\n./src/app/api/dev/git/status/route.ts\n7:27  Warning: 'request' is defined but never used.  @typescript-eslint/no-unused-vars\n30:14  Warning: 'e' is defined but never used.  @typescript-eslint/no-unused-vars\n40:20  Error: Unexpected any. Specify a different type.  @typescript-eslint/no-explicit-any\n92:19  Error: Unexpected any. Specify a different type.  @typescript-eslint/no-explicit-any\n\n./src/app/api/dev/logs/route.ts\n19:18  Error: Unexpected any. Specify a different type.  @typescript-eslint/no-explicit-any\n65:34  Error: Unexpected any. Specify a different type.  @typescript-eslint/no-explicit-any\n\n./src/app/api/dev/metrics/route.ts\n20:11  Warning: 'dbConnectionCount' is assigned a value but never used.  @typescript-eslint/no-unused-vars\n\n./src/app/api/dev/stats/route.ts\n25:59  Error: Unexpected any. Specify a different type.  @typescript-eslint/no-explicit-any\n43:65  Error: Unexpected any. Specify a different type.  @typescript-eslint/no-explicit-any\n49:40  Error: Unexpected any. Specify a different type.  @typescript-eslint/no-explicit-any\n\n./src/app/api/health/route.ts\n4:27  Warning: 'request' is defined but never used.  @typescript-eslint/no-unused-vars\n23:12  Warning: 'error' is defined but never used.  @typescript-eslint/no-unused-vars\n45:28  Warning: 'request' is defined but never used.  @typescript-eslint/no-unused-vars\n\n./src/app/api/internal/audit/route.ts\n17:7  Warning: 'ipAddress' is assigned a value but never used.  @typescript-eslint/no-unused-vars\n18:7  Warning: 'userAgent' is assigned a value but never used.  @typescript-eslint/no-unused-vars\n\n./src/app/api/meeting-intelligence/action-items/[id]/route.ts\n19:23  Error: Unexpected any. Specify a different type.  @typescript-eslint/no-explicit-any\n\n./src/app/api/meeting-intelligence/action-items/route.ts\n20:28  Error: Unexpected any. Specify a different type.  @typescript-eslint/no-explicit-any\n173:23  Error: Unexpected any. Specify a different type.  @typescript-eslint/no-explicit-any\n\n./src/app/api/meeting-intelligence/analytics/route.ts\n11:9  Warning: 'user' is assigned a value but never used.  @typescript-eslint/no-unused-vars\n20:9  Error: 'startDate' is never reassigned. Use 'const' instead.  prefer-const\n38:28  Error: Unexpected any. Specify a different type.  @typescript-eslint/no-explicit-any\n94:45  Error: Unexpected any. Specify a different type.  @typescript-eslint/no-explicit-any\n101:50  Error: Unexpected any. Specify a different type.  @typescript-eslint/no-explicit-any\n131:64  Error: Unexpected any. Specify a different type.  @typescript-eslint/no-explicit-any\n\n./src/app/api/meeting-intelligence/continuity/route.ts\n11:9  Warning: 'user' is assigned a value but never used.  @typescript-eslint/no-unused-vars\n125:47  Error: Unexpected any. Specify a different type.  @typescript-eslint/no-explicit-any\n145:36  Error: Unexpected any. Specify a different type.  @typescript-eslint/no-explicit-any\n145:54  Error: Unexpected any. Specify a different type.  @typescript-eslint/no-explicit-any\n145:62  Error: Unexpected any. Specify a different type.  @typescript-eslint/no-explicit-any\n157:55  Error: Unexpected any. Specify a different type.  @typescript-eslint/no-explicit-any\n158:61  Error: Unexpected any. Specify a different type.  @typescript-eslint/no-explicit-any\n162:56  Error: Unexpected any. Specify a different type.  @typescript-eslint/no-explicit-any\n163:54  Error: Unexpected any. Specify a different type.  @typescript-eslint/no-explicit-any\n164:54  Error: Unexpected any. Specify a different type.  @typescript-eslint/no-explicit-any\n175:38  Error: Unexpected any. Specify a different type.  @typescript-eslint/no-explicit-any\n175:44  Error: Unexpected any. Specify a different type.  @typescript-eslint/no-explicit-any\n\n./src/app/api/meeting-intelligence/role-tasks/route.ts\n11:9  Warning: 'user' is assigned a value but never used.  @typescript-eslint/no-unused-vars\n18:32  Error: Unexpected any. Specify a different type.  @typescript-eslint/no-explicit-any\n104:49  Error: Unexpected any. Specify a different type.  @typescript-eslint/no-explicit-any\n\n./src/app/api/meeting-intelligence/search/route.ts\n11:9  Warning: 'user' is assigned a value but never used.  @typescript-eslint/no-unused-vars\n26:26  Error: Unexpected any. Specify a different type.  @typescript-eslint/no-explicit-any\n\n./src/app/api/meeting-templates/[id]/route.ts\n14:9  Warning: 'user' is assigned a value but never used.  @typescript-eslint/no-unused-vars\n80:9  Warning: 'user' is assigned a value but never used.  @typescript-eslint/no-unused-vars\n150:9  Warning: 'user' is assigned a value but never used.  @typescript-eslint/no-unused-vars\n\n./src/app/api/meeting-templates/route.ts\n11:9  Warning: 'user' is assigned a value but never used.  @typescript-eslint/no-unused-vars\n\n./src/app/api/meetings/[id]/agenda-items/[itemId]/comments/route.ts\n4:34  Warning: 'EVENTS' is defined but never used.  @typescript-eslint/no-unused-vars\n\n./src/app/api/meetings/[id]/agenda-items/[itemId]/route.ts\n76:11  Warning: 'isAttendee' is assigned a value but never used.  @typescript-eslint/no-unused-vars\n\n./src/app/api/meetings/[id]/agenda-items/route.ts\n223:11  Warning: 'user' is assigned a value but never used.  @typescript-eslint/no-unused-vars\n225:11  Warning: 'meetingId' is assigned a value but never used.  @typescript-eslint/no-unused-vars\n\n./src/app/api/meetings/[id]/route.ts\n2:10  Warning: 'requireAuth' is defined but never used.  @typescript-eslint/no-unused-vars\n2:23  Warning: 'AuthPresets' is defined but never used.  @typescript-eslint/no-unused-vars\n\n./src/app/api/meetings/history/route.ts\n23:9  Error: 'whereClause' is never reassigned. Use 'const' instead.  prefer-const\n23:22  Error: Unexpected any. Specify a different type.  @typescript-eslint/no-explicit-any\n161:66  Error: Unexpected any. Specify a different type.  @typescript-eslint/no-explicit-any\n\n./src/app/api/meetings/route.ts\n5:10  Warning: 'MeetingWithRelations' is defined but never used.  @typescript-eslint/no-unused-vars\n\n./src/app/api/meetings/search/suggestions/route.ts\n22:15  Error: Unexpected any. Specify a different type.  @typescript-eslint/no-explicit-any\n\n./src/app/api/monitoring/production-errors-admin/route.ts\n28:13  Warning: 'adminToken' is assigned a value but never used.  @typescript-eslint/no-unused-vars\n119:84  Error: Unexpected any. Specify a different type.  @typescript-eslint/no-explicit-any\n\n./src/app/api/monitoring/real-time-errors/route.ts\n5:31  Error: Unexpected any. Specify a different type.  @typescript-eslint/no-explicit-any\n104:20  Error: Unexpected any. Specify a different type.  @typescript-eslint/no-explicit-any\n180:12  Warning: 'error' is defined but never used.  @typescript-eslint/no-unused-vars\n188:53  Error: Unexpected any. Specify a different type.  @typescript-eslint/no-explicit-any\n204:35  Error: Unexpected any. Specify a different type.  @typescript-eslint/no-explicit-any\n228:40  Error: Unexpected any. Specify a different type.  @typescript-eslint/no-explicit-any\n239:43  Error: Unexpected any. Specify a different type.  @typescript-eslint/no-explicit-any\n\n./src/app/api/roles/hierarchy/route.ts\n18:11  Warning: 'user' is assigned a value but never used.  @typescript-eslint/no-unused-vars\n44:29  Error: Unexpected any. Specify a different type.  @typescript-eslint/no-explicit-any\n57:40  Error: Unexpected any. Specify a different type.  @typescript-eslint/no-explicit-any\n\n./src/app/api/roles/route.ts\n33:55  Warning: 'description' is assigned a value but never used.  @typescript-eslint/no-unused-vars\n81:59  Warning: 'description' is assigned a value but never used.  @typescript-eslint/no-unused-vars\n116:23  Error: Unexpected any. Specify a different type.  @typescript-eslint/no-explicit-any\n\n./src/app/api/school/route.ts\n67:34  Warning: 'phone' is assigned a value but never used.  @typescript-eslint/no-unused-vars\n67:41  Warning: 'email' is assigned a value but never used.  @typescript-eslint/no-unused-vars\n183:23  Error: Unexpected any. Specify a different type.  @typescript-eslint/no-explicit-any\n\n./src/app/api/schools/[id]/route.ts\n30:28  Warning: 'city' is assigned a value but never used.  @typescript-eslint/no-unused-vars\n30:34  Warning: 'state' is assigned a value but never used.  @typescript-eslint/no-unused-vars\n30:41  Warning: 'zipCode' is assigned a value but never used.  @typescript-eslint/no-unused-vars\n30:50  Warning: 'phone' is assigned a value but never used.  @typescript-eslint/no-unused-vars\n30:57  Warning: 'website' is assigned a value but never used.  @typescript-eslint/no-unused-vars\n30:66  Warning: 'logo' is assigned a value but never used.  @typescript-eslint/no-unused-vars\n\n./src/app/api/schools/route.ts\n8:27  Warning: 'request' is defined but never used.  @typescript-eslint/no-unused-vars\n61:28  Warning: 'city' is assigned a value but never used.  @typescript-eslint/no-unused-vars\n61:34  Warning: 'state' is assigned a value but never used.  @typescript-eslint/no-unused-vars\n61:41  Warning: 'zipCode' is assigned a value but never used.  @typescript-eslint/no-unused-vars\n61:50  Warning: 'phone' is assigned a value but never used.  @typescript-eslint/no-unused-vars\n61:57  Warning: 'website' is assigned a value but never used.  @typescript-eslint/no-unused-vars\n61:66  Warning: 'logo' is assigned a value but never used.  @typescript-eslint/no-unused-vars\n\n./src/app/api/staff/upload/route.ts\n7:37  Error: Unexpected any. Specify a different type.  @typescript-eslint/no-explicit-any\n16:19  Error: Unexpected any. Specify a different type.  @typescript-eslint/no-explicit-any\n31:13  Error: Unexpected any. Specify a different type.  @typescript-eslint/no-explicit-any\n32:8  Error: Unexpected any. Specify a different type.  @typescript-eslint/no-explicit-any\n70:7  Warning: 'recordSchema' is assigned a value but never used.  @typescript-eslint/no-unused-vars\n137:18  Error: Unexpected any. Specify a different type.  @typescript-eslint/no-explicit-any\n182:46  Error: Unexpected any. Specify a different type.  @typescript-eslint/no-explicit-any\n183:58  Error: Unexpected any. Specify a different type.  @typescript-eslint/no-explicit-any\n417:13  Warning: 'actions' is assigned a value but never used.  @typescript-eslint/no-unused-vars\n420:13  Warning: 'selectedChanges' is assigned a value but never used.  @typescript-eslint/no-unused-vars\n441:47  Error: Unexpected any. Specify a different type.  @typescript-eslint/no-explicit-any\n442:59  Error: Unexpected any. Specify a different type.  @typescript-eslint/no-explicit-any\n\n./src/app/api/system/alerts/route.ts\n17:11  Warning: 'user' is assigned a value but never used.  @typescript-eslint/no-unused-vars\n118:11  Warning: 'user' is assigned a value but never used.  @typescript-eslint/no-unused-vars\n176:11  Warning: 'user' is assigned a value but never used.  @typescript-eslint/no-unused-vars\n177:11  Warning: 'body' is assigned a value but never used.  @typescript-eslint/no-unused-vars\n\n./src/app/api/system/backup/route.ts\n15:9  Warning: 'user' is assigned a value but never used.  @typescript-eslint/no-unused-vars\n28:19  Error: Unexpected any. Specify a different type.  @typescript-eslint/no-explicit-any\n42:9  Warning: 'user' is assigned a value but never used.  @typescript-eslint/no-unused-vars\n60:19  Error: Unexpected any. Specify a different type.  @typescript-eslint/no-explicit-any\n116:19  Error: Unexpected any. Specify a different type.  @typescript-eslint/no-explicit-any\n164:25  Error: Unexpected any. Specify a different type.  @typescript-eslint/no-explicit-any\n185:19  Error: Unexpected any. Specify a different type.  @typescript-eslint/no-explicit-any\n218:23  Error: Unexpected any. Specify a different type.  @typescript-eslint/no-explicit-any\n247:19  Error: Unexpected any. Specify a different type.  @typescript-eslint/no-explicit-any\n292:19  Error: Unexpected any. Specify a different type.  @typescript-eslint/no-explicit-any\n318:46  Error: Unexpected any. Specify a different type.  @typescript-eslint/no-explicit-any\n364:19  Error: Unexpected any. Specify a different type.  @typescript-eslint/no-explicit-any\n405:19  Error: Unexpected any. Specify a different type.  @typescript-eslint/no-explicit-any\n414:47  Error: Unexpected any. Specify a different type.  @typescript-eslint/no-explicit-any\n591:9  Warning: 'totalSize' is assigned a value but never used.  @typescript-eslint/no-unused-vars\n629:19  Error: Unexpected any. Specify a different type.  @typescript-eslint/no-explicit-any\n644:9  Warning: 'user' is assigned a value but never used.  @typescript-eslint/no-unused-vars\n703:19  Error: Unexpected any. Specify a different type.  @typescript-eslint/no-explicit-any\n\n./src/app/api/system/database/route.ts\n52:19  Error: Unexpected any. Specify a different type.  @typescript-eslint/no-explicit-any\n\n./src/app/api/system/error-fix/route.ts\n10:19  Warning: 'errors' is assigned a value but never used.  @typescript-eslint/no-unused-vars\n25:19  Error: Unexpected any. Specify a different type.  @typescript-eslint/no-explicit-any\n65:25  Warning: 'stderr' is assigned a value but never used.  @typescript-eslint/no-unused-vars\n70:23  Error: Unexpected any. Specify a different type.  @typescript-eslint/no-explicit-any\n83:19  Error: Unexpected any. Specify a different type.  @typescript-eslint/no-explicit-any\n136:23  Error: Unexpected any. Specify a different type.  @typescript-eslint/no-explicit-any\n148:19  Error: Unexpected any. Specify a different type.  @typescript-eslint/no-explicit-any\n229:23  Error: Unexpected any. Specify a different type.  @typescript-eslint/no-explicit-any\n240:19  Error: Unexpected any. Specify a different type.  @typescript-eslint/no-explicit-any\n263:23  Error: Unexpected any. Specify a different type.  @typescript-eslint/no-explicit-any\n275:19  Error: Unexpected any. Specify a different type.  @typescript-eslint/no-explicit-any\n301:23  Error: Unexpected any. Specify a different type.  @typescript-eslint/no-explicit-any\n312:14  Warning: 'error' is defined but never used.  @typescript-eslint/no-unused-vars\n320:14  Warning: 'error' is defined but never used.  @typescript-eslint/no-unused-vars\n328:14  Warning: 'error' is defined but never used.  @typescript-eslint/no-unused-vars\n336:14  Warning: 'error' is defined but never used.  @typescript-eslint/no-unused-vars\n353:19  Error: Unexpected any. Specify a different type.  @typescript-eslint/no-explicit-any\n\n./src/app/api/system/fix/route.ts\n24:19  Error: Unexpected any. Specify a different type.  @typescript-eslint/no-explicit-any\n51:14  Warning: 'error' is defined but never used.  @typescript-eslint/no-unused-vars\n81:14  Warning: 'error' is defined but never used.  @typescript-eslint/no-unused-vars\n91:14  Warning: 'error' is defined but never used.  @typescript-eslint/no-unused-vars\n97:19  Error: Unexpected any. Specify a different type.  @typescript-eslint/no-explicit-any\n144:20  Warning: 'error' is defined but never used.  @typescript-eslint/no-unused-vars\n150:14  Warning: 'error' is defined but never used.  @typescript-eslint/no-unused-vars\n159:14  Warning: 'error' is defined but never used.  @typescript-eslint/no-unused-vars\n169:16  Warning: 'error' is defined but never used.  @typescript-eslint/no-unused-vars\n189:19  Error: Unexpected any. Specify a different type.  @typescript-eslint/no-explicit-any\n\n./src/app/api/system/health-check/route.ts\n38:19  Error: Unexpected any. Specify a different type.  @typescript-eslint/no-explicit-any\n56:19  Error: Unexpected any. Specify a different type.  @typescript-eslint/no-explicit-any\n93:19  Error: Unexpected any. Specify a different type.  @typescript-eslint/no-explicit-any\n135:19  Error: Unexpected any. Specify a different type.  @typescript-eslint/no-explicit-any\n167:19  Error: Unexpected any. Specify a different type.  @typescript-eslint/no-explicit-any\n201:19  Error: Unexpected any. Specify a different type.  @typescript-eslint/no-explicit-any\n227:20  Error: Unexpected any. Specify a different type.  @typescript-eslint/no-explicit-any\n310:19  Error: Unexpected any. Specify a different type.  @typescript-eslint/no-explicit-any\n340:12  Warning: 'error' is defined but never used.  @typescript-eslint/no-unused-vars\n340:19  Error: Unexpected any. Specify a different type.  @typescript-eslint/no-explicit-any\n\n./src/app/api/system/lint-errors/route.ts\n60:19  Error: Unexpected any. Specify a different type.  @typescript-eslint/no-explicit-any\n83:19  Error: Unexpected any. Specify a different type.  @typescript-eslint/no-explicit-any\n95:21  Warning: 'stderr' is assigned a value but never used.  @typescript-eslint/no-unused-vars\n145:19  Error: Unexpected any. Specify a different type.  @typescript-eslint/no-explicit-any\n226:19  Error: Unexpected any. Specify a different type.  @typescript-eslint/no-explicit-any\n289:19  Error: Unexpected any. Specify a different type.  @typescript-eslint/no-explicit-any\n319:21  Warning: 'stderr' is assigned a value but never used.  @typescript-eslint/no-unused-vars\n342:19  Error: Unexpected any. Specify a different type.  @typescript-eslint/no-explicit-any\n362:55  Error: Unexpected any. Specify a different type.  @typescript-eslint/no-explicit-any\n393:19  Error: Unexpected any. Specify a different type.  @typescript-eslint/no-explicit-any\n398:44  Error: Unexpected any. Specify a different type.  @typescript-eslint/no-explicit-any\n418:19  Error: Unexpected any. Specify a different type.  @typescript-eslint/no-explicit-any\n423:65  Error: Unexpected any. Specify a different type.  @typescript-eslint/no-explicit-any\n\n./src/app/api/system/logs/route.ts\n4:13  Warning: 'fs' is defined but never used.  @typescript-eslint/no-unused-vars\n5:13  Warning: 'path' is defined but never used.  @typescript-eslint/no-unused-vars\n\n./src/app/api/system/server-metrics/route.ts\n62:11  Warning: 'memoryUsage' is assigned a value but never used.  @typescript-eslint/no-unused-vars\n82:14  Warning: 'error' is defined but never used.  @typescript-eslint/no-unused-vars\n\n./src/app/api/system/settings/route.ts\n11:9  Warning: 'user' is assigned a value but never used.  @typescript-eslint/no-unused-vars\n24:29  Error: Unexpected any. Specify a different type.  @typescript-eslint/no-explicit-any\n47:9  Warning: 'user' is assigned a value but never used.  @typescript-eslint/no-unused-vars\n68:37  Error: Unexpected any. Specify a different type.  @typescript-eslint/no-explicit-any\n69:42  Error: Unexpected any. Specify a different type.  @typescript-eslint/no-explicit-any\n\n./src/app/api/system/status/route.ts\n9:27  Warning: 'request' is defined but never used.  @typescript-eslint/no-unused-vars\n81:87  Error: Unexpected any. Specify a different type.  @typescript-eslint/no-explicit-any\n100:19  Error: Unexpected any. Specify a different type.  @typescript-eslint/no-explicit-any\n105:91  Error: Unexpected any. Specify a different type.  @typescript-eslint/no-explicit-any\n147:16  Warning: 'getDatabaseStatus' is defined but never used.  @typescript-eslint/no-unused-vars\n\n./src/app/api/system/update/route.ts\n20:19  Error: Unexpected any. Specify a different type.  @typescript-eslint/no-explicit-any\n188:23  Error: Unexpected any. Specify a different type.  @typescript-eslint/no-explicit-any\n216:19  Error: Unexpected any. Specify a different type.  @typescript-eslint/no-explicit-any\n234:87  Error: Unexpected any. Specify a different type.  @typescript-eslint/no-explicit-any\n246:19  Error: Unexpected any. Specify a different type.  @typescript-eslint/no-explicit-any\n250:91  Error: Unexpected any. Specify a different type.  @typescript-eslint/no-explicit-any\n\n./src/app/api/tests/history/route.ts\n5:27  Warning: 'request' is defined but never used.  @typescript-eslint/no-unused-vars\n27:44  Error: Unexpected any. Specify a different type.  @typescript-eslint/no-explicit-any\n\n./src/app/api/tests/run/route.ts\n2:10  Warning: 'withAuth' is defined but never used.  @typescript-eslint/no-unused-vars\n17:36  Error: Unexpected any. Specify a different type.  @typescript-eslint/no-explicit-any\n149:13  Error: 'outputBuffer' is never reassigned. Use 'const' instead.  prefer-const\n149:13  Warning: 'outputBuffer' is assigned a value but never used.  @typescript-eslint/no-unused-vars\n246:10  Warning: 'calculateCoverage' is defined but never used.  @typescript-eslint/no-unused-vars\n246:41  Error: Unexpected any. Specify a different type.  @typescript-eslint/no-explicit-any\n254:53  Error: Unexpected any. Specify a different type.  @typescript-eslint/no-explicit-any\n270:12  Error: Unexpected any. Specify a different type.  @typescript-eslint/no-explicit-any\n\n./src/app/api/tests/suites/route.ts\n2:10  Warning: 'withAuth' is defined but never used.  @typescript-eslint/no-unused-vars\n7:27  Warning: 'request' is defined but never used.  @typescript-eslint/no-unused-vars\n\n./src/app/api/user/2fa/setup/route.ts\n3:10  Warning: 'prisma' is defined but never used.  @typescript-eslint/no-unused-vars\n8:28  Warning: 'request' is defined but never used.  @typescript-eslint/no-unused-vars\n\n./src/app/api/user/2fa/verify/route.ts\n3:10  Warning: 'prisma' is defined but never used.  @typescript-eslint/no-unused-vars\n5:10  Warning: 'authenticator' is defined but never used.  @typescript-eslint/no-unused-vars\n\n./src/app/api/user/admin-update-department/route.ts\n10:9  Warning: 'user' is assigned a value but never used.  @typescript-eslint/no-unused-vars\n\n./src/app/api/user/admin-update-role/route.ts\n10:9  Warning: 'user' is assigned a value but never used.  @typescript-eslint/no-unused-vars\n\n./src/app/api/user/change-password/route.ts\n27:23  Error: Optional chain expressions can return undefined by design - using a non-null assertion is unsafe and wrong.  @typescript-eslint/no-non-null-asserted-optional-chain\n42:23  Error: Optional chain expressions can return undefined by design - using a non-null assertion is unsafe and wrong.  @typescript-eslint/no-non-null-asserted-optional-chain\n\n./src/app/api/user/disable-2fa/route.ts\n3:10  Warning: 'prisma' is defined but never used.  @typescript-eslint/no-unused-vars\n\n./src/app/api/user/enable-2fa/route.ts\n3:10  Warning: 'prisma' is defined but never used.  @typescript-eslint/no-unused-vars\n30:7  Error: Optional chain expressions can return undefined by design - using a non-null assertion is unsafe and wrong.  @typescript-eslint/no-non-null-asserted-optional-chain\n\n./src/app/api/user/profile/route.ts\n65:23  Error: Unexpected any. Specify a different type.  @typescript-eslint/no-explicit-any\n\n./src/app/api/user/revoke-all-sessions/route.ts\n17:17  Error: Optional chain expressions can return undefined by design - using a non-null assertion is unsafe and wrong.  @typescript-eslint/no-non-null-asserted-optional-chain\n\n./src/app/api/user/revoke-device/route.ts\n3:10  Warning: 'prisma' is defined but never used.  @typescript-eslint/no-unused-vars\n\n./src/app/api/user/send-verification/route.ts\n17:23  Error: Optional chain expressions can return undefined by design - using a non-null assertion is unsafe and wrong.  @typescript-eslint/no-non-null-asserted-optional-chain\n\n./src/app/api/user/set-password/route.ts\n27:23  Error: Optional chain expressions can return undefined by design - using a non-null assertion is unsafe and wrong.  @typescript-eslint/no-non-null-asserted-optional-chain\n37:23  Error: Optional chain expressions can return undefined by design - using a non-null assertion is unsafe and wrong.  @typescript-eslint/no-non-null-asserted-optional-chain\n\n./src/app/api/user/toggle-login-notifications/route.ts\n16:23  Error: Optional chain expressions can return undefined by design - using a non-null assertion is unsafe and wrong.  @typescript-eslint/no-non-null-asserted-optional-chain\n\n./src/app/api/user/toggle-remember-devices/route.ts\n6:28  Warning: 'request' is defined but never used.  @typescript-eslint/no-unused-vars\n\n./src/app/api/user/toggle-suspicious-alerts/route.ts\n16:23  Error: Optional chain expressions can return undefined by design - using a non-null assertion is unsafe and wrong.  @typescript-eslint/no-non-null-asserted-optional-chain\n\n./src/app/api/users/route.ts\n1:23  Warning: 'NextResponse' is defined but never used.  @typescript-eslint/no-unused-vars\n2:10  Warning: 'getServerSession' is defined but never used.  @typescript-eslint/no-unused-vars\n4:10  Warning: 'authOptions' is defined but never used.  @typescript-eslint/no-unused-vars\n\n./src/app/auth/forgot-password/page.tsx\n11:42  Error: `'` can be escaped with `&apos;`, `&lsquo;`, `&#39;`, `&rsquo;`.  react/no-unescaped-entities\n\n./src/app/auth/signin/page.tsx\n10:9  Warning: 'router' is assigned a value but never used.  @typescript-eslint/no-unused-vars\n98:18  Error: `'` can be escaped with `&apos;`, `&lsquo;`, `&#39;`, `&rsquo;`.  react/no-unescaped-entities\n\n./src/app/auth/signup/page.tsx\n41:53  Error: Unexpected any. Specify a different type.  @typescript-eslint/no-explicit-any\n\n./src/app/dashboard/DashboardLayoutClient.tsx\n5:10  Warning: 'Header' is defined but never used.  @typescript-eslint/no-unused-vars\n13:9  Error: Unexpected any. Specify a different type.  @typescript-eslint/no-explicit-any\n14:16  Error: Unexpected any. Specify a different type.  @typescript-eslint/no-explicit-any\n15:18  Error: Unexpected any. Specify a different type.  @typescript-eslint/no-explicit-any\n26:10  Warning: 'mounted' is assigned a value but never used.  @typescript-eslint/no-unused-vars\n\n./src/app/dashboard/design-system-demo/page3.tsx\n22:3  Warning: 'AlertCircle' is defined but never used.  @typescript-eslint/no-unused-vars\n29:3  Warning: 'User' is defined but never used.  @typescript-eslint/no-unused-vars\n33:3  Warning: 'Star' is defined but never used.  @typescript-eslint/no-unused-vars\n34:3  Warning: 'Heart' is defined but never used.  @typescript-eslint/no-unused-vars\n35:3  Warning: 'Share2' is defined but never used.  @typescript-eslint/no-unused-vars\n37:3  Warning: 'Edit' is defined but never used.  @typescript-eslint/no-unused-vars\n38:3  Warning: 'Trash' is defined but never used.  @typescript-eslint/no-unused-vars\n40:3  Warning: 'EyeOff' is defined but never used.  @typescript-eslint/no-unused-vars\n41:3  Warning: 'ChevronDown' is defined but never used.  @typescript-eslint/no-unused-vars\n42:3  Warning: 'ChevronRight' is defined but never used.  @typescript-eslint/no-unused-vars\n43:3  Warning: 'ArrowRight' is defined but never used.  @typescript-eslint/no-unused-vars\n44:3  Warning: 'Play' is defined but never used.  @typescript-eslint/no-unused-vars\n45:3  Warning: 'Pause' is defined but never used.  @typescript-eslint/no-unused-vars\n46:3  Warning: 'SkipBack' is defined but never used.  @typescript-eslint/no-unused-vars\n47:3  Warning: 'SkipForward' is defined but never used.  @typescript-eslint/no-unused-vars\n48:3  Warning: 'Volume2' is defined but never used.  @typescript-eslint/no-unused-vars\n49:3  Warning: 'Mic' is defined but never used.  @typescript-eslint/no-unused-vars\n50:3  Warning: 'MicOff' is defined but never used.  @typescript-eslint/no-unused-vars\n51:3  Warning: 'Camera' is defined but never used.  @typescript-eslint/no-unused-vars\n52:3  Warning: 'CameraOff' is defined but never used.  @typescript-eslint/no-unused-vars\n421:23  Warning: 'setSidebarOpen' is assigned a value but never used.  @typescript-eslint/no-unused-vars\n\n./src/app/dashboard/development/page.tsx\n8:10  Warning: 'Alert' is defined but never used.  @typescript-eslint/no-unused-vars\n8:17  Warning: 'AlertDescription' is defined but never used.  @typescript-eslint/no-unused-vars\n12:3  Warning: 'BugIcon' is defined but never used.  @typescript-eslint/no-unused-vars\n18:3  Warning: 'BarChart3Icon' is defined but never used.  @typescript-eslint/no-unused-vars\n20:3  Warning: 'RefreshCwIcon' is defined but never used.  @typescript-eslint/no-unused-vars\n21:3  Warning: 'DownloadIcon' is defined but never used.  @typescript-eslint/no-unused-vars\n\n./src/app/dashboard/layout.tsx\n1:10  Warning: 'getServerSession' is defined but never used.  @typescript-eslint/no-unused-vars\n2:23  Warning: 'getCurrentUser' is defined but never used.  @typescript-eslint/no-unused-vars\n3:10  Warning: 'redirect' is defined but never used.  @typescript-eslint/no-unused-vars\n4:8  Warning: 'Link' is defined but never used.  @typescript-eslint/no-unused-vars\n5:10  Warning: 'authOptions' is defined but never used.  @typescript-eslint/no-unused-vars\n7:10  Warning: 'Header' is defined but never used.  @typescript-eslint/no-unused-vars\n8:10  Warning: 'RoleSwitch' is defined but never used.  @typescript-eslint/no-unused-vars\n9:10  Warning: 'SidebarWrapper' is defined but never used.  @typescript-eslint/no-unused-vars\n\n./src/app/dashboard/meeting-intelligence/action-items/page.tsx\n12:3  Warning: 'Target' is defined but never used.  @typescript-eslint/no-unused-vars\n14:3  Warning: 'X' is defined but never used.  @typescript-eslint/no-unused-vars\n73:10  Warning: 'selectedItem' is assigned a value but never used.  @typescript-eslint/no-unused-vars\n78:6  Warning: React Hook useEffect has a missing dependency: 'fetchActionItems'. Either include it or remove the dependency array.  react-hooks/exhaustive-deps\n93:55  Error: Unexpected any. Specify a different type.  @typescript-eslint/no-explicit-any\n\n./src/app/dashboard/meeting-intelligence/analytics/page.tsx\n5:3  Warning: 'BarChart3' is defined but never used.  @typescript-eslint/no-unused-vars\n51:6  Warning: React Hook useEffect has a missing dependency: 'fetchAnalytics'. Either include it or remove the dependency array.  react-hooks/exhaustive-deps\n130:61  Error: Unexpected any. Specify a different type.  @typescript-eslint/no-explicit-any\n\n./src/app/dashboard/meeting-intelligence/continuity/page.tsx\n15:3  Warning: 'TrendingUp' is defined but never used.  @typescript-eslint/no-unused-vars\n75:10  Warning: 'selectedChain' is assigned a value but never used.  @typescript-eslint/no-unused-vars\n75:25  Warning: 'setSelectedChain' is assigned a value but never used.  @typescript-eslint/no-unused-vars\n\n./src/app/dashboard/meeting-intelligence/page.tsx\n2:55  Warning: 'MeetingContinuityService' is defined but never used.  @typescript-eslint/no-unused-vars\n20:9  Warning: 'actionStats' is assigned a value but never used.  @typescript-eslint/no-unused-vars\n116:34  Error: Unexpected any. Specify a different type.  @typescript-eslint/no-explicit-any\n142:37  Error: Unexpected any. Specify a different type.  @typescript-eslint/no-explicit-any\n\n./src/app/dashboard/meeting-intelligence/role-tasks/page.tsx\n7:3  Warning: 'Target' is defined but never used.  @typescript-eslint/no-unused-vars\n8:3  Warning: 'CheckSquare' is defined but never used.  @typescript-eslint/no-unused-vars\n9:3  Warning: 'Clock' is defined but never used.  @typescript-eslint/no-unused-vars\n10:3  Warning: 'AlertCircle' is defined but never used.  @typescript-eslint/no-unused-vars\n11:3  Warning: 'TrendingUp' is defined but never used.  @typescript-eslint/no-unused-vars\n78:10  Warning: 'selectedRole' is assigned a value but never used.  @typescript-eslint/no-unused-vars\n78:24  Warning: 'setSelectedRole' is assigned a value but never used.  @typescript-eslint/no-unused-vars\n82:62  Error: Unexpected any. Specify a different type.  @typescript-eslint/no-explicit-any\n86:6  Warning: React Hook useEffect has a missing dependency: 'fetchRoleTasks'. Either include it or remove the dependency array.  react-hooks/exhaustive-deps\n96:59  Error: Unexpected any. Specify a different type.  @typescript-eslint/no-explicit-any\n98:50  Error: Unexpected any. Specify a different type.  @typescript-eslint/no-explicit-any\n\n./src/app/dashboard/meeting-intelligence/search/page.tsx\n4:28  Warning: 'Filter' is defined but never used.  @typescript-eslint/no-unused-vars\n57:9  Warning: 'router' is assigned a value but never used.  @typescript-eslint/no-unused-vars\n99:69  Error: Unexpected any. Specify a different type.  @typescript-eslint/no-explicit-any\n106:69  Error: Unexpected any. Specify a different type.  @typescript-eslint/no-explicit-any\n185:64  Error: Unexpected any. Specify a different type.  @typescript-eslint/no-explicit-any\n341:36  Error: `\"` can be escaped with `&quot;`, `&ldquo;`, `&#34;`, `&rdquo;`.  react/no-unescaped-entities\n341:53  Error: `\"` can be escaped with `&quot;`, `&ldquo;`, `&#34;`, `&rdquo;`.  react/no-unescaped-entities\n361:22  Error: `\"` can be escaped with `&quot;`, `&ldquo;`, `&#34;`, `&rdquo;`.  react/no-unescaped-entities\n361:29  Error: `\"` can be escaped with `&quot;`, `&ldquo;`, `&#34;`, `&rdquo;`.  react/no-unescaped-entities\n367:22  Error: `\"` can be escaped with `&quot;`, `&ldquo;`, `&#34;`, `&rdquo;`.  react/no-unescaped-entities\n367:31  Error: `\"` can be escaped with `&quot;`, `&ldquo;`, `&#34;`, `&rdquo;`.  react/no-unescaped-entities\n373:22  Error: `\"` can be escaped with `&quot;`, `&ldquo;`, `&#34;`, `&rdquo;`.  react/no-unescaped-entities\n373:28  Error: `\"` can be escaped with `&quot;`, `&ldquo;`, `&#34;`, `&rdquo;`.  react/no-unescaped-entities\n\n./src/app/dashboard/meetings/[id]/edit/MeetingEditForm.tsx\n6:10  Warning: 'Input' is defined but never used.  @typescript-eslint/no-unused-vars\n40:44  Warning: 'users' is defined but never used.  @typescript-eslint/no-unused-vars\n64:46  Error: Unexpected any. Specify a different type.  @typescript-eslint/no-explicit-any\n\n./src/app/dashboard/meetings/new/page.tsx\n14:9  Warning: 'currentStaff' is assigned a value but never used.  @typescript-eslint/no-unused-vars\n79:20  Error: Unexpected any. Specify a different type.  @typescript-eslint/no-explicit-any\n147:15  Warning: 'timeDiff' is assigned a value but never used.  @typescript-eslint/no-unused-vars\n152:13  Error: 'currentDate' is never reassigned. Use 'const' instead.  prefer-const\n278:21  Error: Unexpected any. Specify a different type.  @typescript-eslint/no-explicit-any\n\n./src/app/dashboard/meetings/page.tsx\n4:29  Warning: 'CardDescription' is defined but never used.  @typescript-eslint/no-unused-vars\n4:46  Warning: 'CardHeader' is defined but never used.  @typescript-eslint/no-unused-vars\n4:58  Warning: 'CardTitle' is defined but never used.  @typescript-eslint/no-unused-vars\n6:10  Warning: 'Plus' is defined but never used.  @typescript-eslint/no-unused-vars\n24:9  Warning: 'router' is assigned a value but never used.  @typescript-eslint/no-unused-vars\n\n./src/app/dashboard/monitoring/page.tsx\n6:9  Warning: 'user' is assigned a value but never used.  @typescript-eslint/no-unused-vars\n\n./src/app/dashboard/page.tsx\n2:10  Warning: 'getServerSession' is defined but never used.  @typescript-eslint/no-unused-vars\n3:23  Warning: 'getCurrentUser' is defined but never used.  @typescript-eslint/no-unused-vars\n4:10  Warning: 'authOptions' is defined but never used.  @typescript-eslint/no-unused-vars\n186:72  Error: `'` can be escaped with `&apos;`, `&lsquo;`, `&#39;`, `&rsquo;`.  react/no-unescaped-entities\n187:13  Error: Do not use an `<a>` element to navigate to `/dashboard/meetings/`. Use `<Link />` from `next/link` instead. See: https://nextjs.org/docs/messages/no-html-link-for-pages  @next/next/no-html-link-for-pages\n187:13  Error: Do not use an `<a>` element to navigate to `/dashboard/meetings/`. Use `<Link />` from `next/link` instead. See: https://nextjs.org/docs/messages/no-html-link-for-pages  @next/next/no-html-link-for-pages\n196:57  Error: Unexpected any. Specify a different type.  @typescript-eslint/no-explicit-any\n219:17  Error: Do not use an `<a>` element to navigate to `/dashboard/meetings/`. Use `<Link />` from `next/link` instead. See: https://nextjs.org/docs/messages/no-html-link-for-pages  @next/next/no-html-link-for-pages\n219:17  Error: Do not use an `<a>` element to navigate to `/dashboard/meetings/`. Use `<Link />` from `next/link` instead. See: https://nextjs.org/docs/messages/no-html-link-for-pages  @next/next/no-html-link-for-pages\n263:15  Error: Do not use an `<a>` element to navigate to `/dashboard/meetings/`. Use `<Link />` from `next/link` instead. See: https://nextjs.org/docs/messages/no-html-link-for-pages  @next/next/no-html-link-for-pages\n263:15  Error: Do not use an `<a>` element to navigate to `/dashboard/meetings/`. Use `<Link />` from `next/link` instead. See: https://nextjs.org/docs/messages/no-html-link-for-pages  @next/next/no-html-link-for-pages\n\n./src/app/dashboard/settings/admin/page.tsx\n13:9  Warning: 'user' is assigned a value but never used.  @typescript-eslint/no-unused-vars\n\n./src/app/dashboard/settings/audit/page.tsx\n2:10  Warning: 'getServerSession' is defined but never used.  @typescript-eslint/no-unused-vars\n3:23  Warning: 'getCurrentUser' is defined but never used.  @typescript-eslint/no-unused-vars\n5:10  Warning: 'authOptions' is defined but never used.  @typescript-eslint/no-unused-vars\n58:20  Error: Unexpected any. Specify a different type.  @typescript-eslint/no-explicit-any\n107:39  Warning: 'category' is assigned a value but never used.  @typescript-eslint/no-unused-vars\n\n./src/app/dashboard/settings/audit-logs/AuditLogsClient.tsx\n168:10  Warning: 'isLegacyLog' is defined but never used.  @typescript-eslint/no-unused-vars\n292:6  Warning: React Hook useCallback has a missing dependency: 'pagination'. Either include it or remove the dependency array. You can also do a functional update 'setPagination(p => ...)' if you only need 'pagination' in the 'setPagination' call.  react-hooks/exhaustive-deps\n\n./src/app/dashboard/settings/backup/BackupClient.tsx\n20:3  Warning: 'Shield' is defined but never used.  @typescript-eslint/no-unused-vars\n122:6  Warning: React Hook useEffect has a missing dependency: 'backupComponents'. Either include it or remove the dependency array.  react-hooks/exhaustive-deps\n207:13  Warning: 'result' is assigned a value but never used.  @typescript-eslint/no-unused-vars\n234:9  Warning: 'createBackup' is assigned a value but never used.  @typescript-eslint/no-unused-vars\n267:6  Warning: React Hook useEffect has a missing dependency: 'fetchBackupData'. Either include it or remove the dependency array.  react-hooks/exhaustive-deps\n\n./src/app/dashboard/settings/backup/page.tsx\n12:9  Warning: 'user' is assigned a value but never used.  @typescript-eslint/no-unused-vars\n\n./src/app/dashboard/settings/meeting-audit/page.tsx\n3:10  Warning: 'redirect' is defined but never used.  @typescript-eslint/no-unused-vars\n4:10  Warning: 'prisma' is defined but never used.  @typescript-eslint/no-unused-vars\n13:9  Warning: 'user' is assigned a value but never used.  @typescript-eslint/no-unused-vars\n\n./src/app/dashboard/settings/meeting-management/page.tsx\n2:10  Warning: 'getServerSession' is defined but never used.  @typescript-eslint/no-unused-vars\n3:23  Warning: 'getCurrentUser' is defined but never used.  @typescript-eslint/no-unused-vars\n5:10  Warning: 'authOptions' is defined but never used.  @typescript-eslint/no-unused-vars\n\n./src/app/dashboard/settings/meeting-permissions/page.tsx\n3:10  Warning: 'redirect' is defined but never used.  @typescript-eslint/no-unused-vars\n4:10  Warning: 'prisma' is defined but never used.  @typescript-eslint/no-unused-vars\n13:9  Warning: 'user' is assigned a value but never used.  @typescript-eslint/no-unused-vars\n\n./src/app/dashboard/settings/meeting-templates/MeetingTemplatesClient.tsx\n3:20  Warning: 'useEffect' is defined but never used.  @typescript-eslint/no-unused-vars\n9:10  Warning: 'Select' is defined but never used.  @typescript-eslint/no-unused-vars\n9:18  Warning: 'SelectContent' is defined but never used.  @typescript-eslint/no-unused-vars\n9:33  Warning: 'SelectItem' is defined but never used.  @typescript-eslint/no-unused-vars\n9:45  Warning: 'SelectTrigger' is defined but never used.  @typescript-eslint/no-unused-vars\n9:60  Warning: 'SelectValue' is defined but never used.  @typescript-eslint/no-unused-vars\n\n./src/app/dashboard/settings/meeting-templates/page.tsx\n13:9  Warning: 'user' is assigned a value but never used.  @typescript-eslint/no-unused-vars\n\n./src/app/dashboard/settings/notifications/page.tsx\n7:56  Warning: 'AlertTriangle' is defined but never used.  @typescript-eslint/no-unused-vars\n\n./src/app/dashboard/settings/page.tsx\n1:10  Warning: 'getServerSession' is defined but never used.  @typescript-eslint/no-unused-vars\n2:23  Warning: 'getCurrentUser' is defined but never used.  @typescript-eslint/no-unused-vars\n3:10  Warning: 'redirect' is defined but never used.  @typescript-eslint/no-unused-vars\n4:10  Warning: 'authOptions' is defined but never used.  @typescript-eslint/no-unused-vars\n7:9  Warning: 'user' is assigned a value but never used.  @typescript-eslint/no-unused-vars\n\n./src/app/dashboard/settings/permissions/page.tsx\n4:10  Warning: 'Button' is defined but never used.  @typescript-eslint/no-unused-vars\n16:9  Warning: 'user' is assigned a value but never used.  @typescript-eslint/no-unused-vars\n\n./src/app/dashboard/settings/profile/page.tsx\n5:18  Warning: 'FiUser' is defined but never used.  @typescript-eslint/no-unused-vars\n5:34  Warning: 'FiMail' is defined but never used.  @typescript-eslint/no-unused-vars\n14:17  Warning: 'session' is assigned a value but never used.  @typescript-eslint/no-unused-vars\n44:16  Warning: 'error' is defined but never used.  @typescript-eslint/no-unused-vars\n\n./src/app/dashboard/settings/role-hierarchy/layout.tsx\n48:36  Error: Unexpected any. Specify a different type.  @typescript-eslint/no-explicit-any\n\n./src/app/dashboard/settings/role-hierarchy/management/page.tsx\n11:9  Warning: 'user' is assigned a value but never used.  @typescript-eslint/no-unused-vars\n\n./src/app/dashboard/settings/role-hierarchy/page.tsx\n3:8  Warning: 'Link' is defined but never used.  @typescript-eslint/no-unused-vars\n4:10  Warning: 'useState' is defined but never used.  @typescript-eslint/no-unused-vars\n4:20  Warning: 'useEffect' is defined but never used.  @typescript-eslint/no-unused-vars\n5:17  Warning: 'FiEye' ",
      "timestamp": "2025-08-09T01:56:12.400Z"
    },
    {
      "message": "❌ Unit Tests - FAILED: spawnSync /bin/sh ENOBUFS",
      "timestamp": "2025-08-09T01:56:56.328Z"
    },
    {
      "message": "\n⚠️ WARNINGS (2):",
      "timestamp": "2025-08-09T01:57:06.392Z"
    },
    {
      "message": "  1. ❌ ESLint Check - FAILED: Command failed: npm run lint\n\n./src/__tests__/fixtures/factory.ts\n9:39  Error: Unexpected any. Specify a different type.  @typescript-eslint/no-explicit-any\n28:40  Error: Unexpected any. Specify a different type.  @typescript-eslint/no-explicit-any\n64:42  Error: Unexpected any. Specify a different type.  @typescript-eslint/no-explicit-any\n112:82  Error: Unexpected any. Specify a different type.  @typescript-eslint/no-explicit-any\n141:35  Error: Unexpected any. Specify a different type.  @typescript-eslint/no-explicit-any\n141:59  Error: Unexpected any. Specify a different type.  @typescript-eslint/no-explicit-any\n269:51  Error: Unexpected any. Specify a different type.  @typescript-eslint/no-explicit-any\n\n./src/__tests__/helpers/test-db.ts\n2:10  Warning: 'execSync' is defined but never used.  @typescript-eslint/no-unused-vars\n98:11  Warning: 'result' is assigned a value but never used.  @typescript-eslint/no-unused-vars\n\n./src/__tests__/integration/auth/login.test.tsx\n1:26  Warning: 'fireEvent' is defined but never used.  @typescript-eslint/no-unused-vars\n5:10  Warning: 'mockFetchResponse' is defined but never used.  @typescript-eslint/no-unused-vars\n5:29  Warning: 'mockFetchError' is defined but never used.  @typescript-eslint/no-unused-vars\n71:69  Error: Unexpected any. Specify a different type.  @typescript-eslint/no-explicit-any\n98:12  Error: Unexpected any. Specify a different type.  @typescript-eslint/no-explicit-any\n138:12  Error: Unexpected any. Specify a different type.  @typescript-eslint/no-explicit-any\n163:12  Error: Unexpected any. Specify a different type.  @typescript-eslint/no-explicit-any\n183:69  Error: Unexpected any. Specify a different type.  @typescript-eslint/no-explicit-any\n\n./src/__tests__/integration/auth/register.test.tsx\n156:25  Error: Unexpected any. Specify a different type.  @typescript-eslint/no-explicit-any\n161:68  Error: Unexpected any. Specify a different type.  @typescript-eslint/no-explicit-any\n\n./src/__tests__/integration/auth/two-factor.test.tsx\n63:69  Error: Unexpected any. Specify a different type.  @typescript-eslint/no-explicit-any\n94:12  Error: Unexpected any. Specify a different type.  @typescript-eslint/no-explicit-any\n157:26  Error: Unexpected any. Specify a different type.  @typescript-eslint/no-explicit-any\n162:55  Error: Unexpected any. Specify a different type.  @typescript-eslint/no-explicit-any\n\n./src/__tests__/performance/api.perf.test.ts\n139:94  Error: Unexpected any. Specify a different type.  @typescript-eslint/no-explicit-any\n149:58  Error: Unexpected any. Specify a different type.  @typescript-eslint/no-explicit-any\n185:28  Error: Unexpected any. Specify a different type.  @typescript-eslint/no-explicit-any\n186:32  Error: Unexpected any. Specify a different type.  @typescript-eslint/no-explicit-any\n216:32  Error: Unexpected any. Specify a different type.  @typescript-eslint/no-explicit-any\n\n./src/__tests__/unit/api/meetings.test.ts\n6:10  Warning: 'RateLimiters' is defined but never used.  @typescript-eslint/no-unused-vars\n12:18  Error: Unexpected any. Specify a different type.  @typescript-eslint/no-explicit-any\n93:30  Error: A `require()` style import is forbidden.  @typescript-eslint/no-require-imports\n311:32  Error: A `require()` style import is forbidden.  @typescript-eslint/no-require-imports\n\n./src/__tests__/unit/api/route.test.ts\n74:19  Error: Unexpected any. Specify a different type.  @typescript-eslint/no-explicit-any\n\n./src/__tests__/unit/components/AgendaItemComments.test.tsx\n1:10  Warning: 'render' is defined but never used.  @typescript-eslint/no-unused-vars\n\n./src/__tests__/unit/components/AgendaItemDetail.test.tsx\n1:10  Warning: 'render' is defined but never used.  @typescript-eslint/no-unused-vars\n\n./src/__tests__/unit/components/AgendaItemForm.test.tsx\n1:10  Warning: 'render' is defined but never used.  @typescript-eslint/no-unused-vars\n1:26  Warning: 'waitFor' is defined but never used.  @typescript-eslint/no-unused-vars\n\n./src/__tests__/unit/components/AgendaItemLive.test.tsx\n1:10  Warning: 'render' is defined but never used.  @typescript-eslint/no-unused-vars\n\n./src/__tests__/unit/components/AuthProvider.test.tsx\n1:10  Warning: 'render' is defined but never used.  @typescript-eslint/no-unused-vars\n2:8  Warning: 'userEvent' is defined but never used.  @typescript-eslint/no-unused-vars\n\n./src/__tests__/unit/components/DistrictSetup.test.tsx\n1:10  Warning: 'render' is defined but never used.  @typescript-eslint/no-unused-vars\n\n./src/__tests__/unit/components/DragDropRoleDistribution.test.tsx\n1:10  Warning: 'render' is defined but never used.  @typescript-eslint/no-unused-vars\n\n./src/__tests__/unit/components/ForgotPasswordForm.test.tsx\n1:10  Warning: 'render' is defined but never used.  @typescript-eslint/no-unused-vars\n\n./src/__tests__/unit/components/Header.test.tsx\n1:10  Warning: 'render' is defined but never used.  @typescript-eslint/no-unused-vars\n1:26  Warning: 'waitFor' is defined but never used.  @typescript-eslint/no-unused-vars\n2:8  Warning: 'userEvent' is defined but never used.  @typescript-eslint/no-unused-vars\n\n./src/__tests__/unit/components/HiddenSidebar.test.tsx\n1:10  Warning: 'render' is defined but never used.  @typescript-eslint/no-unused-vars\n\n./src/__tests__/unit/components/LoadingSpinner.test.tsx\n1:10  Warning: 'render' is defined but never used.  @typescript-eslint/no-unused-vars\n1:26  Warning: 'waitFor' is defined but never used.  @typescript-eslint/no-unused-vars\n2:8  Warning: 'userEvent' is defined but never used.  @typescript-eslint/no-unused-vars\n\n./src/__tests__/unit/components/MeetingCalendar.test.tsx\n1:10  Warning: 'render' is defined but never used.  @typescript-eslint/no-unused-vars\n\n./src/__tests__/unit/components/MeetingDetails.test.tsx\n1:10  Warning: 'render' is defined but never used.  @typescript-eslint/no-unused-vars\n\n./src/__tests__/unit/components/MeetingForm.test.tsx\n1:10  Warning: 'render' is defined but never used.  @typescript-eslint/no-unused-vars\n\n./src/__tests__/unit/components/MeetingFormStep1.test.tsx\n1:10  Warning: 'render' is defined but never used.  @typescript-eslint/no-unused-vars\n\n./src/__tests__/unit/components/MeetingFormStep2.test.tsx\n1:10  Warning: 'render' is defined but never used.  @typescript-eslint/no-unused-vars\n\n./src/__tests__/unit/components/MeetingFormWithRepeat.test.tsx\n16:45  Error: Unexpected any. Specify a different type.  @typescript-eslint/no-explicit-any\n22:42  Error: Unexpected any. Specify a different type.  @typescript-eslint/no-explicit-any\n28:25  Error: Unexpected any. Specify a different type.  @typescript-eslint/no-explicit-any\n32:45  Error: Unexpected any. Specify a different type.  @typescript-eslint/no-explicit-any\n38:26  Error: Unexpected any. Specify a different type.  @typescript-eslint/no-explicit-any\n39:33  Error: Unexpected any. Specify a different type.  @typescript-eslint/no-explicit-any\n40:33  Error: Unexpected any. Specify a different type.  @typescript-eslint/no-explicit-any\n41:37  Error: Unexpected any. Specify a different type.  @typescript-eslint/no-explicit-any\n46:42  Error: Unexpected any. Specify a different type.  @typescript-eslint/no-explicit-any\n56:24  Error: Unexpected any. Specify a different type.  @typescript-eslint/no-explicit-any\n57:31  Error: Unexpected any. Specify a different type.  @typescript-eslint/no-explicit-any\n58:30  Error: Unexpected any. Specify a different type.  @typescript-eslint/no-explicit-any\n59:29  Error: Unexpected any. Specify a different type.  @typescript-eslint/no-explicit-any\n63:25  Error: Unexpected any. Specify a different type.  @typescript-eslint/no-explicit-any\n67:48  Error: Unexpected any. Specify a different type.  @typescript-eslint/no-explicit-any\n80:50  Error: Unexpected any. Specify a different type.  @typescript-eslint/no-explicit-any\n90:47  Error: Unexpected any. Specify a different type.  @typescript-eslint/no-explicit-any\n\n./src/__tests__/unit/components/MeetingLiveView.test.tsx\n1:10  Warning: 'render' is defined but never used.  @typescript-eslint/no-unused-vars\n\n./src/__tests__/unit/components/MobileSidebar.test.tsx\n1:10  Warning: 'render' is defined but never used.  @typescript-eslint/no-unused-vars\n\n./src/__tests__/unit/components/ProfileForm.test.tsx\n1:10  Warning: 'render' is defined but never used.  @typescript-eslint/no-unused-vars\n\n./src/__tests__/unit/components/RegisterForm.test.tsx\n1:10  Warning: 'render' is defined but never used.  @typescript-eslint/no-unused-vars\n\n./src/__tests__/unit/components/RepeatMeetingModal.test.tsx\n5:10  Warning: 'format' is defined but never used.  @typescript-eslint/no-unused-vars\n9:32  Error: Unexpected any. Specify a different type.  @typescript-eslint/no-explicit-any\n10:33  Error: Unexpected any. Specify a different type.  @typescript-eslint/no-explicit-any\n11:32  Error: Unexpected any. Specify a different type.  @typescript-eslint/no-explicit-any\n12:31  Error: Unexpected any. Specify a different type.  @typescript-eslint/no-explicit-any\n13:37  Error: Unexpected any. Specify a different type.  @typescript-eslint/no-explicit-any\n14:32  Error: Unexpected any. Specify a different type.  @typescript-eslint/no-explicit-any\n18:55  Error: Unexpected any. Specify a different type.  @typescript-eslint/no-explicit-any\n24:25  Error: Unexpected any. Specify a different type.  @typescript-eslint/no-explicit-any\n28:42  Error: Unexpected any. Specify a different type.  @typescript-eslint/no-explicit-any\n34:52  Error: Unexpected any. Specify a different type.  @typescript-eslint/no-explicit-any\n45:52  Error: Unexpected any. Specify a different type.  @typescript-eslint/no-explicit-any\n46:43  Error: Unexpected any. Specify a different type.  @typescript-eslint/no-explicit-any\n52:35  Error: Unexpected any. Specify a different type.  @typescript-eslint/no-explicit-any\n58:48  Error: Unexpected any. Specify a different type.  @typescript-eslint/no-explicit-any\n69:30  Error: Unexpected any. Specify a different type.  @typescript-eslint/no-explicit-any\n73:24  Error: Unexpected any. Specify a different type.  @typescript-eslint/no-explicit-any\n74:28  Error: Unexpected any. Specify a different type.  @typescript-eslint/no-explicit-any\n75:31  Error: Unexpected any. Specify a different type.  @typescript-eslint/no-explicit-any\n76:31  Error: Unexpected any. Specify a different type.  @typescript-eslint/no-explicit-any\n80:25  Error: Unexpected any. Specify a different type.  @typescript-eslint/no-explicit-any\n84:25  Error: Unexpected any. Specify a different type.  @typescript-eslint/no-explicit-any\n85:36  Error: Unexpected any. Specify a different type.  @typescript-eslint/no-explicit-any\n\n./src/__tests__/unit/components/RoleHierarchyManagement.test.tsx\n1:10  Warning: 'render' is defined but never used.  @typescript-eslint/no-unused-vars\n\n./src/__tests__/unit/components/RoleHierarchyVisualization.test.tsx\n1:10  Warning: 'render' is defined but never used.  @typescript-eslint/no-unused-vars\n\n./src/__tests__/unit/components/RoleManagement.test.tsx\n1:10  Warning: 'render' is defined but never used.  @typescript-eslint/no-unused-vars\n\n./src/__tests__/unit/components/RoleManagementForm.test.tsx\n1:10  Warning: 'render' is defined but never used.  @typescript-eslint/no-unused-vars\n\n./src/__tests__/unit/components/RoleSwitch.test.tsx\n1:10  Warning: 'render' is defined but never used.  @typescript-eslint/no-unused-vars\n\n./src/__tests__/unit/components/RolesPageClient.test.tsx\n1:10  Warning: 'render' is defined but never used.  @typescript-eslint/no-unused-vars\n\n./src/__tests__/unit/components/SecuritySettings.test.tsx\n1:10  Warning: 'render' is defined but never used.  @typescript-eslint/no-unused-vars\n\n./src/__tests__/unit/components/ServerAuthWrapper.test.tsx\n1:10  Warning: 'render' is defined but never used.  @typescript-eslint/no-unused-vars\n2:8  Warning: 'userEvent' is defined but never used.  @typescript-eslint/no-unused-vars\n\n./src/__tests__/unit/components/Sidebar.test.tsx\n1:10  Warning: 'render' is defined but never used.  @typescript-eslint/no-unused-vars\n1:26  Warning: 'waitFor' is defined but never used.  @typescript-eslint/no-unused-vars\n2:8  Warning: 'userEvent' is defined but never used.  @typescript-eslint/no-unused-vars\n\n./src/__tests__/unit/components/SidebarWrapper.test.tsx\n1:10  Warning: 'render' is defined but never used.  @typescript-eslint/no-unused-vars\n1:26  Warning: 'waitFor' is defined but never used.  @typescript-eslint/no-unused-vars\n\n./src/__tests__/unit/components/SignInButton.test.tsx\n1:10  Warning: 'render' is defined but never used.  @typescript-eslint/no-unused-vars\n2:8  Warning: 'userEvent' is defined but never used.  @typescript-eslint/no-unused-vars\n\n./src/__tests__/unit/components/SignInForm.test.tsx\n1:35  Warning: 'fireEvent' is defined but never used.  @typescript-eslint/no-unused-vars\n\n./src/__tests__/unit/components/TwoFactorSetup.test.tsx\n1:10  Warning: 'render' is defined but never used.  @typescript-eslint/no-unused-vars\n\n./src/__tests__/unit/components/UserManagement.test.tsx\n1:10  Warning: 'render' is defined but never used.  @typescript-eslint/no-unused-vars\n\n./src/__tests__/unit/components/alert.test.tsx\n1:10  Warning: 'render' is defined but never used.  @typescript-eslint/no-unused-vars\n1:26  Warning: 'waitFor' is defined but never used.  @typescript-eslint/no-unused-vars\n2:8  Warning: 'userEvent' is defined but never used.  @typescript-eslint/no-unused-vars\n\n./src/__tests__/unit/components/api-tester.test.tsx\n1:10  Warning: 'render' is defined but never used.  @typescript-eslint/no-unused-vars\n\n./src/__tests__/unit/components/avatar.test.tsx\n1:10  Warning: 'render' is defined but never used.  @typescript-eslint/no-unused-vars\n1:26  Warning: 'waitFor' is defined but never used.  @typescript-eslint/no-unused-vars\n2:8  Warning: 'userEvent' is defined but never used.  @typescript-eslint/no-unused-vars\n\n./src/__tests__/unit/components/badge.test.tsx\n1:10  Warning: 'render' is defined but never used.  @typescript-eslint/no-unused-vars\n1:26  Warning: 'waitFor' is defined but never used.  @typescript-eslint/no-unused-vars\n2:8  Warning: 'userEvent' is defined but never used.  @typescript-eslint/no-unused-vars\n\n./src/__tests__/unit/components/button.test.tsx\n1:10  Warning: 'render' is defined but never used.  @typescript-eslint/no-unused-vars\n1:26  Warning: 'waitFor' is defined but never used.  @typescript-eslint/no-unused-vars\n2:8  Warning: 'userEvent' is defined but never used.  @typescript-eslint/no-unused-vars\n\n./src/__tests__/unit/components/card.test.tsx\n1:10  Warning: 'render' is defined but never used.  @typescript-eslint/no-unused-vars\n1:26  Warning: 'waitFor' is defined but never used.  @typescript-eslint/no-unused-vars\n2:8  Warning: 'userEvent' is defined but never used.  @typescript-eslint/no-unused-vars\n\n./src/__tests__/unit/components/dashboard-card.test.tsx\n21:13  Warning: 'description' is assigned a value but never used.  @typescript-eslint/no-unused-vars\n\n./src/__tests__/unit/components/database-manager.test.tsx\n1:10  Warning: 'render' is defined but never used.  @typescript-eslint/no-unused-vars\n\n./src/__tests__/unit/components/dialog.test.tsx\n1:10  Warning: 'render' is defined but never used.  @typescript-eslint/no-unused-vars\n1:26  Warning: 'waitFor' is defined but never used.  @typescript-eslint/no-unused-vars\n2:8  Warning: 'userEvent' is defined but never used.  @typescript-eslint/no-unused-vars\n\n./src/__tests__/unit/components/error-boundary.test.tsx\n1:10  Warning: 'render' is defined but never used.  @typescript-eslint/no-unused-vars\n2:8  Warning: 'userEvent' is defined but never used.  @typescript-eslint/no-unused-vars\n\n./src/__tests__/unit/components/input.test.tsx\n1:10  Warning: 'render' is defined but never used.  @typescript-eslint/no-unused-vars\n1:26  Warning: 'waitFor' is defined but never used.  @typescript-eslint/no-unused-vars\n2:8  Warning: 'userEvent' is defined but never used.  @typescript-eslint/no-unused-vars\n\n./src/__tests__/unit/components/label.test.tsx\n1:10  Warning: 'render' is defined but never used.  @typescript-eslint/no-unused-vars\n1:26  Warning: 'waitFor' is defined but never used.  @typescript-eslint/no-unused-vars\n2:8  Warning: 'userEvent' is defined but never used.  @typescript-eslint/no-unused-vars\n\n./src/__tests__/unit/components/log-viewer.test.tsx\n1:10  Warning: 'render' is defined but never used.  @typescript-eslint/no-unused-vars\n\n./src/__tests__/unit/components/login-form.test.tsx\n1:10  Warning: 'render' is defined but never used.  @typescript-eslint/no-unused-vars\n\n./src/__tests__/unit/components/performance-monitor.test.tsx\n1:10  Warning: 'render' is defined but never used.  @typescript-eslint/no-unused-vars\n\n./src/__tests__/unit/components/progress.test.tsx\n1:10  Warning: 'render' is defined but never used.  @typescript-eslint/no-unused-vars\n1:26  Warning: 'waitFor' is defined but never used.  @typescript-eslint/no-unused-vars\n2:8  Warning: 'userEvent' is defined but never used.  @typescript-eslint/no-unused-vars\n\n./src/__tests__/unit/components/register-form.test.tsx\n1:10  Warning: 'render' is defined but never used.  @typescript-eslint/no-unused-vars\n\n./src/__tests__/unit/components/scroll-area.test.tsx\n1:10  Warning: 'render' is defined but never used.  @typescript-eslint/no-unused-vars\n1:26  Warning: 'waitFor' is defined but never used.  @typescript-eslint/no-unused-vars\n2:8  Warning: 'userEvent' is defined but never used.  @typescript-eslint/no-unused-vars\n\n./src/__tests__/unit/components/select.test.tsx\n1:10  Warning: 'render' is defined but never used.  @typescript-eslint/no-unused-vars\n1:26  Warning: 'waitFor' is defined but never used.  @typescript-eslint/no-unused-vars\n2:8  Warning: 'userEvent' is defined but never used.  @typescript-eslint/no-unused-vars\n\n./src/__tests__/unit/components/switch.test.tsx\n1:10  Warning: 'render' is defined but never used.  @typescript-eslint/no-unused-vars\n1:26  Warning: 'waitFor' is defined but never used.  @typescript-eslint/no-unused-vars\n2:8  Warning: 'userEvent' is defined but never used.  @typescript-eslint/no-unused-vars\n\n./src/__tests__/unit/components/table.test.tsx\n1:10  Warning: 'render' is defined but never used.  @typescript-eslint/no-unused-vars\n1:26  Warning: 'waitFor' is defined but never used.  @typescript-eslint/no-unused-vars\n2:8  Warning: 'userEvent' is defined but never used.  @typescript-eslint/no-unused-vars\n\n./src/__tests__/unit/components/tabs.test.tsx\n1:10  Warning: 'render' is defined but never used.  @typescript-eslint/no-unused-vars\n1:26  Warning: 'waitFor' is defined but never used.  @typescript-eslint/no-unused-vars\n2:8  Warning: 'userEvent' is defined but never used.  @typescript-eslint/no-unused-vars\n\n./src/__tests__/unit/components/test-dashboard.test.tsx\n1:10  Warning: 'render' is defined but never used.  @typescript-eslint/no-unused-vars\n\n./src/__tests__/unit/components/textarea.test.tsx\n1:10  Warning: 'render' is defined but never used.  @typescript-eslint/no-unused-vars\n1:26  Warning: 'waitFor' is defined but never used.  @typescript-eslint/no-unused-vars\n2:8  Warning: 'userEvent' is defined but never used.  @typescript-eslint/no-unused-vars\n\n./src/__tests__/unit/components/two-factor-form.test.tsx\n1:10  Warning: 'render' is defined but never used.  @typescript-eslint/no-unused-vars\n\n./src/__tests__/unit/components/withAuth.test.tsx\n1:10  Warning: 'render' is defined but never used.  @typescript-eslint/no-unused-vars\n2:8  Warning: 'userEvent' is defined but never used.  @typescript-eslint/no-unused-vars\n\n./src/__tests__/utils/test-utils.tsx\n86:10  Error: Unexpected any. Specify a different type.  @typescript-eslint/no-explicit-any\n107:10  Error: Unexpected any. Specify a different type.  @typescript-eslint/no-explicit-any\n117:8  Error: Unexpected any. Specify a different type.  @typescript-eslint/no-explicit-any\n121:52  Error: Unexpected any. Specify a different type.  @typescript-eslint/no-explicit-any\n140:53  Error: Unexpected any. Specify a different type.  @typescript-eslint/no-explicit-any\n161:55  Error: Unexpected any. Specify a different type.  @typescript-eslint/no-explicit-any\n183:41  Error: Unexpected any. Specify a different type.  @typescript-eslint/no-explicit-any\n\n./src/app/api/admin/audit-logs/export/route.ts\n17:10  Error: Unexpected any. Specify a different type.  @typescript-eslint/no-explicit-any\n18:11  Error: Unexpected any. Specify a different type.  @typescript-eslint/no-explicit-any\n24:14  Error: Unexpected any. Specify a different type.  @typescript-eslint/no-explicit-any\n28:18  Error: Unexpected any. Specify a different type.  @typescript-eslint/no-explicit-any\n\n./src/app/api/admin/roles/route.ts\n10:9  Warning: 'user' is assigned a value but never used.  @typescript-eslint/no-unused-vars\n43:9  Warning: 'user' is assigned a value but never used.  @typescript-eslint/no-unused-vars\n\n./src/app/api/auth/create-admin/route.ts\n26:9  Warning: 'user' is assigned a value but never used.  @typescript-eslint/no-unused-vars\n\n./src/app/api/auth/forgot-password/route.ts\n4:10  Warning: 'sendEmail' is defined but never used.  @typescript-eslint/no-unused-vars\n38:11  Warning: 'hashedToken' is assigned a value but never used.  @typescript-eslint/no-unused-vars\n\n./src/app/api/debug/health/route.ts\n1:10  Warning: 'NextRequest' is defined but never used.  @typescript-eslint/no-unused-vars\n\n./src/app/api/debug/production-status/route.ts\n4:27  Warning: 'request' is defined but never used.  @typescript-eslint/no-unused-vars\n112:12  Warning: 'error' is defined but never used.  @typescript-eslint/no-unused-vars\n\n./src/app/api/dev/ci-cd/autofix/route.ts\n2:10  Warning: 'withAuth' is defined but never used.  @typescript-eslint/no-unused-vars\n12:7  Warning: 'autofixSchema' is assigned a value but never used.  @typescript-eslint/no-unused-vars\n\n./src/app/api/dev/ci-cd/runs/route.ts\n2:10  Warning: 'withAuth' is defined but never used.  @typescript-eslint/no-unused-vars\n6:7  Warning: 'querySchema' is assigned a value but never used.  @typescript-eslint/no-unused-vars\n440:43  Error: Unexpected any. Specify a different type.  @typescript-eslint/no-explicit-any\n444:35  Error: Unexpected any. Specify a different type.  @typescript-eslint/no-explicit-any\n470:39  Error: Unexpected any. Specify a different type.  @typescript-eslint/no-explicit-any\n\n./src/app/api/dev/database/backups/route.ts\n3:10  Warning: 'prisma' is defined but never used.  @typescript-eslint/no-unused-vars\n40:14  Warning: 'error' is defined but never used.  @typescript-eslint/no-unused-vars\n\n./src/app/api/dev/database/seed-dev/route.ts\n19:11  Warning: 'levels' is assigned a value but never used.  @typescript-eslint/no-unused-vars\n\n./src/app/api/dev/execute/route.ts\n17:13  Error: Unexpected any. Specify a different type.  @typescript-eslint/no-explicit-any\n51:19  Error: Unexpected any. Specify a different type.  @typescript-eslint/no-explicit-any\n\n./src/app/api/dev/git/branches/route.ts\n7:27  Warning: 'request' is defined but never used.  @typescript-eslint/no-unused-vars\n23:21  Error: Unexpected any. Specify a different type.  @typescript-eslint/no-explicit-any\n65:16  Warning: 'e' is defined but never used.  @typescript-eslint/no-unused-vars\n76:19  Error: Unexpected any. Specify a different type.  @typescript-eslint/no-explicit-any\n\n./src/app/api/dev/git/commits/route.ts\n25:20  Error: Unexpected any. Specify a different type.  @typescript-eslint/no-explicit-any\n28:24  Error: Unexpected any. Specify a different type.  @typescript-eslint/no-explicit-any\n68:19  Error: Unexpected any. Specify a different type.  @typescript-eslint/no-explicit-any\n\n./src/app/api/dev/git/execute/route.ts\n36:13  Error: Unexpected any. Specify a different type.  @typescript-eslint/no-explicit-any\n75:19  Error: Unexpected any. Specify a different type.  @typescript-eslint/no-explicit-any\n\n./src/app/api/dev/git/status/route.ts\n7:27  Warning: 'request' is defined but never used.  @typescript-eslint/no-unused-vars\n30:14  Warning: 'e' is defined but never used.  @typescript-eslint/no-unused-vars\n40:20  Error: Unexpected any. Specify a different type.  @typescript-eslint/no-explicit-any\n92:19  Error: Unexpected any. Specify a different type.  @typescript-eslint/no-explicit-any\n\n./src/app/api/dev/logs/route.ts\n19:18  Error: Unexpected any. Specify a different type.  @typescript-eslint/no-explicit-any\n65:34  Error: Unexpected any. Specify a different type.  @typescript-eslint/no-explicit-any\n\n./src/app/api/dev/metrics/route.ts\n20:11  Warning: 'dbConnectionCount' is assigned a value but never used.  @typescript-eslint/no-unused-vars\n\n./src/app/api/dev/stats/route.ts\n25:59  Error: Unexpected any. Specify a different type.  @typescript-eslint/no-explicit-any\n43:65  Error: Unexpected any. Specify a different type.  @typescript-eslint/no-explicit-any\n49:40  Error: Unexpected any. Specify a different type.  @typescript-eslint/no-explicit-any\n\n./src/app/api/health/route.ts\n4:27  Warning: 'request' is defined but never used.  @typescript-eslint/no-unused-vars\n23:12  Warning: 'error' is defined but never used.  @typescript-eslint/no-unused-vars\n45:28  Warning: 'request' is defined but never used.  @typescript-eslint/no-unused-vars\n\n./src/app/api/internal/audit/route.ts\n17:7  Warning: 'ipAddress' is assigned a value but never used.  @typescript-eslint/no-unused-vars\n18:7  Warning: 'userAgent' is assigned a value but never used.  @typescript-eslint/no-unused-vars\n\n./src/app/api/meeting-intelligence/action-items/[id]/route.ts\n19:23  Error: Unexpected any. Specify a different type.  @typescript-eslint/no-explicit-any\n\n./src/app/api/meeting-intelligence/action-items/route.ts\n20:28  Error: Unexpected any. Specify a different type.  @typescript-eslint/no-explicit-any\n173:23  Error: Unexpected any. Specify a different type.  @typescript-eslint/no-explicit-any\n\n./src/app/api/meeting-intelligence/analytics/route.ts\n11:9  Warning: 'user' is assigned a value but never used.  @typescript-eslint/no-unused-vars\n20:9  Error: 'startDate' is never reassigned. Use 'const' instead.  prefer-const\n38:28  Error: Unexpected any. Specify a different type.  @typescript-eslint/no-explicit-any\n94:45  Error: Unexpected any. Specify a different type.  @typescript-eslint/no-explicit-any\n101:50  Error: Unexpected any. Specify a different type.  @typescript-eslint/no-explicit-any\n131:64  Error: Unexpected any. Specify a different type.  @typescript-eslint/no-explicit-any\n\n./src/app/api/meeting-intelligence/continuity/route.ts\n11:9  Warning: 'user' is assigned a value but never used.  @typescript-eslint/no-unused-vars\n125:47  Error: Unexpected any. Specify a different type.  @typescript-eslint/no-explicit-any\n145:36  Error: Unexpected any. Specify a different type.  @typescript-eslint/no-explicit-any\n145:54  Error: Unexpected any. Specify a different type.  @typescript-eslint/no-explicit-any\n145:62  Error: Unexpected any. Specify a different type.  @typescript-eslint/no-explicit-any\n157:55  Error: Unexpected any. Specify a different type.  @typescript-eslint/no-explicit-any\n158:61  Error: Unexpected any. Specify a different type.  @typescript-eslint/no-explicit-any\n162:56  Error: Unexpected any. Specify a different type.  @typescript-eslint/no-explicit-any\n163:54  Error: Unexpected any. Specify a different type.  @typescript-eslint/no-explicit-any\n164:54  Error: Unexpected any. Specify a different type.  @typescript-eslint/no-explicit-any\n175:38  Error: Unexpected any. Specify a different type.  @typescript-eslint/no-explicit-any\n175:44  Error: Unexpected any. Specify a different type.  @typescript-eslint/no-explicit-any\n\n./src/app/api/meeting-intelligence/role-tasks/route.ts\n11:9  Warning: 'user' is assigned a value but never used.  @typescript-eslint/no-unused-vars\n18:32  Error: Unexpected any. Specify a different type.  @typescript-eslint/no-explicit-any\n104:49  Error: Unexpected any. Specify a different type.  @typescript-eslint/no-explicit-any\n\n./src/app/api/meeting-intelligence/search/route.ts\n11:9  Warning: 'user' is assigned a value but never used.  @typescript-eslint/no-unused-vars\n26:26  Error: Unexpected any. Specify a different type.  @typescript-eslint/no-explicit-any\n\n./src/app/api/meeting-templates/[id]/route.ts\n14:9  Warning: 'user' is assigned a value but never used.  @typescript-eslint/no-unused-vars\n80:9  Warning: 'user' is assigned a value but never used.  @typescript-eslint/no-unused-vars\n150:9  Warning: 'user' is assigned a value but never used.  @typescript-eslint/no-unused-vars\n\n./src/app/api/meeting-templates/route.ts\n11:9  Warning: 'user' is assigned a value but never used.  @typescript-eslint/no-unused-vars\n\n./src/app/api/meetings/[id]/agenda-items/[itemId]/comments/route.ts\n4:34  Warning: 'EVENTS' is defined but never used.  @typescript-eslint/no-unused-vars\n\n./src/app/api/meetings/[id]/agenda-items/[itemId]/route.ts\n76:11  Warning: 'isAttendee' is assigned a value but never used.  @typescript-eslint/no-unused-vars\n\n./src/app/api/meetings/[id]/agenda-items/route.ts\n223:11  Warning: 'user' is assigned a value but never used.  @typescript-eslint/no-unused-vars\n225:11  Warning: 'meetingId' is assigned a value but never used.  @typescript-eslint/no-unused-vars\n\n./src/app/api/meetings/[id]/route.ts\n2:10  Warning: 'requireAuth' is defined but never used.  @typescript-eslint/no-unused-vars\n2:23  Warning: 'AuthPresets' is defined but never used.  @typescript-eslint/no-unused-vars\n\n./src/app/api/meetings/history/route.ts\n23:9  Error: 'whereClause' is never reassigned. Use 'const' instead.  prefer-const\n23:22  Error: Unexpected any. Specify a different type.  @typescript-eslint/no-explicit-any\n161:66  Error: Unexpected any. Specify a different type.  @typescript-eslint/no-explicit-any\n\n./src/app/api/meetings/route.ts\n5:10  Warning: 'MeetingWithRelations' is defined but never used.  @typescript-eslint/no-unused-vars\n\n./src/app/api/meetings/search/suggestions/route.ts\n22:15  Error: Unexpected any. Specify a different type.  @typescript-eslint/no-explicit-any\n\n./src/app/api/monitoring/production-errors-admin/route.ts\n28:13  Warning: 'adminToken' is assigned a value but never used.  @typescript-eslint/no-unused-vars\n119:84  Error: Unexpected any. Specify a different type.  @typescript-eslint/no-explicit-any\n\n./src/app/api/monitoring/real-time-errors/route.ts\n5:31  Error: Unexpected any. Specify a different type.  @typescript-eslint/no-explicit-any\n104:20  Error: Unexpected any. Specify a different type.  @typescript-eslint/no-explicit-any\n180:12  Warning: 'error' is defined but never used.  @typescript-eslint/no-unused-vars\n188:53  Error: Unexpected any. Specify a different type.  @typescript-eslint/no-explicit-any\n204:35  Error: Unexpected any. Specify a different type.  @typescript-eslint/no-explicit-any\n228:40  Error: Unexpected any. Specify a different type.  @typescript-eslint/no-explicit-any\n239:43  Error: Unexpected any. Specify a different type.  @typescript-eslint/no-explicit-any\n\n./src/app/api/roles/hierarchy/route.ts\n18:11  Warning: 'user' is assigned a value but never used.  @typescript-eslint/no-unused-vars\n44:29  Error: Unexpected any. Specify a different type.  @typescript-eslint/no-explicit-any\n57:40  Error: Unexpected any. Specify a different type.  @typescript-eslint/no-explicit-any\n\n./src/app/api/roles/route.ts\n33:55  Warning: 'description' is assigned a value but never used.  @typescript-eslint/no-unused-vars\n81:59  Warning: 'description' is assigned a value but never used.  @typescript-eslint/no-unused-vars\n116:23  Error: Unexpected any. Specify a different type.  @typescript-eslint/no-explicit-any\n\n./src/app/api/school/route.ts\n67:34  Warning: 'phone' is assigned a value but never used.  @typescript-eslint/no-unused-vars\n67:41  Warning: 'email' is assigned a value but never used.  @typescript-eslint/no-unused-vars\n183:23  Error: Unexpected any. Specify a different type.  @typescript-eslint/no-explicit-any\n\n./src/app/api/schools/[id]/route.ts\n30:28  Warning: 'city' is assigned a value but never used.  @typescript-eslint/no-unused-vars\n30:34  Warning: 'state' is assigned a value but never used.  @typescript-eslint/no-unused-vars\n30:41  Warning: 'zipCode' is assigned a value but never used.  @typescript-eslint/no-unused-vars\n30:50  Warning: 'phone' is assigned a value but never used.  @typescript-eslint/no-unused-vars\n30:57  Warning: 'website' is assigned a value but never used.  @typescript-eslint/no-unused-vars\n30:66  Warning: 'logo' is assigned a value but never used.  @typescript-eslint/no-unused-vars\n\n./src/app/api/schools/route.ts\n8:27  Warning: 'request' is defined but never used.  @typescript-eslint/no-unused-vars\n61:28  Warning: 'city' is assigned a value but never used.  @typescript-eslint/no-unused-vars\n61:34  Warning: 'state' is assigned a value but never used.  @typescript-eslint/no-unused-vars\n61:41  Warning: 'zipCode' is assigned a value but never used.  @typescript-eslint/no-unused-vars\n61:50  Warning: 'phone' is assigned a value but never used.  @typescript-eslint/no-unused-vars\n61:57  Warning: 'website' is assigned a value but never used.  @typescript-eslint/no-unused-vars\n61:66  Warning: 'logo' is assigned a value but never used.  @typescript-eslint/no-unused-vars\n\n./src/app/api/staff/upload/route.ts\n7:37  Error: Unexpected any. Specify a different type.  @typescript-eslint/no-explicit-any\n16:19  Error: Unexpected any. Specify a different type.  @typescript-eslint/no-explicit-any\n31:13  Error: Unexpected any. Specify a different type.  @typescript-eslint/no-explicit-any\n32:8  Error: Unexpected any. Specify a different type.  @typescript-eslint/no-explicit-any\n70:7  Warning: 'recordSchema' is assigned a value but never used.  @typescript-eslint/no-unused-vars\n137:18  Error: Unexpected any. Specify a different type.  @typescript-eslint/no-explicit-any\n182:46  Error: Unexpected any. Specify a different type.  @typescript-eslint/no-explicit-any\n183:58  Error: Unexpected any. Specify a different type.  @typescript-eslint/no-explicit-any\n417:13  Warning: 'actions' is assigned a value but never used.  @typescript-eslint/no-unused-vars\n420:13  Warning: 'selectedChanges' is assigned a value but never used.  @typescript-eslint/no-unused-vars\n441:47  Error: Unexpected any. Specify a different type.  @typescript-eslint/no-explicit-any\n442:59  Error: Unexpected any. Specify a different type.  @typescript-eslint/no-explicit-any\n\n./src/app/api/system/alerts/route.ts\n17:11  Warning: 'user' is assigned a value but never used.  @typescript-eslint/no-unused-vars\n118:11  Warning: 'user' is assigned a value but never used.  @typescript-eslint/no-unused-vars\n176:11  Warning: 'user' is assigned a value but never used.  @typescript-eslint/no-unused-vars\n177:11  Warning: 'body' is assigned a value but never used.  @typescript-eslint/no-unused-vars\n\n./src/app/api/system/backup/route.ts\n15:9  Warning: 'user' is assigned a value but never used.  @typescript-eslint/no-unused-vars\n28:19  Error: Unexpected any. Specify a different type.  @typescript-eslint/no-explicit-any\n42:9  Warning: 'user' is assigned a value but never used.  @typescript-eslint/no-unused-vars\n60:19  Error: Unexpected any. Specify a different type.  @typescript-eslint/no-explicit-any\n116:19  Error: Unexpected any. Specify a different type.  @typescript-eslint/no-explicit-any\n164:25  Error: Unexpected any. Specify a different type.  @typescript-eslint/no-explicit-any\n185:19  Error: Unexpected any. Specify a different type.  @typescript-eslint/no-explicit-any\n218:23  Error: Unexpected any. Specify a different type.  @typescript-eslint/no-explicit-any\n247:19  Error: Unexpected any. Specify a different type.  @typescript-eslint/no-explicit-any\n292:19  Error: Unexpected any. Specify a different type.  @typescript-eslint/no-explicit-any\n318:46  Error: Unexpected any. Specify a different type.  @typescript-eslint/no-explicit-any\n364:19  Error: Unexpected any. Specify a different type.  @typescript-eslint/no-explicit-any\n405:19  Error: Unexpected any. Specify a different type.  @typescript-eslint/no-explicit-any\n414:47  Error: Unexpected any. Specify a different type.  @typescript-eslint/no-explicit-any\n591:9  Warning: 'totalSize' is assigned a value but never used.  @typescript-eslint/no-unused-vars\n629:19  Error: Unexpected any. Specify a different type.  @typescript-eslint/no-explicit-any\n644:9  Warning: 'user' is assigned a value but never used.  @typescript-eslint/no-unused-vars\n703:19  Error: Unexpected any. Specify a different type.  @typescript-eslint/no-explicit-any\n\n./src/app/api/system/database/route.ts\n52:19  Error: Unexpected any. Specify a different type.  @typescript-eslint/no-explicit-any\n\n./src/app/api/system/error-fix/route.ts\n10:19  Warning: 'errors' is assigned a value but never used.  @typescript-eslint/no-unused-vars\n25:19  Error: Unexpected any. Specify a different type.  @typescript-eslint/no-explicit-any\n65:25  Warning: 'stderr' is assigned a value but never used.  @typescript-eslint/no-unused-vars\n70:23  Error: Unexpected any. Specify a different type.  @typescript-eslint/no-explicit-any\n83:19  Error: Unexpected any. Specify a different type.  @typescript-eslint/no-explicit-any\n136:23  Error: Unexpected any. Specify a different type.  @typescript-eslint/no-explicit-any\n148:19  Error: Unexpected any. Specify a different type.  @typescript-eslint/no-explicit-any\n229:23  Error: Unexpected any. Specify a different type.  @typescript-eslint/no-explicit-any\n240:19  Error: Unexpected any. Specify a different type.  @typescript-eslint/no-explicit-any\n263:23  Error: Unexpected any. Specify a different type.  @typescript-eslint/no-explicit-any\n275:19  Error: Unexpected any. Specify a different type.  @typescript-eslint/no-explicit-any\n301:23  Error: Unexpected any. Specify a different type.  @typescript-eslint/no-explicit-any\n312:14  Warning: 'error' is defined but never used.  @typescript-eslint/no-unused-vars\n320:14  Warning: 'error' is defined but never used.  @typescript-eslint/no-unused-vars\n328:14  Warning: 'error' is defined but never used.  @typescript-eslint/no-unused-vars\n336:14  Warning: 'error' is defined but never used.  @typescript-eslint/no-unused-vars\n353:19  Error: Unexpected any. Specify a different type.  @typescript-eslint/no-explicit-any\n\n./src/app/api/system/fix/route.ts\n24:19  Error: Unexpected any. Specify a different type.  @typescript-eslint/no-explicit-any\n51:14  Warning: 'error' is defined but never used.  @typescript-eslint/no-unused-vars\n81:14  Warning: 'error' is defined but never used.  @typescript-eslint/no-unused-vars\n91:14  Warning: 'error' is defined but never used.  @typescript-eslint/no-unused-vars\n97:19  Error: Unexpected any. Specify a different type.  @typescript-eslint/no-explicit-any\n144:20  Warning: 'error' is defined but never used.  @typescript-eslint/no-unused-vars\n150:14  Warning: 'error' is defined but never used.  @typescript-eslint/no-unused-vars\n159:14  Warning: 'error' is defined but never used.  @typescript-eslint/no-unused-vars\n169:16  Warning: 'error' is defined but never used.  @typescript-eslint/no-unused-vars\n189:19  Error: Unexpected any. Specify a different type.  @typescript-eslint/no-explicit-any\n\n./src/app/api/system/health-check/route.ts\n38:19  Error: Unexpected any. Specify a different type.  @typescript-eslint/no-explicit-any\n56:19  Error: Unexpected any. Specify a different type.  @typescript-eslint/no-explicit-any\n93:19  Error: Unexpected any. Specify a different type.  @typescript-eslint/no-explicit-any\n135:19  Error: Unexpected any. Specify a different type.  @typescript-eslint/no-explicit-any\n167:19  Error: Unexpected any. Specify a different type.  @typescript-eslint/no-explicit-any\n201:19  Error: Unexpected any. Specify a different type.  @typescript-eslint/no-explicit-any\n227:20  Error: Unexpected any. Specify a different type.  @typescript-eslint/no-explicit-any\n310:19  Error: Unexpected any. Specify a different type.  @typescript-eslint/no-explicit-any\n340:12  Warning: 'error' is defined but never used.  @typescript-eslint/no-unused-vars\n340:19  Error: Unexpected any. Specify a different type.  @typescript-eslint/no-explicit-any\n\n./src/app/api/system/lint-errors/route.ts\n60:19  Error: Unexpected any. Specify a different type.  @typescript-eslint/no-explicit-any\n83:19  Error: Unexpected any. Specify a different type.  @typescript-eslint/no-explicit-any\n95:21  Warning: 'stderr' is assigned a value but never used.  @typescript-eslint/no-unused-vars\n145:19  Error: Unexpected any. Specify a different type.  @typescript-eslint/no-explicit-any\n226:19  Error: Unexpected any. Specify a different type.  @typescript-eslint/no-explicit-any\n289:19  Error: Unexpected any. Specify a different type.  @typescript-eslint/no-explicit-any\n319:21  Warning: 'stderr' is assigned a value but never used.  @typescript-eslint/no-unused-vars\n342:19  Error: Unexpected any. Specify a different type.  @typescript-eslint/no-explicit-any\n362:55  Error: Unexpected any. Specify a different type.  @typescript-eslint/no-explicit-any\n393:19  Error: Unexpected any. Specify a different type.  @typescript-eslint/no-explicit-any\n398:44  Error: Unexpected any. Specify a different type.  @typescript-eslint/no-explicit-any\n418:19  Error: Unexpected any. Specify a different type.  @typescript-eslint/no-explicit-any\n423:65  Error: Unexpected any. Specify a different type.  @typescript-eslint/no-explicit-any\n\n./src/app/api/system/logs/route.ts\n4:13  Warning: 'fs' is defined but never used.  @typescript-eslint/no-unused-vars\n5:13  Warning: 'path' is defined but never used.  @typescript-eslint/no-unused-vars\n\n./src/app/api/system/server-metrics/route.ts\n62:11  Warning: 'memoryUsage' is assigned a value but never used.  @typescript-eslint/no-unused-vars\n82:14  Warning: 'error' is defined but never used.  @typescript-eslint/no-unused-vars\n\n./src/app/api/system/settings/route.ts\n11:9  Warning: 'user' is assigned a value but never used.  @typescript-eslint/no-unused-vars\n24:29  Error: Unexpected any. Specify a different type.  @typescript-eslint/no-explicit-any\n47:9  Warning: 'user' is assigned a value but never used.  @typescript-eslint/no-unused-vars\n68:37  Error: Unexpected any. Specify a different type.  @typescript-eslint/no-explicit-any\n69:42  Error: Unexpected any. Specify a different type.  @typescript-eslint/no-explicit-any\n\n./src/app/api/system/status/route.ts\n9:27  Warning: 'request' is defined but never used.  @typescript-eslint/no-unused-vars\n81:87  Error: Unexpected any. Specify a different type.  @typescript-eslint/no-explicit-any\n100:19  Error: Unexpected any. Specify a different type.  @typescript-eslint/no-explicit-any\n105:91  Error: Unexpected any. Specify a different type.  @typescript-eslint/no-explicit-any\n147:16  Warning: 'getDatabaseStatus' is defined but never used.  @typescript-eslint/no-unused-vars\n\n./src/app/api/system/update/route.ts\n20:19  Error: Unexpected any. Specify a different type.  @typescript-eslint/no-explicit-any\n188:23  Error: Unexpected any. Specify a different type.  @typescript-eslint/no-explicit-any\n216:19  Error: Unexpected any. Specify a different type.  @typescript-eslint/no-explicit-any\n234:87  Error: Unexpected any. Specify a different type.  @typescript-eslint/no-explicit-any\n246:19  Error: Unexpected any. Specify a different type.  @typescript-eslint/no-explicit-any\n250:91  Error: Unexpected any. Specify a different type.  @typescript-eslint/no-explicit-any\n\n./src/app/api/tests/history/route.ts\n5:27  Warning: 'request' is defined but never used.  @typescript-eslint/no-unused-vars\n27:44  Error: Unexpected any. Specify a different type.  @typescript-eslint/no-explicit-any\n\n./src/app/api/tests/run/route.ts\n2:10  Warning: 'withAuth' is defined but never used.  @typescript-eslint/no-unused-vars\n17:36  Error: Unexpected any. Specify a different type.  @typescript-eslint/no-explicit-any\n149:13  Error: 'outputBuffer' is never reassigned. Use 'const' instead.  prefer-const\n149:13  Warning: 'outputBuffer' is assigned a value but never used.  @typescript-eslint/no-unused-vars\n246:10  Warning: 'calculateCoverage' is defined but never used.  @typescript-eslint/no-unused-vars\n246:41  Error: Unexpected any. Specify a different type.  @typescript-eslint/no-explicit-any\n254:53  Error: Unexpected any. Specify a different type.  @typescript-eslint/no-explicit-any\n270:12  Error: Unexpected any. Specify a different type.  @typescript-eslint/no-explicit-any\n\n./src/app/api/tests/suites/route.ts\n2:10  Warning: 'withAuth' is defined but never used.  @typescript-eslint/no-unused-vars\n7:27  Warning: 'request' is defined but never used.  @typescript-eslint/no-unused-vars\n\n./src/app/api/user/2fa/setup/route.ts\n3:10  Warning: 'prisma' is defined but never used.  @typescript-eslint/no-unused-vars\n8:28  Warning: 'request' is defined but never used.  @typescript-eslint/no-unused-vars\n\n./src/app/api/user/2fa/verify/route.ts\n3:10  Warning: 'prisma' is defined but never used.  @typescript-eslint/no-unused-vars\n5:10  Warning: 'authenticator' is defined but never used.  @typescript-eslint/no-unused-vars\n\n./src/app/api/user/admin-update-department/route.ts\n10:9  Warning: 'user' is assigned a value but never used.  @typescript-eslint/no-unused-vars\n\n./src/app/api/user/admin-update-role/route.ts\n10:9  Warning: 'user' is assigned a value but never used.  @typescript-eslint/no-unused-vars\n\n./src/app/api/user/change-password/route.ts\n27:23  Error: Optional chain expressions can return undefined by design - using a non-null assertion is unsafe and wrong.  @typescript-eslint/no-non-null-asserted-optional-chain\n42:23  Error: Optional chain expressions can return undefined by design - using a non-null assertion is unsafe and wrong.  @typescript-eslint/no-non-null-asserted-optional-chain\n\n./src/app/api/user/disable-2fa/route.ts\n3:10  Warning: 'prisma' is defined but never used.  @typescript-eslint/no-unused-vars\n\n./src/app/api/user/enable-2fa/route.ts\n3:10  Warning: 'prisma' is defined but never used.  @typescript-eslint/no-unused-vars\n30:7  Error: Optional chain expressions can return undefined by design - using a non-null assertion is unsafe and wrong.  @typescript-eslint/no-non-null-asserted-optional-chain\n\n./src/app/api/user/profile/route.ts\n65:23  Error: Unexpected any. Specify a different type.  @typescript-eslint/no-explicit-any\n\n./src/app/api/user/revoke-all-sessions/route.ts\n17:17  Error: Optional chain expressions can return undefined by design - using a non-null assertion is unsafe and wrong.  @typescript-eslint/no-non-null-asserted-optional-chain\n\n./src/app/api/user/revoke-device/route.ts\n3:10  Warning: 'prisma' is defined but never used.  @typescript-eslint/no-unused-vars\n\n./src/app/api/user/send-verification/route.ts\n17:23  Error: Optional chain expressions can return undefined by design - using a non-null assertion is unsafe and wrong.  @typescript-eslint/no-non-null-asserted-optional-chain\n\n./src/app/api/user/set-password/route.ts\n27:23  Error: Optional chain expressions can return undefined by design - using a non-null assertion is unsafe and wrong.  @typescript-eslint/no-non-null-asserted-optional-chain\n37:23  Error: Optional chain expressions can return undefined by design - using a non-null assertion is unsafe and wrong.  @typescript-eslint/no-non-null-asserted-optional-chain\n\n./src/app/api/user/toggle-login-notifications/route.ts\n16:23  Error: Optional chain expressions can return undefined by design - using a non-null assertion is unsafe and wrong.  @typescript-eslint/no-non-null-asserted-optional-chain\n\n./src/app/api/user/toggle-remember-devices/route.ts\n6:28  Warning: 'request' is defined but never used.  @typescript-eslint/no-unused-vars\n\n./src/app/api/user/toggle-suspicious-alerts/route.ts\n16:23  Error: Optional chain expressions can return undefined by design - using a non-null assertion is unsafe and wrong.  @typescript-eslint/no-non-null-asserted-optional-chain\n\n./src/app/api/users/route.ts\n1:23  Warning: 'NextResponse' is defined but never used.  @typescript-eslint/no-unused-vars\n2:10  Warning: 'getServerSession' is defined but never used.  @typescript-eslint/no-unused-vars\n4:10  Warning: 'authOptions' is defined but never used.  @typescript-eslint/no-unused-vars\n\n./src/app/auth/forgot-password/page.tsx\n11:42  Error: `'` can be escaped with `&apos;`, `&lsquo;`, `&#39;`, `&rsquo;`.  react/no-unescaped-entities\n\n./src/app/auth/signin/page.tsx\n10:9  Warning: 'router' is assigned a value but never used.  @typescript-eslint/no-unused-vars\n98:18  Error: `'` can be escaped with `&apos;`, `&lsquo;`, `&#39;`, `&rsquo;`.  react/no-unescaped-entities\n\n./src/app/auth/signup/page.tsx\n41:53  Error: Unexpected any. Specify a different type.  @typescript-eslint/no-explicit-any\n\n./src/app/dashboard/DashboardLayoutClient.tsx\n5:10  Warning: 'Header' is defined but never used.  @typescript-eslint/no-unused-vars\n13:9  Error: Unexpected any. Specify a different type.  @typescript-eslint/no-explicit-any\n14:16  Error: Unexpected any. Specify a different type.  @typescript-eslint/no-explicit-any\n15:18  Error: Unexpected any. Specify a different type.  @typescript-eslint/no-explicit-any\n26:10  Warning: 'mounted' is assigned a value but never used.  @typescript-eslint/no-unused-vars\n\n./src/app/dashboard/design-system-demo/page3.tsx\n22:3  Warning: 'AlertCircle' is defined but never used.  @typescript-eslint/no-unused-vars\n29:3  Warning: 'User' is defined but never used.  @typescript-eslint/no-unused-vars\n33:3  Warning: 'Star' is defined but never used.  @typescript-eslint/no-unused-vars\n34:3  Warning: 'Heart' is defined but never used.  @typescript-eslint/no-unused-vars\n35:3  Warning: 'Share2' is defined but never used.  @typescript-eslint/no-unused-vars\n37:3  Warning: 'Edit' is defined but never used.  @typescript-eslint/no-unused-vars\n38:3  Warning: 'Trash' is defined but never used.  @typescript-eslint/no-unused-vars\n40:3  Warning: 'EyeOff' is defined but never used.  @typescript-eslint/no-unused-vars\n41:3  Warning: 'ChevronDown' is defined but never used.  @typescript-eslint/no-unused-vars\n42:3  Warning: 'ChevronRight' is defined but never used.  @typescript-eslint/no-unused-vars\n43:3  Warning: 'ArrowRight' is defined but never used.  @typescript-eslint/no-unused-vars\n44:3  Warning: 'Play' is defined but never used.  @typescript-eslint/no-unused-vars\n45:3  Warning: 'Pause' is defined but never used.  @typescript-eslint/no-unused-vars\n46:3  Warning: 'SkipBack' is defined but never used.  @typescript-eslint/no-unused-vars\n47:3  Warning: 'SkipForward' is defined but never used.  @typescript-eslint/no-unused-vars\n48:3  Warning: 'Volume2' is defined but never used.  @typescript-eslint/no-unused-vars\n49:3  Warning: 'Mic' is defined but never used.  @typescript-eslint/no-unused-vars\n50:3  Warning: 'MicOff' is defined but never used.  @typescript-eslint/no-unused-vars\n51:3  Warning: 'Camera' is defined but never used.  @typescript-eslint/no-unused-vars\n52:3  Warning: 'CameraOff' is defined but never used.  @typescript-eslint/no-unused-vars\n421:23  Warning: 'setSidebarOpen' is assigned a value but never used.  @typescript-eslint/no-unused-vars\n\n./src/app/dashboard/development/page.tsx\n8:10  Warning: 'Alert' is defined but never used.  @typescript-eslint/no-unused-vars\n8:17  Warning: 'AlertDescription' is defined but never used.  @typescript-eslint/no-unused-vars\n12:3  Warning: 'BugIcon' is defined but never used.  @typescript-eslint/no-unused-vars\n18:3  Warning: 'BarChart3Icon' is defined but never used.  @typescript-eslint/no-unused-vars\n20:3  Warning: 'RefreshCwIcon' is defined but never used.  @typescript-eslint/no-unused-vars\n21:3  Warning: 'DownloadIcon' is defined but never used.  @typescript-eslint/no-unused-vars\n\n./src/app/dashboard/layout.tsx\n1:10  Warning: 'getServerSession' is defined but never used.  @typescript-eslint/no-unused-vars\n2:23  Warning: 'getCurrentUser' is defined but never used.  @typescript-eslint/no-unused-vars\n3:10  Warning: 'redirect' is defined but never used.  @typescript-eslint/no-unused-vars\n4:8  Warning: 'Link' is defined but never used.  @typescript-eslint/no-unused-vars\n5:10  Warning: 'authOptions' is defined but never used.  @typescript-eslint/no-unused-vars\n7:10  Warning: 'Header' is defined but never used.  @typescript-eslint/no-unused-vars\n8:10  Warning: 'RoleSwitch' is defined but never used.  @typescript-eslint/no-unused-vars\n9:10  Warning: 'SidebarWrapper' is defined but never used.  @typescript-eslint/no-unused-vars\n\n./src/app/dashboard/meeting-intelligence/action-items/page.tsx\n12:3  Warning: 'Target' is defined but never used.  @typescript-eslint/no-unused-vars\n14:3  Warning: 'X' is defined but never used.  @typescript-eslint/no-unused-vars\n73:10  Warning: 'selectedItem' is assigned a value but never used.  @typescript-eslint/no-unused-vars\n78:6  Warning: React Hook useEffect has a missing dependency: 'fetchActionItems'. Either include it or remove the dependency array.  react-hooks/exhaustive-deps\n93:55  Error: Unexpected any. Specify a different type.  @typescript-eslint/no-explicit-any\n\n./src/app/dashboard/meeting-intelligence/analytics/page.tsx\n5:3  Warning: 'BarChart3' is defined but never used.  @typescript-eslint/no-unused-vars\n51:6  Warning: React Hook useEffect has a missing dependency: 'fetchAnalytics'. Either include it or remove the dependency array.  react-hooks/exhaustive-deps\n130:61  Error: Unexpected any. Specify a different type.  @typescript-eslint/no-explicit-any\n\n./src/app/dashboard/meeting-intelligence/continuity/page.tsx\n15:3  Warning: 'TrendingUp' is defined but never used.  @typescript-eslint/no-unused-vars\n75:10  Warning: 'selectedChain' is assigned a value but never used.  @typescript-eslint/no-unused-vars\n75:25  Warning: 'setSelectedChain' is assigned a value but never used.  @typescript-eslint/no-unused-vars\n\n./src/app/dashboard/meeting-intelligence/page.tsx\n2:55  Warning: 'MeetingContinuityService' is defined but never used.  @typescript-eslint/no-unused-vars\n20:9  Warning: 'actionStats' is assigned a value but never used.  @typescript-eslint/no-unused-vars\n116:34  Error: Unexpected any. Specify a different type.  @typescript-eslint/no-explicit-any\n142:37  Error: Unexpected any. Specify a different type.  @typescript-eslint/no-explicit-any\n\n./src/app/dashboard/meeting-intelligence/role-tasks/page.tsx\n7:3  Warning: 'Target' is defined but never used.  @typescript-eslint/no-unused-vars\n8:3  Warning: 'CheckSquare' is defined but never used.  @typescript-eslint/no-unused-vars\n9:3  Warning: 'Clock' is defined but never used.  @typescript-eslint/no-unused-vars\n10:3  Warning: 'AlertCircle' is defined but never used.  @typescript-eslint/no-unused-vars\n11:3  Warning: 'TrendingUp' is defined but never used.  @typescript-eslint/no-unused-vars\n78:10  Warning: 'selectedRole' is assigned a value but never used.  @typescript-eslint/no-unused-vars\n78:24  Warning: 'setSelectedRole' is assigned a value but never used.  @typescript-eslint/no-unused-vars\n82:62  Error: Unexpected any. Specify a different type.  @typescript-eslint/no-explicit-any\n86:6  Warning: React Hook useEffect has a missing dependency: 'fetchRoleTasks'. Either include it or remove the dependency array.  react-hooks/exhaustive-deps\n96:59  Error: Unexpected any. Specify a different type.  @typescript-eslint/no-explicit-any\n98:50  Error: Unexpected any. Specify a different type.  @typescript-eslint/no-explicit-any\n\n./src/app/dashboard/meeting-intelligence/search/page.tsx\n4:28  Warning: 'Filter' is defined but never used.  @typescript-eslint/no-unused-vars\n57:9  Warning: 'router' is assigned a value but never used.  @typescript-eslint/no-unused-vars\n99:69  Error: Unexpected any. Specify a different type.  @typescript-eslint/no-explicit-any\n106:69  Error: Unexpected any. Specify a different type.  @typescript-eslint/no-explicit-any\n185:64  Error: Unexpected any. Specify a different type.  @typescript-eslint/no-explicit-any\n341:36  Error: `\"` can be escaped with `&quot;`, `&ldquo;`, `&#34;`, `&rdquo;`.  react/no-unescaped-entities\n341:53  Error: `\"` can be escaped with `&quot;`, `&ldquo;`, `&#34;`, `&rdquo;`.  react/no-unescaped-entities\n361:22  Error: `\"` can be escaped with `&quot;`, `&ldquo;`, `&#34;`, `&rdquo;`.  react/no-unescaped-entities\n361:29  Error: `\"` can be escaped with `&quot;`, `&ldquo;`, `&#34;`, `&rdquo;`.  react/no-unescaped-entities\n367:22  Error: `\"` can be escaped with `&quot;`, `&ldquo;`, `&#34;`, `&rdquo;`.  react/no-unescaped-entities\n367:31  Error: `\"` can be escaped with `&quot;`, `&ldquo;`, `&#34;`, `&rdquo;`.  react/no-unescaped-entities\n373:22  Error: `\"` can be escaped with `&quot;`, `&ldquo;`, `&#34;`, `&rdquo;`.  react/no-unescaped-entities\n373:28  Error: `\"` can be escaped with `&quot;`, `&ldquo;`, `&#34;`, `&rdquo;`.  react/no-unescaped-entities\n\n./src/app/dashboard/meetings/[id]/edit/MeetingEditForm.tsx\n6:10  Warning: 'Input' is defined but never used.  @typescript-eslint/no-unused-vars\n40:44  Warning: 'users' is defined but never used.  @typescript-eslint/no-unused-vars\n64:46  Error: Unexpected any. Specify a different type.  @typescript-eslint/no-explicit-any\n\n./src/app/dashboard/meetings/new/page.tsx\n14:9  Warning: 'currentStaff' is assigned a value but never used.  @typescript-eslint/no-unused-vars\n79:20  Error: Unexpected any. Specify a different type.  @typescript-eslint/no-explicit-any\n147:15  Warning: 'timeDiff' is assigned a value but never used.  @typescript-eslint/no-unused-vars\n152:13  Error: 'currentDate' is never reassigned. Use 'const' instead.  prefer-const\n278:21  Error: Unexpected any. Specify a different type.  @typescript-eslint/no-explicit-any\n\n./src/app/dashboard/meetings/page.tsx\n4:29  Warning: 'CardDescription' is defined but never used.  @typescript-eslint/no-unused-vars\n4:46  Warning: 'CardHeader' is defined but never used.  @typescript-eslint/no-unused-vars\n4:58  Warning: 'CardTitle' is defined but never used.  @typescript-eslint/no-unused-vars\n6:10  Warning: 'Plus' is defined but never used.  @typescript-eslint/no-unused-vars\n24:9  Warning: 'router' is assigned a value but never used.  @typescript-eslint/no-unused-vars\n\n./src/app/dashboard/monitoring/page.tsx\n6:9  Warning: 'user' is assigned a value but never used.  @typescript-eslint/no-unused-vars\n\n./src/app/dashboard/page.tsx\n2:10  Warning: 'getServerSession' is defined but never used.  @typescript-eslint/no-unused-vars\n3:23  Warning: 'getCurrentUser' is defined but never used.  @typescript-eslint/no-unused-vars\n4:10  Warning: 'authOptions' is defined but never used.  @typescript-eslint/no-unused-vars\n186:72  Error: `'` can be escaped with `&apos;`, `&lsquo;`, `&#39;`, `&rsquo;`.  react/no-unescaped-entities\n187:13  Error: Do not use an `<a>` element to navigate to `/dashboard/meetings/`. Use `<Link />` from `next/link` instead. See: https://nextjs.org/docs/messages/no-html-link-for-pages  @next/next/no-html-link-for-pages\n187:13  Error: Do not use an `<a>` element to navigate to `/dashboard/meetings/`. Use `<Link />` from `next/link` instead. See: https://nextjs.org/docs/messages/no-html-link-for-pages  @next/next/no-html-link-for-pages\n196:57  Error: Unexpected any. Specify a different type.  @typescript-eslint/no-explicit-any\n219:17  Error: Do not use an `<a>` element to navigate to `/dashboard/meetings/`. Use `<Link />` from `next/link` instead. See: https://nextjs.org/docs/messages/no-html-link-for-pages  @next/next/no-html-link-for-pages\n219:17  Error: Do not use an `<a>` element to navigate to `/dashboard/meetings/`. Use `<Link />` from `next/link` instead. See: https://nextjs.org/docs/messages/no-html-link-for-pages  @next/next/no-html-link-for-pages\n263:15  Error: Do not use an `<a>` element to navigate to `/dashboard/meetings/`. Use `<Link />` from `next/link` instead. See: https://nextjs.org/docs/messages/no-html-link-for-pages  @next/next/no-html-link-for-pages\n263:15  Error: Do not use an `<a>` element to navigate to `/dashboard/meetings/`. Use `<Link />` from `next/link` instead. See: https://nextjs.org/docs/messages/no-html-link-for-pages  @next/next/no-html-link-for-pages\n\n./src/app/dashboard/settings/admin/page.tsx\n13:9  Warning: 'user' is assigned a value but never used.  @typescript-eslint/no-unused-vars\n\n./src/app/dashboard/settings/audit/page.tsx\n2:10  Warning: 'getServerSession' is defined but never used.  @typescript-eslint/no-unused-vars\n3:23  Warning: 'getCurrentUser' is defined but never used.  @typescript-eslint/no-unused-vars\n5:10  Warning: 'authOptions' is defined but never used.  @typescript-eslint/no-unused-vars\n58:20  Error: Unexpected any. Specify a different type.  @typescript-eslint/no-explicit-any\n107:39  Warning: 'category' is assigned a value but never used.  @typescript-eslint/no-unused-vars\n\n./src/app/dashboard/settings/audit-logs/AuditLogsClient.tsx\n168:10  Warning: 'isLegacyLog' is defined but never used.  @typescript-eslint/no-unused-vars\n292:6  Warning: React Hook useCallback has a missing dependency: 'pagination'. Either include it or remove the dependency array. You can also do a functional update 'setPagination(p => ...)' if you only need 'pagination' in the 'setPagination' call.  react-hooks/exhaustive-deps\n\n./src/app/dashboard/settings/backup/BackupClient.tsx\n20:3  Warning: 'Shield' is defined but never used.  @typescript-eslint/no-unused-vars\n122:6  Warning: React Hook useEffect has a missing dependency: 'backupComponents'. Either include it or remove the dependency array.  react-hooks/exhaustive-deps\n207:13  Warning: 'result' is assigned a value but never used.  @typescript-eslint/no-unused-vars\n234:9  Warning: 'createBackup' is assigned a value but never used.  @typescript-eslint/no-unused-vars\n267:6  Warning: React Hook useEffect has a missing dependency: 'fetchBackupData'. Either include it or remove the dependency array.  react-hooks/exhaustive-deps\n\n./src/app/dashboard/settings/backup/page.tsx\n12:9  Warning: 'user' is assigned a value but never used.  @typescript-eslint/no-unused-vars\n\n./src/app/dashboard/settings/meeting-audit/page.tsx\n3:10  Warning: 'redirect' is defined but never used.  @typescript-eslint/no-unused-vars\n4:10  Warning: 'prisma' is defined but never used.  @typescript-eslint/no-unused-vars\n13:9  Warning: 'user' is assigned a value but never used.  @typescript-eslint/no-unused-vars\n\n./src/app/dashboard/settings/meeting-management/page.tsx\n2:10  Warning: 'getServerSession' is defined but never used.  @typescript-eslint/no-unused-vars\n3:23  Warning: 'getCurrentUser' is defined but never used.  @typescript-eslint/no-unused-vars\n5:10  Warning: 'authOptions' is defined but never used.  @typescript-eslint/no-unused-vars\n\n./src/app/dashboard/settings/meeting-permissions/page.tsx\n3:10  Warning: 'redirect' is defined but never used.  @typescript-eslint/no-unused-vars\n4:10  Warning: 'prisma' is defined but never used.  @typescript-eslint/no-unused-vars\n13:9  Warning: 'user' is assigned a value but never used.  @typescript-eslint/no-unused-vars\n\n./src/app/dashboard/settings/meeting-templates/MeetingTemplatesClient.tsx\n3:20  Warning: 'useEffect' is defined but never used.  @typescript-eslint/no-unused-vars\n9:10  Warning: 'Select' is defined but never used.  @typescript-eslint/no-unused-vars\n9:18  Warning: 'SelectContent' is defined but never used.  @typescript-eslint/no-unused-vars\n9:33  Warning: 'SelectItem' is defined but never used.  @typescript-eslint/no-unused-vars\n9:45  Warning: 'SelectTrigger' is defined but never used.  @typescript-eslint/no-unused-vars\n9:60  Warning: 'SelectValue' is defined but never used.  @typescript-eslint/no-unused-vars\n\n./src/app/dashboard/settings/meeting-templates/page.tsx\n13:9  Warning: 'user' is assigned a value but never used.  @typescript-eslint/no-unused-vars\n\n./src/app/dashboard/settings/notifications/page.tsx\n7:56  Warning: 'AlertTriangle' is defined but never used.  @typescript-eslint/no-unused-vars\n\n./src/app/dashboard/settings/page.tsx\n1:10  Warning: 'getServerSession' is defined but never used.  @typescript-eslint/no-unused-vars\n2:23  Warning: 'getCurrentUser' is defined but never used.  @typescript-eslint/no-unused-vars\n3:10  Warning: 'redirect' is defined but never used.  @typescript-eslint/no-unused-vars\n4:10  Warning: 'authOptions' is defined but never used.  @typescript-eslint/no-unused-vars\n7:9  Warning: 'user' is assigned a value but never used.  @typescript-eslint/no-unused-vars\n\n./src/app/dashboard/settings/permissions/page.tsx\n4:10  Warning: 'Button' is defined but never used.  @typescript-eslint/no-unused-vars\n16:9  Warning: 'user' is assigned a value but never used.  @typescript-eslint/no-unused-vars\n\n./src/app/dashboard/settings/profile/page.tsx\n5:18  Warning: 'FiUser' is defined but never used.  @typescript-eslint/no-unused-vars\n5:34  Warning: 'FiMail' is defined but never used.  @typescript-eslint/no-unused-vars\n14:17  Warning: 'session' is assigned a value but never used.  @typescript-eslint/no-unused-vars\n44:16  Warning: 'error' is defined but never used.  @typescript-eslint/no-unused-vars\n\n./src/app/dashboard/settings/role-hierarchy/layout.tsx\n48:36  Error: Unexpected any. Specify a different type.  @typescript-eslint/no-explicit-any\n\n./src/app/dashboard/settings/role-hierarchy/management/page.tsx\n11:9  Warning: 'user' is assigned a value but never used.  @typescript-eslint/no-unused-vars\n\n./src/app/dashboard/settings/role-hierarchy/page.tsx\n3:8  Warning: 'Link' is defined but never used.  @typescript-eslint/no-unused-vars\n4:10  Warning: 'useState' is defined but never used.  @typescript-eslint/no-unused-vars\n4:20  Warning: 'useEffect' is defined but never used.  @typescript-eslint/no-unused-vars\n5:17  Warning: 'FiEye' ",
      "timestamp": "2025-08-09T01:57:06.392Z"
    },
    {
      "message": "  2. ❌ Unit Tests - FAILED: spawnSync /bin/sh ENOBUFS",
      "timestamp": "2025-08-09T01:57:06.407Z"
    },
    {
      "message": "  3. \n⚠️ WARNINGS (2):",
      "timestamp": "2025-08-09T01:57:06.407Z"
    }
  ],
  "readyForProduction": false
}