{"numFailedTestSuites":1,"numFailedTests":4,"numPassedTestSuites":0,"numPassedTests":0,"numPendingTestSuites":0,"numPendingTests":0,"numRuntimeErrorTestSuites":0,"numTodoTests":0,"numTotalTestSuites":1,"numTotalTests":4,"openHandles":[],"snapshot":{"added":0,"didUpdate":false,"failure":false,"filesAdded":0,"filesRemoved":0,"filesRemovedList":[],"filesUnmatched":0,"filesUpdated":0,"matched":0,"total":0,"unchecked":0,"uncheckedKeysByFile":[],"unmatched":0,"updated":0},"startTime":1755836687702,"success":false,"testResults":[{"assertionResults":[{"ancestorTitles":["Tabs"],"duration":32,"failing":false,"failureDetails":[{"name":"TestingLibraryElementError"}],"failureMessages":["TestingLibraryElementError: Unable to find an accessible element with the role \"region\"\n\nThere are no accessible roles. But there might be some inaccessible roles. If you wish to access them, then set the `hidden` option to `true`. Learn more about this here: https://testing-library.com/docs/dom-testing-library/api-queries#byrole\n\nIgnored nodes: comments, script, style\n\u001b[36m<body>\u001b[39m\n  \u001b[36m<div>\u001b[39m\n    \u001b[36m<div\u001b[39m\n      \u001b[33mclass\u001b[39m=\u001b[32m\"w-full test-value\"\u001b[39m\n    \u001b[36m>\u001b[39m\n      \u001b[0mtest-value\u001b[0m\n    \u001b[36m</div>\u001b[39m\n  \u001b[36m</div>\u001b[39m\n\u001b[36m</body>\u001b[39m\n    at Object.getElementError (/Users/hs/Project/agendaiq/node_modules/@testing-library/dom/dist/config.js:37:19)\n    at /Users/hs/Project/agendaiq/node_modules/@testing-library/dom/dist/query-helpers.js:76:38\n    at /Users/hs/Project/agendaiq/node_modules/@testing-library/dom/dist/query-helpers.js:52:17\n    at /Users/hs/Project/agendaiq/node_modules/@testing-library/dom/dist/query-helpers.js:95:19\n    at Object.getByRole (/Users/hs/Project/agendaiq/src/__tests__/unit/components/tabs.test.tsx:19:19)\n    at Promise.finally.completed (/Users/hs/Project/agendaiq/node_modules/jest-circus/build/jestAdapterInit.js:1559:28)\n    at new Promise (<anonymous>)\n    at callAsyncCircusFn (/Users/hs/Project/agendaiq/node_modules/jest-circus/build/jestAdapterInit.js:1499:10)\n    at _callCircusTest (/Users/hs/Project/agendaiq/node_modules/jest-circus/build/jestAdapterInit.js:1009:40)\n    at processTicksAndRejections (node:internal/process/task_queues:105:5)\n    at _runTest (/Users/hs/Project/agendaiq/node_modules/jest-circus/build/jestAdapterInit.js:949:3)\n    at _runTestsForDescribeBlock (/Users/hs/Project/agendaiq/node_modules/jest-circus/build/jestAdapterInit.js:839:13)\n    at _runTestsForDescribeBlock (/Users/hs/Project/agendaiq/node_modules/jest-circus/build/jestAdapterInit.js:829:11)\n    at run (/Users/hs/Project/agendaiq/node_modules/jest-circus/build/jestAdapterInit.js:757:3)\n    at runAndTransformResultsToJestFormat (/Users/hs/Project/agendaiq/node_modules/jest-circus/build/jestAdapterInit.js:1920:21)\n    at jestAdapter (/Users/hs/Project/agendaiq/node_modules/jest-circus/build/runner.js:101:19)\n    at runTestInternal (/Users/hs/Project/agendaiq/node_modules/jest-runner/build/index.js:275:16)\n    at runTest (/Users/hs/Project/agendaiq/node_modules/jest-runner/build/index.js:343:7)"],"fullName":"Tabs renders without crashing","invocations":1,"location":null,"numPassingAsserts":0,"retryReasons":[],"startAt":1755836688238,"status":"failed","title":"renders without crashing"},{"ancestorTitles":["Tabs"],"duration":3,"failing":false,"failureDetails":[{"name":"TestingLibraryElementError"}],"failureMessages":["TestingLibraryElementError: Unable to find an accessible element with the role \"textbox\"\n\nThere are no accessible roles. But there might be some inaccessible roles. If you wish to access them, then set the `hidden` option to `true`. Learn more about this here: https://testing-library.com/docs/dom-testing-library/api-queries#byrole\n\nIgnored nodes: comments, script, style\n\u001b[36m<body>\u001b[39m\n  \u001b[36m<div>\u001b[39m\n    \u001b[36m<div\u001b[39m\n      \u001b[33mclass\u001b[39m=\u001b[32m\"w-full test-value\"\u001b[39m\n    \u001b[36m>\u001b[39m\n      \u001b[0mtest-value\u001b[0m\n    \u001b[36m</div>\u001b[39m\n  \u001b[36m</div>\u001b[39m\n\u001b[36m</body>\u001b[39m\n    at Object.getElementError (/Users/hs/Project/agendaiq/node_modules/@testing-library/dom/dist/config.js:37:19)\n    at /Users/hs/Project/agendaiq/node_modules/@testing-library/dom/dist/query-helpers.js:76:38\n    at /Users/hs/Project/agendaiq/node_modules/@testing-library/dom/dist/query-helpers.js:52:17\n    at /Users/hs/Project/agendaiq/node_modules/@testing-library/dom/dist/query-helpers.js:95:19\n    at Object.getByRole (/Users/hs/Project/agendaiq/src/__tests__/unit/components/tabs.test.tsx:31:26)\n    at Promise.finally.completed (/Users/hs/Project/agendaiq/node_modules/jest-circus/build/jestAdapterInit.js:1559:28)\n    at new Promise (<anonymous>)\n    at callAsyncCircusFn (/Users/hs/Project/agendaiq/node_modules/jest-circus/build/jestAdapterInit.js:1499:10)\n    at _callCircusTest (/Users/hs/Project/agendaiq/node_modules/jest-circus/build/jestAdapterInit.js:1009:40)\n    at processTicksAndRejections (node:internal/process/task_queues:105:5)\n    at _runTest (/Users/hs/Project/agendaiq/node_modules/jest-circus/build/jestAdapterInit.js:949:3)\n    at _runTestsForDescribeBlock (/Users/hs/Project/agendaiq/node_modules/jest-circus/build/jestAdapterInit.js:839:13)\n    at _runTestsForDescribeBlock (/Users/hs/Project/agendaiq/node_modules/jest-circus/build/jestAdapterInit.js:829:11)\n    at run (/Users/hs/Project/agendaiq/node_modules/jest-circus/build/jestAdapterInit.js:757:3)\n    at runAndTransformResultsToJestFormat (/Users/hs/Project/agendaiq/node_modules/jest-circus/build/jestAdapterInit.js:1920:21)\n    at jestAdapter (/Users/hs/Project/agendaiq/node_modules/jest-circus/build/runner.js:101:19)\n    at runTestInternal (/Users/hs/Project/agendaiq/node_modules/jest-runner/build/index.js:275:16)\n    at runTest (/Users/hs/Project/agendaiq/node_modules/jest-runner/build/index.js:343:7)"],"fullName":"Tabs updates state correctly","invocations":1,"location":null,"numPassingAsserts":0,"retryReasons":[],"startAt":1755836688273,"status":"failed","title":"updates state correctly"},{"ancestorTitles":["Tabs"],"duration":1,"failing":false,"failureDetails":[{}],"failureMessages":["ReferenceError: __defaultProps is not defined\n    at Object.__defaultProps (/Users/hs/Project/agendaiq/src/__tests__/unit/components/tabs.test.tsx:43:17)\n    at Promise.finally.completed (/Users/hs/Project/agendaiq/node_modules/jest-circus/build/jestAdapterInit.js:1559:28)\n    at new Promise (<anonymous>)\n    at callAsyncCircusFn (/Users/hs/Project/agendaiq/node_modules/jest-circus/build/jestAdapterInit.js:1499:10)\n    at _callCircusTest (/Users/hs/Project/agendaiq/node_modules/jest-circus/build/jestAdapterInit.js:1009:40)\n    at processTicksAndRejections (node:internal/process/task_queues:105:5)\n    at _runTest (/Users/hs/Project/agendaiq/node_modules/jest-circus/build/jestAdapterInit.js:949:3)\n    at _runTestsForDescribeBlock (/Users/hs/Project/agendaiq/node_modules/jest-circus/build/jestAdapterInit.js:839:13)\n    at _runTestsForDescribeBlock (/Users/hs/Project/agendaiq/node_modules/jest-circus/build/jestAdapterInit.js:829:11)\n    at run (/Users/hs/Project/agendaiq/node_modules/jest-circus/build/jestAdapterInit.js:757:3)\n    at runAndTransformResultsToJestFormat (/Users/hs/Project/agendaiq/node_modules/jest-circus/build/jestAdapterInit.js:1920:21)\n    at jestAdapter (/Users/hs/Project/agendaiq/node_modules/jest-circus/build/runner.js:101:19)\n    at runTestInternal (/Users/hs/Project/agendaiq/node_modules/jest-runner/build/index.js:275:16)\n    at runTest (/Users/hs/Project/agendaiq/node_modules/jest-runner/build/index.js:343:7)"],"fullName":"Tabs applies custom className","invocations":1,"location":null,"numPassingAsserts":0,"retryReasons":[],"startAt":1755836688276,"status":"failed","title":"applies custom className"},{"ancestorTitles":["Tabs"],"duration":0,"failing":false,"failureDetails":[{}],"failureMessages":["ReferenceError: __defaultProps is not defined\n    at Object.__defaultProps (/Users/hs/Project/agendaiq/src/__tests__/unit/components/tabs.test.tsx:50:57)\n    at Promise.finally.completed (/Users/hs/Project/agendaiq/node_modules/jest-circus/build/jestAdapterInit.js:1559:28)\n    at new Promise (<anonymous>)\n    at callAsyncCircusFn (/Users/hs/Project/agendaiq/node_modules/jest-circus/build/jestAdapterInit.js:1499:10)\n    at _callCircusTest (/Users/hs/Project/agendaiq/node_modules/jest-circus/build/jestAdapterInit.js:1009:40)\n    at processTicksAndRejections (node:internal/process/task_queues:105:5)\n    at _runTest (/Users/hs/Project/agendaiq/node_modules/jest-circus/build/jestAdapterInit.js:949:3)\n    at _runTestsForDescribeBlock (/Users/hs/Project/agendaiq/node_modules/jest-circus/build/jestAdapterInit.js:839:13)\n    at _runTestsForDescribeBlock (/Users/hs/Project/agendaiq/node_modules/jest-circus/build/jestAdapterInit.js:829:11)\n    at run (/Users/hs/Project/agendaiq/node_modules/jest-circus/build/jestAdapterInit.js:757:3)\n    at runAndTransformResultsToJestFormat (/Users/hs/Project/agendaiq/node_modules/jest-circus/build/jestAdapterInit.js:1920:21)\n    at jestAdapter (/Users/hs/Project/agendaiq/node_modules/jest-circus/build/runner.js:101:19)\n    at runTestInternal (/Users/hs/Project/agendaiq/node_modules/jest-runner/build/index.js:275:16)\n    at runTest (/Users/hs/Project/agendaiq/node_modules/jest-runner/build/index.js:343:7)"],"fullName":"Tabs is accessible","invocations":1,"location":null,"numPassingAsserts":0,"retryReasons":[],"startAt":1755836688277,"status":"failed","title":"is accessible"}],"endTime":1755836688287,"message":"  ● Tabs › renders without crashing\n\n    TestingLibraryElementError: Unable to find an accessible element with the role \"region\"\n\n    There are no accessible roles. But there might be some inaccessible roles. If you wish to access them, then set the `hidden` option to `true`. Learn more about this here: https://testing-library.com/docs/dom-testing-library/api-queries#byrole\n\n    Ignored nodes: comments, script, style\n    \u001b[36m<body>\u001b[39m\n      \u001b[36m<div>\u001b[39m\n        \u001b[36m<div\u001b[39m\n          \u001b[33mclass\u001b[39m=\u001b[32m\"w-full test-value\"\u001b[39m\n        \u001b[36m>\u001b[39m\n          \u001b[0mtest-value\u001b[0m\n        \u001b[36m</div>\u001b[39m\n      \u001b[36m</div>\u001b[39m\n    \u001b[36m</body>\u001b[39m\n\n    \u001b[0m \u001b[90m 17 |\u001b[39m     \n     \u001b[90m 18 |\u001b[39m     \u001b[90m// Add specific assertions based on component content\u001b[39m\n    \u001b[31m\u001b[1m>\u001b[22m\u001b[39m\u001b[90m 19 |\u001b[39m     expect(screen\u001b[33m.\u001b[39mgetByRole(\u001b[32m'region'\u001b[39m))\u001b[33m.\u001b[39mtoBeInTheDocument()\n     \u001b[90m    |\u001b[39m                   \u001b[31m\u001b[1m^\u001b[22m\u001b[39m\n     \u001b[90m 20 |\u001b[39m   })\n     \u001b[90m 21 |\u001b[39m\n     \u001b[90m 22 |\u001b[39m   \u001b[0m\n\n      at Object.getElementError (node_modules/@testing-library/dom/dist/config.js:37:19)\n      at node_modules/@testing-library/dom/dist/query-helpers.js:76:38\n      at node_modules/@testing-library/dom/dist/query-helpers.js:52:17\n      at node_modules/@testing-library/dom/dist/query-helpers.js:95:19\n      at Object.getByRole (src/__tests__/unit/components/tabs.test.tsx:19:19)\n\n  ● Tabs › updates state correctly\n\n    TestingLibraryElementError: Unable to find an accessible element with the role \"textbox\"\n\n    There are no accessible roles. But there might be some inaccessible roles. If you wish to access them, then set the `hidden` option to `true`. Learn more about this here: https://testing-library.com/docs/dom-testing-library/api-queries#byrole\n\n    Ignored nodes: comments, script, style\n    \u001b[36m<body>\u001b[39m\n      \u001b[36m<div>\u001b[39m\n        \u001b[36m<div\u001b[39m\n          \u001b[33mclass\u001b[39m=\u001b[32m\"w-full test-value\"\u001b[39m\n        \u001b[36m>\u001b[39m\n          \u001b[0mtest-value\u001b[0m\n        \u001b[36m</div>\u001b[39m\n      \u001b[36m</div>\u001b[39m\n    \u001b[36m</body>\u001b[39m\n\n    \u001b[0m \u001b[90m 29 |\u001b[39m     \n     \u001b[90m 30 |\u001b[39m     \u001b[90m// Add state change interaction test\u001b[39m\n    \u001b[31m\u001b[1m>\u001b[22m\u001b[39m\u001b[90m 31 |\u001b[39m     \u001b[36mconst\u001b[39m input \u001b[33m=\u001b[39m screen\u001b[33m.\u001b[39mgetByRole(\u001b[32m'textbox'\u001b[39m)\n     \u001b[90m    |\u001b[39m                          \u001b[31m\u001b[1m^\u001b[22m\u001b[39m\n     \u001b[90m 32 |\u001b[39m     \u001b[36mawait\u001b[39m user\u001b[33m.\u001b[39mtype(input\u001b[33m,\u001b[39m \u001b[32m'New Value'\u001b[39m)\n     \u001b[90m 33 |\u001b[39m     \n     \u001b[90m 34 |\u001b[39m     expect(input)\u001b[33m.\u001b[39mtoHaveValue(\u001b[32m'New Value'\u001b[39m)\u001b[0m\n\n      at Object.getElementError (node_modules/@testing-library/dom/dist/config.js:37:19)\n      at node_modules/@testing-library/dom/dist/query-helpers.js:76:38\n      at node_modules/@testing-library/dom/dist/query-helpers.js:52:17\n      at node_modules/@testing-library/dom/dist/query-helpers.js:95:19\n      at Object.getByRole (src/__tests__/unit/components/tabs.test.tsx:31:26)\n\n  ● Tabs › applies custom className\n\n    ReferenceError: __defaultProps is not defined\n\n    \u001b[0m \u001b[90m 41 |\u001b[39m   it(\u001b[32m'applies custom className'\u001b[39m\u001b[33m,\u001b[39m () \u001b[33m=>\u001b[39m {\n     \u001b[90m 42 |\u001b[39m     \u001b[36mconst\u001b[39m { container } \u001b[33m=\u001b[39m renderWithProviders(\n    \u001b[31m\u001b[1m>\u001b[22m\u001b[39m\u001b[90m 43 |\u001b[39m       \u001b[33m<\u001b[39m\u001b[33mTabs\u001b[39m {\u001b[33m...\u001b[39m__defaultProps} className\u001b[33m=\u001b[39m\u001b[32m\"custom-class\"\u001b[39m \u001b[33m/\u001b[39m\u001b[33m>\u001b[39m\n     \u001b[90m    |\u001b[39m                 \u001b[31m\u001b[1m^\u001b[22m\u001b[39m\n     \u001b[90m 44 |\u001b[39m     )\n     \u001b[90m 45 |\u001b[39m     \n     \u001b[90m 46 |\u001b[39m     expect(container\u001b[33m.\u001b[39mfirstChild)\u001b[33m.\u001b[39mtoHaveClass(\u001b[32m'custom-class'\u001b[39m)\u001b[0m\n\n      at Object.__defaultProps (src/__tests__/unit/components/tabs.test.tsx:43:17)\n\n  ● Tabs › is accessible\n\n    ReferenceError: __defaultProps is not defined\n\n    \u001b[0m \u001b[90m 48 |\u001b[39m\n     \u001b[90m 49 |\u001b[39m   it(\u001b[32m'is accessible'\u001b[39m\u001b[33m,\u001b[39m () \u001b[33m=>\u001b[39m {\n    \u001b[31m\u001b[1m>\u001b[22m\u001b[39m\u001b[90m 50 |\u001b[39m     \u001b[36mconst\u001b[39m { container } \u001b[33m=\u001b[39m renderWithProviders(\u001b[33m<\u001b[39m\u001b[33mTabs\u001b[39m {\u001b[33m...\u001b[39m__defaultProps} \u001b[33m/\u001b[39m\u001b[33m>\u001b[39m)\n     \u001b[90m    |\u001b[39m                                                         \u001b[31m\u001b[1m^\u001b[22m\u001b[39m\n     \u001b[90m 51 |\u001b[39m     \n     \u001b[90m 52 |\u001b[39m     \u001b[90m// Basic accessibility checks\u001b[39m\n     \u001b[90m 53 |\u001b[39m     expect(container\u001b[33m.\u001b[39mfirstChild)\u001b[33m.\u001b[39mtoHaveAttribute(\u001b[32m'role'\u001b[39m)\u001b[0m\n\n      at Object.__defaultProps (src/__tests__/unit/components/tabs.test.tsx:50:57)\n","name":"/Users/hs/Project/agendaiq/src/__tests__/unit/components/tabs.test.tsx","startTime":1755836688050,"status":"failed","summary":""}],"wasInterrupted":false}
